<?xml version="1.0" encoding="UTF-8"?>
<testsuites name="AdminFlow" time="73.769" tests="14" failures="0" errors="0">
   <testsuite name="AdminFlow" tests="14" failures="0" errors="0" time="73.769" skipped="0" timestamp="2022-06-27 16:04:45" hostname="user - izzazainf" id="Test Suites/AdminFlow">
      <properties>
         <property name="deviceName" value=""/>
         <property name="devicePlatform" value=""/>
         <property name="logFolder" value="C:\\Users\\user\\git\\sewakantor-testing-apiTest\\Reports\\20220627_160440\\AdminFlow\\20220627_160440"/>
         <property name="logFiles" value="C:\\Users\\user\\git\\sewakantor-testing-apiTest\\Reports\\20220627_160440\\AdminFlow\\20220627_160440\\execution0.log"/>
         <property name="attachments" value=""/>
         <property name="hostName" value="user - izzazainf"/>
         <property name="hostAddress" value="192.168.43.13"/>
         <property name="os" value="Windows 10 64bit"/>
         <property name="katalonVersion" value="8.3.5.208"/>
      </properties>
      <testcase name="Test Cases/Admin/TS1_Authori/TC_Login" time="12.555" classname="Test Cases/Admin/TS1_Authori/TC_Login" status="PASSED">
         <system-out><![CDATA[2022-06-27 16:04:46 - [TEST_CASE][PASSED] - Test Cases/Admin/TS1_Authori/TC_Login: Test Cases/Admin/TS1_Authori/TC_Login

2022-06-27 16:04:47 - [TEST_STEP][PASSED] - for ([i = 0, i < 4, (i++)]): Verify element property value successfully

2022-06-27 16:04:47 - [TEST_STEP][PASSED] - admin_uname = username[i]: null

2022-06-27 16:04:47 - [TEST_STEP][PASSED] - admin_password = password[i]: null

2022-06-27 16:04:47 - [TEST_STEP][PASSED] - rslt = sendRequest(findTestObject("Postman/Admin/Auth/Login")): Send request successfully

2022-06-27 16:04:53 - [MESSAGE][INFO] - HAR: C:\Users\user\git\sewakantor-testing-apiTest\Reports\20220627_160440\AdminFlow\20220627_160440\requests\main\0.har

2022-06-27 16:04:53 - [MESSAGE][PASSED] - Send request successfully

2022-06-27 16:04:53 - [TEST_STEP][PASSED] - if (i == 0): Verify element property value successfully

2022-06-27 16:04:53 - [TEST_STEP][PASSED] - verifyResponseStatusCode(rslt, 400): Verify response status code successfully

2022-06-27 16:04:53 - [MESSAGE][PASSED] - Verify response status code successfully

2022-06-27 16:04:53 - [TEST_STEP][PASSED] - verifyElementPropertyValue(rslt, "message", "password salah"): Verify element property value successfully

2022-06-27 16:04:53 - [MESSAGE][PASSED] - Verify element property value successfully

2022-06-27 16:04:53 - [TEST_STEP][PASSED] - admin_uname = username[i]: null

2022-06-27 16:04:53 - [TEST_STEP][PASSED] - admin_password = password[i]: null

2022-06-27 16:04:53 - [TEST_STEP][PASSED] - rslt = sendRequest(findTestObject("Postman/Admin/Auth/Login")): Send request successfully

2022-06-27 16:04:55 - [MESSAGE][INFO] - HAR: C:\Users\user\git\sewakantor-testing-apiTest\Reports\20220627_160440\AdminFlow\20220627_160440\requests\main\1.har

2022-06-27 16:04:55 - [MESSAGE][PASSED] - Send request successfully

2022-06-27 16:04:55 - [TEST_STEP][PASSED] - if (i == 0): null

2022-06-27 16:04:55 - [TEST_STEP][PASSED] - else if (i == 1): Verify element property value successfully

2022-06-27 16:04:55 - [TEST_STEP][PASSED] - verifyResponseStatusCode(rslt, 404): Verify response status code successfully

2022-06-27 16:04:55 - [MESSAGE][PASSED] - Verify response status code successfully

2022-06-27 16:04:55 - [TEST_STEP][PASSED] - verifyElementPropertyValue(rslt, "message", "user tidak terdaftar"): Verify element property value successfully

2022-06-27 16:04:55 - [MESSAGE][PASSED] - Verify element property value successfully

2022-06-27 16:04:55 - [TEST_STEP][PASSED] - admin_uname = username[i]: null

2022-06-27 16:04:55 - [TEST_STEP][PASSED] - admin_password = password[i]: null

2022-06-27 16:04:55 - [TEST_STEP][PASSED] - rslt = sendRequest(findTestObject("Postman/Admin/Auth/Login")): Send request successfully

2022-06-27 16:04:56 - [MESSAGE][INFO] - HAR: C:\Users\user\git\sewakantor-testing-apiTest\Reports\20220627_160440\AdminFlow\20220627_160440\requests\main\2.har

2022-06-27 16:04:56 - [MESSAGE][PASSED] - Send request successfully

2022-06-27 16:04:56 - [TEST_STEP][PASSED] - if (i == 0): null

2022-06-27 16:04:56 - [TEST_STEP][PASSED] - else if (i == 1): null

2022-06-27 16:04:56 - [TEST_STEP][PASSED] - else if (i == 2): Verify element property value successfully

2022-06-27 16:04:56 - [TEST_STEP][PASSED] - verifyResponseStatusCode(rslt, 400): Verify response status code successfully

2022-06-27 16:04:56 - [MESSAGE][PASSED] - Verify response status code successfully

2022-06-27 16:04:56 - [TEST_STEP][PASSED] - verifyElementPropertyValue(rslt, "message", "Malformed request"): Verify element property value successfully

2022-06-27 16:04:56 - [MESSAGE][PASSED] - Verify element property value successfully

2022-06-27 16:04:56 - [TEST_STEP][PASSED] - admin_uname = username[i]: null

2022-06-27 16:04:56 - [TEST_STEP][PASSED] - admin_password = password[i]: null

2022-06-27 16:04:56 - [TEST_STEP][PASSED] - rslt = sendRequest(findTestObject("Postman/Admin/Auth/Login")): Send request successfully

2022-06-27 16:04:58 - [MESSAGE][INFO] - HAR: C:\Users\user\git\sewakantor-testing-apiTest\Reports\20220627_160440\AdminFlow\20220627_160440\requests\main\3.har

2022-06-27 16:04:58 - [MESSAGE][PASSED] - Send request successfully

2022-06-27 16:04:58 - [TEST_STEP][PASSED] - if (i == 0): null

2022-06-27 16:04:58 - [TEST_STEP][PASSED] - else if (i == 1): null

2022-06-27 16:04:58 - [TEST_STEP][PASSED] - else if (i == 2): null

2022-06-27 16:04:58 - [TEST_STEP][PASSED] - else: Verify element property value successfully

2022-06-27 16:04:58 - [TEST_STEP][PASSED] - verifyResponseStatusCode(rslt, 200): Verify response status code successfully

2022-06-27 16:04:58 - [MESSAGE][PASSED] - Verify response status code successfully

2022-06-27 16:04:58 - [TEST_STEP][PASSED] - verifyElementPropertyValue(rslt, "data.username", username[i]): Verify element property value successfully

2022-06-27 16:04:58 - [MESSAGE][PASSED] - Verify element property value successfully

2022-06-27 16:04:58 - [TEST_STEP][PASSED] - slurper = new groovy.json.JsonSlurper(): null

2022-06-27 16:04:58 - [TEST_STEP][PASSED] - result = slurper.parseText(rslt.getResponseBodyContent()): null

2022-06-27 16:04:58 - [TEST_STEP][PASSED] - value = token: null

2022-06-27 16:04:58 - [TEST_STEP][PASSED] - token = value: null

2022-06-27 16:04:58 - [TEST_STEP][PASSED] - println(token): null]]></system-out>
         <system-err><![CDATA[]]></system-err>
      </testcase>
      <testcase name="Test Cases/Admin/TS3_City/TC_Create One" time="1.907" classname="Test Cases/Admin/TS3_City/TC_Create One" status="PASSED">
         <system-out><![CDATA[2022-06-27 16:04:58 - [TEST_CASE][PASSED] - Test Cases/Admin/TS3_City/TC_Create One: Test Cases/Admin/TS3_City/TC_Create One

2022-06-27 16:04:59 - [TEST_STEP][PASSED] - rslt = sendRequest(findTestObject("Postman/Admin/City/Create One")): Send request successfully

2022-06-27 16:05:00 - [MESSAGE][INFO] - HAR: C:\Users\user\git\sewakantor-testing-apiTest\Reports\20220627_160440\AdminFlow\20220627_160440\requests\main\4.har

2022-06-27 16:05:00 - [MESSAGE][PASSED] - Send request successfully

2022-06-27 16:05:00 - [TEST_STEP][PASSED] - verifyResponseStatusCode(rslt, 200): Verify response status code successfully

2022-06-27 16:05:00 - [MESSAGE][PASSED] - Verify response status code successfully

2022-06-27 16:05:00 - [TEST_STEP][PASSED] - verifyElementPropertyValue(rslt, "data.name", "Bandung"): Verify element property value successfully

2022-06-27 16:05:00 - [MESSAGE][PASSED] - Verify element property value successfully

2022-06-27 16:05:00 - [TEST_STEP][PASSED] - slurper = new groovy.json.JsonSlurper(): null

2022-06-27 16:05:00 - [TEST_STEP][PASSED] - result = slurper.parseText(rslt.getResponseBodyContent()): null

2022-06-27 16:05:00 - [TEST_STEP][PASSED] - value = id: null

2022-06-27 16:05:00 - [TEST_STEP][PASSED] - admin_CreateID = value: null

2022-06-27 16:05:00 - [TEST_STEP][PASSED] - println(admin_CreateID): null]]></system-out>
         <system-err><![CDATA[]]></system-err>
      </testcase>
      <testcase name="Test Cases/Admin/TS3_City/TC_Get All City" time="4.815" classname="Test Cases/Admin/TS3_City/TC_Get All City" status="PASSED">
         <system-out><![CDATA[2022-06-27 16:05:00 - [TEST_CASE][PASSED] - Test Cases/Admin/TS3_City/TC_Get All City: Test Cases/Admin/TS3_City/TC_Get All City

2022-06-27 16:05:01 - [TEST_STEP][PASSED] - for ([i = 0, i < 2, (i++)]): Verify element property value successfully

2022-06-27 16:05:01 - [TEST_STEP][PASSED] - if (i == 0): Verify response status code successfully

2022-06-27 16:05:01 - [TEST_STEP][PASSED] - token = "": null

2022-06-27 16:05:01 - [TEST_STEP][PASSED] - rslt = sendRequest(findTestObject("Postman/Admin/City/Get All")): Send request successfully

2022-06-27 16:05:02 - [MESSAGE][INFO] - HAR: C:\Users\user\git\sewakantor-testing-apiTest\Reports\20220627_160440\AdminFlow\20220627_160440\requests\main\5.har

2022-06-27 16:05:02 - [MESSAGE][PASSED] - Send request successfully

2022-06-27 16:05:02 - [TEST_STEP][PASSED] - verifyResponseStatusCode(rslt, 401): Verify response status code successfully

2022-06-27 16:05:02 - [MESSAGE][PASSED] - Verify response status code successfully

2022-06-27 16:05:02 - [TEST_STEP][PASSED] - if (i == 0): null

2022-06-27 16:05:02 - [TEST_STEP][PASSED] - else if (i == 1): Verify element property value successfully

2022-06-27 16:05:02 - [TEST_STEP][PASSED] - callTestCase(findTestCase("Admin/Dummy Admin/LoginGetToken"), [:], STOP_ON_FAILURE): Call Test Case 'Test Cases/Admin/Dummy Admin/LoginGetToken' successfully

2022-06-27 16:05:02 - [TEST_CASE][PASSED] - Test Cases/Admin/Dummy Admin/LoginGetToken: Test Cases/Admin/Dummy Admin/LoginGetToken

2022-06-27 16:05:03 - [TEST_STEP][PASSED] - admin_uname = "superadmin": null

2022-06-27 16:05:03 - [TEST_STEP][PASSED] - admin_password = "12345": null

2022-06-27 16:05:03 - [TEST_STEP][PASSED] - rslt = sendRequest(findTestObject("Postman/Admin/Auth/Login")): Send request successfully

2022-06-27 16:05:04 - [MESSAGE][INFO] - HAR: C:\Users\user\git\sewakantor-testing-apiTest\Reports\20220627_160440\AdminFlow\20220627_160440\requests\main\6.har

2022-06-27 16:05:04 - [MESSAGE][PASSED] - Send request successfully

2022-06-27 16:05:04 - [TEST_STEP][PASSED] - slurper = new groovy.json.JsonSlurper(): null

2022-06-27 16:05:04 - [TEST_STEP][PASSED] - result = slurper.parseText(rslt.getResponseBodyContent()): null

2022-06-27 16:05:04 - [TEST_STEP][PASSED] - value = token: null

2022-06-27 16:05:04 - [TEST_STEP][PASSED] - token = value: null

2022-06-27 16:05:04 - [TEST_STEP][PASSED] - println(token): null

2022-06-27 16:05:04 - [MESSAGE][PASSED] - Call Test Case 'Test Cases/Admin/Dummy Admin/LoginGetToken' successfully

2022-06-27 16:05:04 - [TEST_STEP][PASSED] - rslt = sendRequest(findTestObject("Postman/Admin/City/Get All")): Send request successfully

2022-06-27 16:05:05 - [MESSAGE][INFO] - HAR: C:\Users\user\git\sewakantor-testing-apiTest\Reports\20220627_160440\AdminFlow\20220627_160440\requests\main\7.har

2022-06-27 16:05:05 - [MESSAGE][PASSED] - Send request successfully

2022-06-27 16:05:05 - [TEST_STEP][PASSED] - verifyResponseStatusCode(rslt, 200): Verify response status code successfully

2022-06-27 16:05:05 - [MESSAGE][PASSED] - Verify response status code successfully

2022-06-27 16:05:05 - [TEST_STEP][PASSED] - verifyElementPropertyValue(rslt, "message", "list city"): Verify element property value successfully

2022-06-27 16:05:05 - [MESSAGE][PASSED] - Verify element property value successfully]]></system-out>
         <system-err><![CDATA[]]></system-err>
      </testcase>
      <testcase name="Test Cases/Admin/TS3_City/TC_Get One City" time="7.243" classname="Test Cases/Admin/TS3_City/TC_Get One City" status="PASSED">
         <system-out><![CDATA[2022-06-27 16:05:05 - [TEST_CASE][PASSED] - Test Cases/Admin/TS3_City/TC_Get One City: Test Cases/Admin/TS3_City/TC_Get One City

2022-06-27 16:05:06 - [TEST_STEP][PASSED] - for ([i = 0, i < 4, (i++)]): Verify element property value successfully

2022-06-27 16:05:06 - [TEST_STEP][PASSED] - if (i == 0): Verify response status code successfully

2022-06-27 16:05:06 - [TEST_STEP][PASSED] - token = "": null

2022-06-27 16:05:06 - [TEST_STEP][PASSED] - rslt = sendRequest(findTestObject("Postman/Admin/City/Get One")): Send request successfully

2022-06-27 16:05:07 - [MESSAGE][INFO] - HAR: C:\Users\user\git\sewakantor-testing-apiTest\Reports\20220627_160440\AdminFlow\20220627_160440\requests\main\8.har

2022-06-27 16:05:07 - [MESSAGE][PASSED] - Send request successfully

2022-06-27 16:05:07 - [TEST_STEP][PASSED] - verifyResponseStatusCode(rslt, 401): Verify response status code successfully

2022-06-27 16:05:07 - [MESSAGE][PASSED] - Verify response status code successfully

2022-06-27 16:05:07 - [TEST_STEP][PASSED] - if (i == 0): null

2022-06-27 16:05:07 - [TEST_STEP][PASSED] - else if (i == 1): Verify element property value successfully

2022-06-27 16:05:07 - [TEST_STEP][PASSED] - admin_CityID = 1: null

2022-06-27 16:05:07 - [TEST_STEP][PASSED] - callTestCase(findTestCase("Admin/Dummy Admin/LoginGetToken"), [:], STOP_ON_FAILURE): Call Test Case 'Test Cases/Admin/Dummy Admin/LoginGetToken' successfully

2022-06-27 16:05:07 - [TEST_CASE][PASSED] - Test Cases/Admin/Dummy Admin/LoginGetToken: Test Cases/Admin/Dummy Admin/LoginGetToken

2022-06-27 16:05:07 - [TEST_STEP][PASSED] - admin_uname = "superadmin": null

2022-06-27 16:05:07 - [TEST_STEP][PASSED] - admin_password = "12345": null

2022-06-27 16:05:07 - [TEST_STEP][PASSED] - rslt = sendRequest(findTestObject("Postman/Admin/Auth/Login")): Send request successfully

2022-06-27 16:05:09 - [MESSAGE][INFO] - HAR: C:\Users\user\git\sewakantor-testing-apiTest\Reports\20220627_160440\AdminFlow\20220627_160440\requests\main\9.har

2022-06-27 16:05:09 - [MESSAGE][PASSED] - Send request successfully

2022-06-27 16:05:09 - [TEST_STEP][PASSED] - slurper = new groovy.json.JsonSlurper(): null

2022-06-27 16:05:09 - [TEST_STEP][PASSED] - result = slurper.parseText(rslt.getResponseBodyContent()): null

2022-06-27 16:05:09 - [TEST_STEP][PASSED] - value = token: null

2022-06-27 16:05:09 - [TEST_STEP][PASSED] - token = value: null

2022-06-27 16:05:09 - [TEST_STEP][PASSED] - println(token): null

2022-06-27 16:05:09 - [MESSAGE][PASSED] - Call Test Case 'Test Cases/Admin/Dummy Admin/LoginGetToken' successfully

2022-06-27 16:05:09 - [TEST_STEP][PASSED] - rslt = sendRequest(findTestObject("Postman/Admin/City/Get One")): Send request successfully

2022-06-27 16:05:10 - [MESSAGE][INFO] - HAR: C:\Users\user\git\sewakantor-testing-apiTest\Reports\20220627_160440\AdminFlow\20220627_160440\requests\main\10.har

2022-06-27 16:05:10 - [MESSAGE][PASSED] - Send request successfully

2022-06-27 16:05:10 - [TEST_STEP][PASSED] - verifyResponseStatusCode(rslt, 200): Verify response status code successfully

2022-06-27 16:05:10 - [MESSAGE][PASSED] - Verify response status code successfully

2022-06-27 16:05:10 - [TEST_STEP][PASSED] - verifyElementPropertyValue(rslt, "message", "list city"): Verify element property value successfully

2022-06-27 16:05:10 - [MESSAGE][PASSED] - Verify element property value successfully

2022-06-27 16:05:10 - [TEST_STEP][PASSED] - if (i == 0): null

2022-06-27 16:05:10 - [TEST_STEP][PASSED] - else if (i == 1): null

2022-06-27 16:05:10 - [TEST_STEP][PASSED] - else if (i == 2): Verify element property value successfully

2022-06-27 16:05:10 - [TEST_STEP][PASSED] - admin_CityID = notFound: null

2022-06-27 16:05:10 - [TEST_STEP][PASSED] - rslt = sendRequest(findTestObject("Postman/Admin/City/Get One")): Send request successfully

2022-06-27 16:05:11 - [MESSAGE][INFO] - HAR: C:\Users\user\git\sewakantor-testing-apiTest\Reports\20220627_160440\AdminFlow\20220627_160440\requests\main\11.har

2022-06-27 16:05:11 - [MESSAGE][PASSED] - Send request successfully

2022-06-27 16:05:11 - [TEST_STEP][PASSED] - verifyResponseStatusCode(rslt, 404): Verify response status code successfully

2022-06-27 16:05:11 - [MESSAGE][PASSED] - Verify response status code successfully

2022-06-27 16:05:11 - [TEST_STEP][PASSED] - verifyElementPropertyValue(rslt, "message", "city not found"): Verify element property value successfully

2022-06-27 16:05:11 - [MESSAGE][PASSED] - Verify element property value successfully

2022-06-27 16:05:11 - [TEST_STEP][PASSED] - if (i == 0): null

2022-06-27 16:05:11 - [TEST_STEP][PASSED] - else if (i == 1): null

2022-06-27 16:05:11 - [TEST_STEP][PASSED] - else if (i == 2): null

2022-06-27 16:05:11 - [TEST_STEP][PASSED] - else: Verify element property value successfully

2022-06-27 16:05:11 - [TEST_STEP][PASSED] - admin_CityID = string: null

2022-06-27 16:05:11 - [TEST_STEP][PASSED] - rslt = sendRequest(findTestObject("Postman/Admin/City/Get One")): Send request successfully

2022-06-27 16:05:12 - [MESSAGE][INFO] - HAR: C:\Users\user\git\sewakantor-testing-apiTest\Reports\20220627_160440\AdminFlow\20220627_160440\requests\main\12.har

2022-06-27 16:05:12 - [MESSAGE][PASSED] - Send request successfully

2022-06-27 16:05:12 - [TEST_STEP][PASSED] - verifyResponseStatusCode(rslt, 400): Verify response status code successfully

2022-06-27 16:05:12 - [MESSAGE][PASSED] - Verify response status code successfully

2022-06-27 16:05:12 - [TEST_STEP][PASSED] - verifyElementPropertyValue(rslt, "message", "Malformed request"): Verify element property value successfully

2022-06-27 16:05:12 - [MESSAGE][PASSED] - Verify element property value successfully]]></system-out>
         <system-err><![CDATA[]]></system-err>
      </testcase>
      <testcase name="Test Cases/Admin/TS3_City/TC_Delete" time="2.533" classname="Test Cases/Admin/TS3_City/TC_Delete" status="PASSED">
         <system-out><![CDATA[2022-06-27 16:05:12 - [TEST_CASE][PASSED] - Test Cases/Admin/TS3_City/TC_Delete: Test Cases/Admin/TS3_City/TC_Delete

2022-06-27 16:05:13 - [TEST_STEP][PASSED] - rslt = sendRequest(findTestObject("Postman/Admin/City/Delete")): Send request successfully

2022-06-27 16:05:15 - [MESSAGE][INFO] - HAR: C:\Users\user\git\sewakantor-testing-apiTest\Reports\20220627_160440\AdminFlow\20220627_160440\requests\main\13.har

2022-06-27 16:05:15 - [MESSAGE][PASSED] - Send request successfully

2022-06-27 16:05:15 - [TEST_STEP][PASSED] - verifyResponseStatusCode(rslt, 200): Verify response status code successfully

2022-06-27 16:05:15 - [MESSAGE][PASSED] - Verify response status code successfully

2022-06-27 16:05:15 - [TEST_STEP][PASSED] - verifyElementPropertyValue(rslt, "message", "city deleted successfully"): Verify element property value successfully

2022-06-27 16:05:15 - [MESSAGE][PASSED] - Verify element property value successfully]]></system-out>
         <system-err><![CDATA[]]></system-err>
      </testcase>
      <testcase name="Test Cases/Admin/TS2_Building Management/TC_GetOneBuilding" time="6.964" classname="Test Cases/Admin/TS2_Building Management/TC_GetOneBuilding" status="PASSED">
         <system-out><![CDATA[2022-06-27 16:05:15 - [TEST_CASE][PASSED] - Test Cases/Admin/TS2_Building Management/TC_GetOneBuilding: Test Cases/Admin/TS2_Building Management/TC_GetOneBuilding

2022-06-27 16:05:15 - [TEST_STEP][PASSED] - for ([i = 0, i < 4, (i++)]): Verify element property value successfully

2022-06-27 16:05:15 - [TEST_STEP][PASSED] - if (i == 0): Verify response status code successfully

2022-06-27 16:05:15 - [TEST_STEP][PASSED] - token = "": null

2022-06-27 16:05:15 - [TEST_STEP][PASSED] - rslt = sendRequest(findTestObject("Postman/Admin/Building/Get One")): Send request successfully

2022-06-27 16:05:17 - [MESSAGE][INFO] - HAR: C:\Users\user\git\sewakantor-testing-apiTest\Reports\20220627_160440\AdminFlow\20220627_160440\requests\main\14.har

2022-06-27 16:05:17 - [MESSAGE][PASSED] - Send request successfully

2022-06-27 16:05:17 - [TEST_STEP][PASSED] - verifyResponseStatusCode(rslt, 401): Verify response status code successfully

2022-06-27 16:05:17 - [MESSAGE][PASSED] - Verify response status code successfully

2022-06-27 16:05:17 - [TEST_STEP][PASSED] - if (i == 0): null

2022-06-27 16:05:17 - [TEST_STEP][PASSED] - else if (i == 1): Verify element property value successfully

2022-06-27 16:05:17 - [TEST_STEP][PASSED] - admin_BuildingID = 1: null

2022-06-27 16:05:17 - [TEST_STEP][PASSED] - callTestCase(findTestCase("Admin/Dummy Admin/LoginGetToken"), [:], STOP_ON_FAILURE): Call Test Case 'Test Cases/Admin/Dummy Admin/LoginGetToken' successfully

2022-06-27 16:05:17 - [TEST_CASE][PASSED] - Test Cases/Admin/Dummy Admin/LoginGetToken: Test Cases/Admin/Dummy Admin/LoginGetToken

2022-06-27 16:05:17 - [TEST_STEP][PASSED] - admin_uname = "superadmin": null

2022-06-27 16:05:17 - [TEST_STEP][PASSED] - admin_password = "12345": null

2022-06-27 16:05:17 - [TEST_STEP][PASSED] - rslt = sendRequest(findTestObject("Postman/Admin/Auth/Login")): Send request successfully

2022-06-27 16:05:18 - [MESSAGE][INFO] - HAR: C:\Users\user\git\sewakantor-testing-apiTest\Reports\20220627_160440\AdminFlow\20220627_160440\requests\main\15.har

2022-06-27 16:05:18 - [MESSAGE][PASSED] - Send request successfully

2022-06-27 16:05:18 - [TEST_STEP][PASSED] - slurper = new groovy.json.JsonSlurper(): null

2022-06-27 16:05:18 - [TEST_STEP][PASSED] - result = slurper.parseText(rslt.getResponseBodyContent()): null

2022-06-27 16:05:18 - [TEST_STEP][PASSED] - value = token: null

2022-06-27 16:05:18 - [TEST_STEP][PASSED] - token = value: null

2022-06-27 16:05:18 - [TEST_STEP][PASSED] - println(token): null

2022-06-27 16:05:18 - [MESSAGE][PASSED] - Call Test Case 'Test Cases/Admin/Dummy Admin/LoginGetToken' successfully

2022-06-27 16:05:18 - [TEST_STEP][PASSED] - rslt = sendRequest(findTestObject("Postman/Admin/Building/Get One")): Send request successfully

2022-06-27 16:05:19 - [MESSAGE][INFO] - HAR: C:\Users\user\git\sewakantor-testing-apiTest\Reports\20220627_160440\AdminFlow\20220627_160440\requests\main\16.har

2022-06-27 16:05:19 - [MESSAGE][PASSED] - Send request successfully

2022-06-27 16:05:19 - [TEST_STEP][PASSED] - verifyResponseStatusCode(rslt, 200): Verify response status code successfully

2022-06-27 16:05:19 - [MESSAGE][PASSED] - Verify response status code successfully

2022-06-27 16:05:19 - [TEST_STEP][PASSED] - verifyElementPropertyValue(rslt, "message", "list building"): Verify element property value successfully

2022-06-27 16:05:19 - [MESSAGE][PASSED] - Verify element property value successfully

2022-06-27 16:05:19 - [TEST_STEP][PASSED] - if (i == 0): null

2022-06-27 16:05:19 - [TEST_STEP][PASSED] - else if (i == 1): null

2022-06-27 16:05:19 - [TEST_STEP][PASSED] - else if (i == 2): Verify element property value successfully

2022-06-27 16:05:19 - [TEST_STEP][PASSED] - admin_BuildingID = notFoundID: null

2022-06-27 16:05:19 - [TEST_STEP][PASSED] - rslt = sendRequest(findTestObject("Postman/Admin/Building/Get One")): Send request successfully

2022-06-27 16:05:21 - [MESSAGE][INFO] - HAR: C:\Users\user\git\sewakantor-testing-apiTest\Reports\20220627_160440\AdminFlow\20220627_160440\requests\main\17.har

2022-06-27 16:05:21 - [MESSAGE][PASSED] - Send request successfully

2022-06-27 16:05:21 - [TEST_STEP][PASSED] - verifyResponseStatusCode(rslt, 404): Verify response status code successfully

2022-06-27 16:05:21 - [MESSAGE][PASSED] - Verify response status code successfully

2022-06-27 16:05:21 - [TEST_STEP][PASSED] - verifyElementPropertyValue(rslt, "message", "building not found"): Verify element property value successfully

2022-06-27 16:05:21 - [MESSAGE][PASSED] - Verify element property value successfully

2022-06-27 16:05:21 - [TEST_STEP][PASSED] - if (i == 0): null

2022-06-27 16:05:21 - [TEST_STEP][PASSED] - else if (i == 1): null

2022-06-27 16:05:21 - [TEST_STEP][PASSED] - else if (i == 2): null

2022-06-27 16:05:21 - [TEST_STEP][PASSED] - else: Verify element property value successfully

2022-06-27 16:05:21 - [TEST_STEP][PASSED] - admin_BuildingID = stringID: null

2022-06-27 16:05:21 - [TEST_STEP][PASSED] - rslt = sendRequest(findTestObject("Postman/Admin/Building/Get One")): Send request successfully

2022-06-27 16:05:22 - [MESSAGE][INFO] - HAR: C:\Users\user\git\sewakantor-testing-apiTest\Reports\20220627_160440\AdminFlow\20220627_160440\requests\main\18.har

2022-06-27 16:05:22 - [MESSAGE][PASSED] - Send request successfully

2022-06-27 16:05:22 - [TEST_STEP][PASSED] - verifyResponseStatusCode(rslt, 400): Verify response status code successfully

2022-06-27 16:05:22 - [MESSAGE][PASSED] - Verify response status code successfully

2022-06-27 16:05:22 - [TEST_STEP][PASSED] - verifyElementPropertyValue(rslt, "message", "Malformed request"): Verify element property value successfully

2022-06-27 16:05:22 - [MESSAGE][PASSED] - Verify element property value successfully]]></system-out>
         <system-err><![CDATA[]]></system-err>
      </testcase>
      <testcase name="Test Cases/Admin/TS2_Building Management/TC_GetAlllBuilding" time="5.299" classname="Test Cases/Admin/TS2_Building Management/TC_GetAlllBuilding" status="PASSED">
         <system-out><![CDATA[2022-06-27 16:05:22 - [TEST_CASE][PASSED] - Test Cases/Admin/TS2_Building Management/TC_GetAlllBuilding: Test Cases/Admin/TS2_Building Management/TC_GetAlllBuilding

2022-06-27 16:05:22 - [TEST_STEP][PASSED] - for ([i = 0, i < 2, (i++)]): Verify element property value successfully

2022-06-27 16:05:22 - [TEST_STEP][PASSED] - if (i == 0): Verify response status code successfully

2022-06-27 16:05:22 - [TEST_STEP][PASSED] - token = "": null

2022-06-27 16:05:22 - [TEST_STEP][PASSED] - rslt = sendRequest(findTestObject("Postman/Admin/Building/Get All")): Send request successfully

2022-06-27 16:05:24 - [MESSAGE][INFO] - HAR: C:\Users\user\git\sewakantor-testing-apiTest\Reports\20220627_160440\AdminFlow\20220627_160440\requests\main\19.har

2022-06-27 16:05:24 - [MESSAGE][PASSED] - Send request successfully

2022-06-27 16:05:24 - [TEST_STEP][PASSED] - verifyResponseStatusCode(rslt, 401): Verify response status code successfully

2022-06-27 16:05:24 - [MESSAGE][PASSED] - Verify response status code successfully

2022-06-27 16:05:24 - [TEST_STEP][PASSED] - if (i == 0): null

2022-06-27 16:05:24 - [TEST_STEP][PASSED] - else if (i == 1): Verify element property value successfully

2022-06-27 16:05:24 - [TEST_STEP][PASSED] - callTestCase(findTestCase("Admin/Dummy Admin/LoginGetToken"), [:], STOP_ON_FAILURE): Call Test Case 'Test Cases/Admin/Dummy Admin/LoginGetToken' successfully

2022-06-27 16:05:25 - [TEST_CASE][PASSED] - Test Cases/Admin/Dummy Admin/LoginGetToken: Test Cases/Admin/Dummy Admin/LoginGetToken

2022-06-27 16:05:25 - [TEST_STEP][PASSED] - admin_uname = "superadmin": null

2022-06-27 16:05:25 - [TEST_STEP][PASSED] - admin_password = "12345": null

2022-06-27 16:05:25 - [TEST_STEP][PASSED] - rslt = sendRequest(findTestObject("Postman/Admin/Auth/Login")): Send request successfully

2022-06-27 16:05:26 - [MESSAGE][INFO] - HAR: C:\Users\user\git\sewakantor-testing-apiTest\Reports\20220627_160440\AdminFlow\20220627_160440\requests\main\20.har

2022-06-27 16:05:26 - [MESSAGE][PASSED] - Send request successfully

2022-06-27 16:05:26 - [TEST_STEP][PASSED] - slurper = new groovy.json.JsonSlurper(): null

2022-06-27 16:05:26 - [TEST_STEP][PASSED] - result = slurper.parseText(rslt.getResponseBodyContent()): null

2022-06-27 16:05:26 - [TEST_STEP][PASSED] - value = token: null

2022-06-27 16:05:26 - [TEST_STEP][PASSED] - token = value: null

2022-06-27 16:05:26 - [TEST_STEP][PASSED] - println(token): null

2022-06-27 16:05:26 - [MESSAGE][PASSED] - Call Test Case 'Test Cases/Admin/Dummy Admin/LoginGetToken' successfully

2022-06-27 16:05:26 - [TEST_STEP][PASSED] - rslt = sendRequest(findTestObject("Postman/Admin/Building/Get All")): Send request successfully

2022-06-27 16:05:27 - [MESSAGE][INFO] - HAR: C:\Users\user\git\sewakantor-testing-apiTest\Reports\20220627_160440\AdminFlow\20220627_160440\requests\main\21.har

2022-06-27 16:05:27 - [MESSAGE][PASSED] - Send request successfully

2022-06-27 16:05:27 - [TEST_STEP][PASSED] - verifyResponseStatusCode(rslt, 200): Verify response status code successfully

2022-06-27 16:05:27 - [MESSAGE][PASSED] - Verify response status code successfully

2022-06-27 16:05:27 - [TEST_STEP][PASSED] - verifyElementPropertyValue(rslt, "message", "list building"): Verify element property value successfully

2022-06-27 16:05:27 - [MESSAGE][PASSED] - Verify element property value successfully]]></system-out>
         <system-err><![CDATA[]]></system-err>
      </testcase>
      <testcase name="Test Cases/Admin/TS2_Building Management/TC_UpdateBuilding" time="1.474" classname="Test Cases/Admin/TS2_Building Management/TC_UpdateBuilding" status="PASSED">
         <system-out><![CDATA[2022-06-27 16:05:27 - [TEST_CASE][PASSED] - Test Cases/Admin/TS2_Building Management/TC_UpdateBuilding: Test Cases/Admin/TS2_Building Management/TC_UpdateBuilding

2022-06-27 16:05:28 - [TEST_STEP][PASSED] - rslt = sendRequest(findTestObject("Postman/Admin/Building/Update")): Send request successfully

2022-06-27 16:05:28 - [MESSAGE][INFO] - HAR: C:\Users\user\git\sewakantor-testing-apiTest\Reports\20220627_160440\AdminFlow\20220627_160440\requests\main\22.har

2022-06-27 16:05:28 - [MESSAGE][PASSED] - Send request successfully

2022-06-27 16:05:28 - [TEST_STEP][PASSED] - verifyResponseStatusCode(rslt, 200): Verify response status code successfully

2022-06-27 16:05:28 - [MESSAGE][PASSED] - Verify response status code successfully

2022-06-27 16:05:28 - [TEST_STEP][PASSED] - verifyElementPropertyValue(rslt, "data.name", "Tempo Scan Tower"): Verify element property value successfully

2022-06-27 16:05:28 - [MESSAGE][PASSED] - Verify element property value successfully]]></system-out>
         <system-err><![CDATA[]]></system-err>
      </testcase>
      <testcase name="Test Cases/Admin/TS4_Complex/TC_Get All Complex" time="4.71" classname="Test Cases/Admin/TS4_Complex/TC_Get All Complex" status="PASSED">
         <system-out><![CDATA[2022-06-27 16:05:29 - [TEST_CASE][PASSED] - Test Cases/Admin/TS4_Complex/TC_Get All Complex: Test Cases/Admin/TS4_Complex/TC_Get All Complex

2022-06-27 16:05:29 - [TEST_STEP][PASSED] - for ([i = 0, i < 2, (i++)]): Verify element property value successfully

2022-06-27 16:05:29 - [TEST_STEP][PASSED] - if (i == 0): Verify response status code successfully

2022-06-27 16:05:29 - [TEST_STEP][PASSED] - token = "": null

2022-06-27 16:05:29 - [TEST_STEP][PASSED] - rslt = sendRequest(findTestObject("Postman/Admin/Complex/Get All")): Send request successfully

2022-06-27 16:05:30 - [MESSAGE][INFO] - HAR: C:\Users\user\git\sewakantor-testing-apiTest\Reports\20220627_160440\AdminFlow\20220627_160440\requests\main\23.har

2022-06-27 16:05:30 - [MESSAGE][PASSED] - Send request successfully

2022-06-27 16:05:30 - [TEST_STEP][PASSED] - verifyResponseStatusCode(rslt, 401): Verify response status code successfully

2022-06-27 16:05:30 - [MESSAGE][PASSED] - Verify response status code successfully

2022-06-27 16:05:30 - [TEST_STEP][PASSED] - if (i == 0): null

2022-06-27 16:05:30 - [TEST_STEP][PASSED] - else if (i == 1): Verify element property value successfully

2022-06-27 16:05:30 - [TEST_STEP][PASSED] - callTestCase(findTestCase("Admin/Dummy Admin/LoginGetToken"), [:], STOP_ON_FAILURE): Call Test Case 'Test Cases/Admin/Dummy Admin/LoginGetToken' successfully

2022-06-27 16:05:31 - [TEST_CASE][PASSED] - Test Cases/Admin/Dummy Admin/LoginGetToken: Test Cases/Admin/Dummy Admin/LoginGetToken

2022-06-27 16:05:31 - [TEST_STEP][PASSED] - admin_uname = "superadmin": null

2022-06-27 16:05:31 - [TEST_STEP][PASSED] - admin_password = "12345": null

2022-06-27 16:05:31 - [TEST_STEP][PASSED] - rslt = sendRequest(findTestObject("Postman/Admin/Auth/Login")): Send request successfully

2022-06-27 16:05:32 - [MESSAGE][INFO] - HAR: C:\Users\user\git\sewakantor-testing-apiTest\Reports\20220627_160440\AdminFlow\20220627_160440\requests\main\24.har

2022-06-27 16:05:32 - [MESSAGE][PASSED] - Send request successfully

2022-06-27 16:05:32 - [TEST_STEP][PASSED] - slurper = new groovy.json.JsonSlurper(): null

2022-06-27 16:05:32 - [TEST_STEP][PASSED] - result = slurper.parseText(rslt.getResponseBodyContent()): null

2022-06-27 16:05:32 - [TEST_STEP][PASSED] - value = token: null

2022-06-27 16:05:32 - [TEST_STEP][PASSED] - token = value: null

2022-06-27 16:05:32 - [TEST_STEP][PASSED] - println(token): null

2022-06-27 16:05:32 - [MESSAGE][PASSED] - Call Test Case 'Test Cases/Admin/Dummy Admin/LoginGetToken' successfully

2022-06-27 16:05:32 - [TEST_STEP][PASSED] - rslt = sendRequest(findTestObject("Postman/Admin/Complex/Get All")): Send request successfully

2022-06-27 16:05:33 - [MESSAGE][INFO] - HAR: C:\Users\user\git\sewakantor-testing-apiTest\Reports\20220627_160440\AdminFlow\20220627_160440\requests\main\25.har

2022-06-27 16:05:33 - [MESSAGE][PASSED] - Send request successfully

2022-06-27 16:05:33 - [TEST_STEP][PASSED] - verifyResponseStatusCode(rslt, 200): Verify response status code successfully

2022-06-27 16:05:33 - [MESSAGE][PASSED] - Verify response status code successfully

2022-06-27 16:05:33 - [TEST_STEP][PASSED] - verifyElementPropertyValue(rslt, "message", "list complex"): Verify element property value successfully

2022-06-27 16:05:33 - [MESSAGE][PASSED] - Verify element property value successfully]]></system-out>
         <system-err><![CDATA[]]></system-err>
      </testcase>
      <testcase name="Test Cases/Admin/TS4_Complex/TC_Get Dropdown" time="3.839" classname="Test Cases/Admin/TS4_Complex/TC_Get Dropdown" status="PASSED">
         <system-out><![CDATA[2022-06-27 16:05:33 - [TEST_CASE][PASSED] - Test Cases/Admin/TS4_Complex/TC_Get Dropdown: Test Cases/Admin/TS4_Complex/TC_Get Dropdown

2022-06-27 16:05:34 - [TEST_STEP][PASSED] - for ([i = 0, i < 2, (i++)]): Verify element property value successfully

2022-06-27 16:05:34 - [TEST_STEP][PASSED] - if (i == 0): Verify response status code successfully

2022-06-27 16:05:34 - [TEST_STEP][PASSED] - token = "": null

2022-06-27 16:05:34 - [TEST_STEP][PASSED] - rslt = sendRequest(findTestObject("Postman/Admin/Complex/Dropdown")): Send request successfully

2022-06-27 16:05:35 - [MESSAGE][INFO] - HAR: C:\Users\user\git\sewakantor-testing-apiTest\Reports\20220627_160440\AdminFlow\20220627_160440\requests\main\26.har

2022-06-27 16:05:35 - [MESSAGE][PASSED] - Send request successfully

2022-06-27 16:05:35 - [TEST_STEP][PASSED] - verifyResponseStatusCode(rslt, 401): Verify response status code successfully

2022-06-27 16:05:35 - [MESSAGE][PASSED] - Verify response status code successfully

2022-06-27 16:05:35 - [TEST_STEP][PASSED] - if (i == 0): null

2022-06-27 16:05:35 - [TEST_STEP][PASSED] - else if (i == 1): Verify element property value successfully

2022-06-27 16:05:35 - [TEST_STEP][PASSED] - callTestCase(findTestCase("Admin/Dummy Admin/LoginGetToken"), [:], STOP_ON_FAILURE): Call Test Case 'Test Cases/Admin/Dummy Admin/LoginGetToken' successfully

2022-06-27 16:05:35 - [TEST_CASE][PASSED] - Test Cases/Admin/Dummy Admin/LoginGetToken: Test Cases/Admin/Dummy Admin/LoginGetToken

2022-06-27 16:05:35 - [TEST_STEP][PASSED] - admin_uname = "superadmin": null

2022-06-27 16:05:35 - [TEST_STEP][PASSED] - admin_password = "12345": null

2022-06-27 16:05:35 - [TEST_STEP][PASSED] - rslt = sendRequest(findTestObject("Postman/Admin/Auth/Login")): Send request successfully

2022-06-27 16:05:36 - [MESSAGE][INFO] - HAR: C:\Users\user\git\sewakantor-testing-apiTest\Reports\20220627_160440\AdminFlow\20220627_160440\requests\main\27.har

2022-06-27 16:05:36 - [MESSAGE][PASSED] - Send request successfully

2022-06-27 16:05:36 - [TEST_STEP][PASSED] - slurper = new groovy.json.JsonSlurper(): null

2022-06-27 16:05:36 - [TEST_STEP][PASSED] - result = slurper.parseText(rslt.getResponseBodyContent()): null

2022-06-27 16:05:36 - [TEST_STEP][PASSED] - value = token: null

2022-06-27 16:05:36 - [TEST_STEP][PASSED] - token = value: null

2022-06-27 16:05:36 - [TEST_STEP][PASSED] - println(token): null

2022-06-27 16:05:36 - [MESSAGE][PASSED] - Call Test Case 'Test Cases/Admin/Dummy Admin/LoginGetToken' successfully

2022-06-27 16:05:36 - [TEST_STEP][PASSED] - rslt = sendRequest(findTestObject("Postman/Admin/Complex/Dropdown")): Send request successfully

2022-06-27 16:05:37 - [MESSAGE][INFO] - HAR: C:\Users\user\git\sewakantor-testing-apiTest\Reports\20220627_160440\AdminFlow\20220627_160440\requests\main\28.har

2022-06-27 16:05:37 - [MESSAGE][PASSED] - Send request successfully

2022-06-27 16:05:37 - [TEST_STEP][PASSED] - verifyResponseStatusCode(rslt, 200): Verify response status code successfully

2022-06-27 16:05:37 - [MESSAGE][PASSED] - Verify response status code successfully

2022-06-27 16:05:37 - [TEST_STEP][PASSED] - verifyElementPropertyValue(rslt, "message", "dropdown complex"): Verify element property value successfully

2022-06-27 16:05:37 - [MESSAGE][PASSED] - Verify element property value successfully]]></system-out>
         <system-err><![CDATA[]]></system-err>
      </testcase>
      <testcase name="Test Cases/Admin/TS4_Complex/TC_Get One Complex" time="6.459" classname="Test Cases/Admin/TS4_Complex/TC_Get One Complex" status="PASSED">
         <system-out><![CDATA[2022-06-27 16:05:37 - [TEST_CASE][PASSED] - Test Cases/Admin/TS4_Complex/TC_Get One Complex: Test Cases/Admin/TS4_Complex/TC_Get One Complex

2022-06-27 16:05:38 - [TEST_STEP][PASSED] - for ([i = 0, i < 4, (i++)]): Verify element property value successfully

2022-06-27 16:05:38 - [TEST_STEP][PASSED] - if (i == 0): Verify response status code successfully

2022-06-27 16:05:38 - [TEST_STEP][PASSED] - token = "": null

2022-06-27 16:05:38 - [TEST_STEP][PASSED] - rslt = sendRequest(findTestObject("Postman/Admin/Complex/Get One")): Send request successfully

2022-06-27 16:05:38 - [MESSAGE][INFO] - HAR: C:\Users\user\git\sewakantor-testing-apiTest\Reports\20220627_160440\AdminFlow\20220627_160440\requests\main\29.har

2022-06-27 16:05:38 - [MESSAGE][PASSED] - Send request successfully

2022-06-27 16:05:38 - [TEST_STEP][PASSED] - verifyResponseStatusCode(rslt, 401): Verify response status code successfully

2022-06-27 16:05:38 - [MESSAGE][PASSED] - Verify response status code successfully

2022-06-27 16:05:38 - [TEST_STEP][PASSED] - if (i == 0): null

2022-06-27 16:05:38 - [TEST_STEP][PASSED] - else if (i == 1): Verify element property value successfully

2022-06-27 16:05:38 - [TEST_STEP][PASSED] - admin_ComplexID = 1: null

2022-06-27 16:05:38 - [TEST_STEP][PASSED] - callTestCase(findTestCase("Admin/Dummy Admin/LoginGetToken"), [:], STOP_ON_FAILURE): Call Test Case 'Test Cases/Admin/Dummy Admin/LoginGetToken' successfully

2022-06-27 16:05:39 - [TEST_CASE][PASSED] - Test Cases/Admin/Dummy Admin/LoginGetToken: Test Cases/Admin/Dummy Admin/LoginGetToken

2022-06-27 16:05:39 - [TEST_STEP][PASSED] - admin_uname = "superadmin": null

2022-06-27 16:05:39 - [TEST_STEP][PASSED] - admin_password = "12345": null

2022-06-27 16:05:39 - [TEST_STEP][PASSED] - rslt = sendRequest(findTestObject("Postman/Admin/Auth/Login")): Send request successfully

2022-06-27 16:05:41 - [MESSAGE][INFO] - HAR: C:\Users\user\git\sewakantor-testing-apiTest\Reports\20220627_160440\AdminFlow\20220627_160440\requests\main\30.har

2022-06-27 16:05:41 - [MESSAGE][PASSED] - Send request successfully

2022-06-27 16:05:41 - [TEST_STEP][PASSED] - slurper = new groovy.json.JsonSlurper(): null

2022-06-27 16:05:41 - [TEST_STEP][PASSED] - result = slurper.parseText(rslt.getResponseBodyContent()): null

2022-06-27 16:05:41 - [TEST_STEP][PASSED] - value = token: null

2022-06-27 16:05:41 - [TEST_STEP][PASSED] - token = value: null

2022-06-27 16:05:41 - [TEST_STEP][PASSED] - println(token): null

2022-06-27 16:05:41 - [MESSAGE][PASSED] - Call Test Case 'Test Cases/Admin/Dummy Admin/LoginGetToken' successfully

2022-06-27 16:05:41 - [TEST_STEP][PASSED] - rslt = sendRequest(findTestObject("Postman/Admin/Complex/Get One")): Send request successfully

2022-06-27 16:05:41 - [MESSAGE][INFO] - HAR: C:\Users\user\git\sewakantor-testing-apiTest\Reports\20220627_160440\AdminFlow\20220627_160440\requests\main\31.har

2022-06-27 16:05:41 - [MESSAGE][PASSED] - Send request successfully

2022-06-27 16:05:41 - [TEST_STEP][PASSED] - verifyResponseStatusCode(rslt, 200): Verify response status code successfully

2022-06-27 16:05:41 - [MESSAGE][PASSED] - Verify response status code successfully

2022-06-27 16:05:41 - [TEST_STEP][PASSED] - verifyElementPropertyValue(rslt, "message", "list complex"): Verify element property value successfully

2022-06-27 16:05:41 - [MESSAGE][PASSED] - Verify element property value successfully

2022-06-27 16:05:41 - [TEST_STEP][PASSED] - if (i == 0): null

2022-06-27 16:05:41 - [TEST_STEP][PASSED] - else if (i == 1): null

2022-06-27 16:05:41 - [TEST_STEP][PASSED] - else if (i == 2): Verify element property value successfully

2022-06-27 16:05:41 - [TEST_STEP][PASSED] - admin_ComplexID = notFound: null

2022-06-27 16:05:41 - [TEST_STEP][PASSED] - rslt = sendRequest(findTestObject("Postman/Admin/Complex/Get One")): Send request successfully

2022-06-27 16:05:43 - [MESSAGE][INFO] - HAR: C:\Users\user\git\sewakantor-testing-apiTest\Reports\20220627_160440\AdminFlow\20220627_160440\requests\main\32.har

2022-06-27 16:05:43 - [MESSAGE][PASSED] - Send request successfully

2022-06-27 16:05:43 - [TEST_STEP][PASSED] - verifyResponseStatusCode(rslt, 404): Verify response status code successfully

2022-06-27 16:05:43 - [MESSAGE][PASSED] - Verify response status code successfully

2022-06-27 16:05:43 - [TEST_STEP][PASSED] - verifyElementPropertyValue(rslt, "message", "complex not found"): Verify element property value successfully

2022-06-27 16:05:43 - [MESSAGE][PASSED] - Verify element property value successfully

2022-06-27 16:05:43 - [TEST_STEP][PASSED] - if (i == 0): null

2022-06-27 16:05:43 - [TEST_STEP][PASSED] - else if (i == 1): null

2022-06-27 16:05:43 - [TEST_STEP][PASSED] - else if (i == 2): null

2022-06-27 16:05:43 - [TEST_STEP][PASSED] - else: Verify element property value successfully

2022-06-27 16:05:43 - [TEST_STEP][PASSED] - admin_ComplexID = string: null

2022-06-27 16:05:43 - [TEST_STEP][PASSED] - rslt = sendRequest(findTestObject("Postman/Admin/Complex/Get One")): Send request successfully

2022-06-27 16:05:43 - [MESSAGE][INFO] - HAR: C:\Users\user\git\sewakantor-testing-apiTest\Reports\20220627_160440\AdminFlow\20220627_160440\requests\main\33.har

2022-06-27 16:05:43 - [MESSAGE][PASSED] - Send request successfully

2022-06-27 16:05:43 - [TEST_STEP][PASSED] - verifyResponseStatusCode(rslt, 400): Verify response status code successfully

2022-06-27 16:05:43 - [MESSAGE][PASSED] - Verify response status code successfully

2022-06-27 16:05:43 - [TEST_STEP][PASSED] - verifyElementPropertyValue(rslt, "message", "Malformed request"): Verify element property value successfully

2022-06-27 16:05:44 - [MESSAGE][PASSED] - Verify element property value successfully]]></system-out>
         <system-err><![CDATA[]]></system-err>
      </testcase>
      <testcase name="Test Cases/Admin/TS5_Facility/TC_Get All Facility" time="5.317" classname="Test Cases/Admin/TS5_Facility/TC_Get All Facility" status="PASSED">
         <system-out><![CDATA[2022-06-27 16:05:44 - [TEST_CASE][PASSED] - Test Cases/Admin/TS5_Facility/TC_Get All Facility: Test Cases/Admin/TS5_Facility/TC_Get All Facility

2022-06-27 16:05:44 - [TEST_STEP][PASSED] - for ([i = 0, i < 2, (i++)]): Verify element property value successfully

2022-06-27 16:05:44 - [TEST_STEP][PASSED] - if (i == 0): Verify response status code successfully

2022-06-27 16:05:44 - [TEST_STEP][PASSED] - token = "": null

2022-06-27 16:05:44 - [TEST_STEP][PASSED] - rslt = sendRequest(findTestObject("Postman/Admin/Facility/Get All")): Send request successfully

2022-06-27 16:05:46 - [MESSAGE][INFO] - HAR: C:\Users\user\git\sewakantor-testing-apiTest\Reports\20220627_160440\AdminFlow\20220627_160440\requests\main\34.har

2022-06-27 16:05:46 - [MESSAGE][PASSED] - Send request successfully

2022-06-27 16:05:46 - [TEST_STEP][PASSED] - verifyResponseStatusCode(rslt, 401): Verify response status code successfully

2022-06-27 16:05:46 - [MESSAGE][PASSED] - Verify response status code successfully

2022-06-27 16:05:46 - [TEST_STEP][PASSED] - if (i == 0): null

2022-06-27 16:05:46 - [TEST_STEP][PASSED] - else if (i == 1): Verify element property value successfully

2022-06-27 16:05:46 - [TEST_STEP][PASSED] - callTestCase(findTestCase("Admin/Dummy Admin/LoginGetToken"), [:], STOP_ON_FAILURE): Call Test Case 'Test Cases/Admin/Dummy Admin/LoginGetToken' successfully

2022-06-27 16:05:46 - [TEST_CASE][PASSED] - Test Cases/Admin/Dummy Admin/LoginGetToken: Test Cases/Admin/Dummy Admin/LoginGetToken

2022-06-27 16:05:46 - [TEST_STEP][PASSED] - admin_uname = "superadmin": null

2022-06-27 16:05:46 - [TEST_STEP][PASSED] - admin_password = "12345": null

2022-06-27 16:05:46 - [TEST_STEP][PASSED] - rslt = sendRequest(findTestObject("Postman/Admin/Auth/Login")): Send request successfully

2022-06-27 16:05:48 - [MESSAGE][INFO] - HAR: C:\Users\user\git\sewakantor-testing-apiTest\Reports\20220627_160440\AdminFlow\20220627_160440\requests\main\35.har

2022-06-27 16:05:48 - [MESSAGE][PASSED] - Send request successfully

2022-06-27 16:05:48 - [TEST_STEP][PASSED] - slurper = new groovy.json.JsonSlurper(): null

2022-06-27 16:05:48 - [TEST_STEP][PASSED] - result = slurper.parseText(rslt.getResponseBodyContent()): null

2022-06-27 16:05:48 - [TEST_STEP][PASSED] - value = token: null

2022-06-27 16:05:48 - [TEST_STEP][PASSED] - token = value: null

2022-06-27 16:05:48 - [TEST_STEP][PASSED] - println(token): null

2022-06-27 16:05:48 - [MESSAGE][PASSED] - Call Test Case 'Test Cases/Admin/Dummy Admin/LoginGetToken' successfully

2022-06-27 16:05:48 - [TEST_STEP][PASSED] - rslt = sendRequest(findTestObject("Postman/Admin/Facility/Get All")): Send request successfully

2022-06-27 16:05:49 - [MESSAGE][INFO] - HAR: C:\Users\user\git\sewakantor-testing-apiTest\Reports\20220627_160440\AdminFlow\20220627_160440\requests\main\36.har

2022-06-27 16:05:49 - [MESSAGE][PASSED] - Send request successfully

2022-06-27 16:05:49 - [TEST_STEP][PASSED] - verifyResponseStatusCode(rslt, 200): Verify response status code successfully

2022-06-27 16:05:49 - [MESSAGE][PASSED] - Verify response status code successfully

2022-06-27 16:05:49 - [TEST_STEP][PASSED] - verifyElementPropertyValue(rslt, "message", "list facility"): Verify element property value successfully

2022-06-27 16:05:49 - [MESSAGE][PASSED] - Verify element property value successfully]]></system-out>
         <system-err><![CDATA[]]></system-err>
      </testcase>
      <testcase name="Test Cases/Admin/TS5_Facility/TC_Get Dropdown" time="4.01" classname="Test Cases/Admin/TS5_Facility/TC_Get Dropdown" status="PASSED">
         <system-out><![CDATA[2022-06-27 16:05:49 - [TEST_CASE][PASSED] - Test Cases/Admin/TS5_Facility/TC_Get Dropdown: Test Cases/Admin/TS5_Facility/TC_Get Dropdown

2022-06-27 16:05:49 - [TEST_STEP][PASSED] - for ([i = 0, i < 2, (i++)]): Verify element property value successfully

2022-06-27 16:05:49 - [TEST_STEP][PASSED] - if (i == 0): Verify response status code successfully

2022-06-27 16:05:49 - [TEST_STEP][PASSED] - token = "": null

2022-06-27 16:05:49 - [TEST_STEP][PASSED] - rslt = sendRequest(findTestObject("Postman/Admin/Facility/Dropdown")): Send request successfully

2022-06-27 16:05:51 - [MESSAGE][INFO] - HAR: C:\Users\user\git\sewakantor-testing-apiTest\Reports\20220627_160440\AdminFlow\20220627_160440\requests\main\37.har

2022-06-27 16:05:51 - [MESSAGE][PASSED] - Send request successfully

2022-06-27 16:05:51 - [TEST_STEP][PASSED] - verifyResponseStatusCode(rslt, 401): Verify response status code successfully

2022-06-27 16:05:51 - [MESSAGE][PASSED] - Verify response status code successfully

2022-06-27 16:05:51 - [TEST_STEP][PASSED] - if (i == 0): null

2022-06-27 16:05:51 - [TEST_STEP][PASSED] - else if (i == 1): Verify element property value successfully

2022-06-27 16:05:51 - [TEST_STEP][PASSED] - callTestCase(findTestCase("Admin/Dummy Admin/LoginGetToken"), [:], STOP_ON_FAILURE): Call Test Case 'Test Cases/Admin/Dummy Admin/LoginGetToken' successfully

2022-06-27 16:05:51 - [TEST_CASE][PASSED] - Test Cases/Admin/Dummy Admin/LoginGetToken: Test Cases/Admin/Dummy Admin/LoginGetToken

2022-06-27 16:05:51 - [TEST_STEP][PASSED] - admin_uname = "superadmin": null

2022-06-27 16:05:51 - [TEST_STEP][PASSED] - admin_password = "12345": null

2022-06-27 16:05:51 - [TEST_STEP][PASSED] - rslt = sendRequest(findTestObject("Postman/Admin/Auth/Login")): Send request successfully

2022-06-27 16:05:52 - [MESSAGE][INFO] - HAR: C:\Users\user\git\sewakantor-testing-apiTest\Reports\20220627_160440\AdminFlow\20220627_160440\requests\main\38.har

2022-06-27 16:05:52 - [MESSAGE][PASSED] - Send request successfully

2022-06-27 16:05:52 - [TEST_STEP][PASSED] - slurper = new groovy.json.JsonSlurper(): null

2022-06-27 16:05:52 - [TEST_STEP][PASSED] - result = slurper.parseText(rslt.getResponseBodyContent()): null

2022-06-27 16:05:52 - [TEST_STEP][PASSED] - value = token: null

2022-06-27 16:05:52 - [TEST_STEP][PASSED] - token = value: null

2022-06-27 16:05:52 - [TEST_STEP][PASSED] - println(token): null

2022-06-27 16:05:52 - [MESSAGE][PASSED] - Call Test Case 'Test Cases/Admin/Dummy Admin/LoginGetToken' successfully

2022-06-27 16:05:52 - [TEST_STEP][PASSED] - rslt = sendRequest(findTestObject("Postman/Admin/Facility/Dropdown")): Send request successfully

2022-06-27 16:05:53 - [MESSAGE][INFO] - HAR: C:\Users\user\git\sewakantor-testing-apiTest\Reports\20220627_160440\AdminFlow\20220627_160440\requests\main\39.har

2022-06-27 16:05:53 - [MESSAGE][PASSED] - Send request successfully

2022-06-27 16:05:53 - [TEST_STEP][PASSED] - verifyResponseStatusCode(rslt, 200): Verify response status code successfully

2022-06-27 16:05:53 - [MESSAGE][PASSED] - Verify response status code successfully

2022-06-27 16:05:53 - [TEST_STEP][PASSED] - verifyElementPropertyValue(rslt, "message", "dropdown facility"): Verify element property value successfully

2022-06-27 16:05:53 - [MESSAGE][PASSED] - Verify element property value successfully]]></system-out>
         <system-err><![CDATA[]]></system-err>
      </testcase>
      <testcase name="Test Cases/Admin/TS5_Facility/TC_Get One Facility" time="6.057" classname="Test Cases/Admin/TS5_Facility/TC_Get One Facility" status="PASSED">
         <system-out><![CDATA[2022-06-27 16:05:53 - [TEST_CASE][PASSED] - Test Cases/Admin/TS5_Facility/TC_Get One Facility: Test Cases/Admin/TS5_Facility/TC_Get One Facility

2022-06-27 16:05:54 - [TEST_STEP][PASSED] - for ([i = 0, i < 4, (i++)]): Verify element property value successfully

2022-06-27 16:05:54 - [TEST_STEP][PASSED] - if (i == 0): Verify response status code successfully

2022-06-27 16:05:54 - [TEST_STEP][PASSED] - token = "": null

2022-06-27 16:05:54 - [TEST_STEP][PASSED] - rslt = sendRequest(findTestObject("Postman/Admin/Facility/Get One")): Send request successfully

2022-06-27 16:05:55 - [MESSAGE][INFO] - HAR: C:\Users\user\git\sewakantor-testing-apiTest\Reports\20220627_160440\AdminFlow\20220627_160440\requests\main\40.har

2022-06-27 16:05:55 - [MESSAGE][PASSED] - Send request successfully

2022-06-27 16:05:55 - [TEST_STEP][PASSED] - verifyResponseStatusCode(rslt, 401): Verify response status code successfully

2022-06-27 16:05:55 - [MESSAGE][PASSED] - Verify response status code successfully

2022-06-27 16:05:55 - [TEST_STEP][PASSED] - if (i == 0): null

2022-06-27 16:05:55 - [TEST_STEP][PASSED] - else if (i == 1): Verify element property value successfully

2022-06-27 16:05:55 - [TEST_STEP][PASSED] - admin_FacilityID = 1: null

2022-06-27 16:05:55 - [TEST_STEP][PASSED] - callTestCase(findTestCase("Admin/Dummy Admin/LoginGetToken"), [:], STOP_ON_FAILURE): Call Test Case 'Test Cases/Admin/Dummy Admin/LoginGetToken' successfully

2022-06-27 16:05:55 - [TEST_CASE][PASSED] - Test Cases/Admin/Dummy Admin/LoginGetToken: Test Cases/Admin/Dummy Admin/LoginGetToken

2022-06-27 16:05:55 - [TEST_STEP][PASSED] - admin_uname = "superadmin": null

2022-06-27 16:05:55 - [TEST_STEP][PASSED] - admin_password = "12345": null

2022-06-27 16:05:55 - [TEST_STEP][PASSED] - rslt = sendRequest(findTestObject("Postman/Admin/Auth/Login")): Send request successfully

2022-06-27 16:05:56 - [MESSAGE][INFO] - HAR: C:\Users\user\git\sewakantor-testing-apiTest\Reports\20220627_160440\AdminFlow\20220627_160440\requests\main\41.har

2022-06-27 16:05:56 - [MESSAGE][PASSED] - Send request successfully

2022-06-27 16:05:56 - [TEST_STEP][PASSED] - slurper = new groovy.json.JsonSlurper(): null

2022-06-27 16:05:56 - [TEST_STEP][PASSED] - result = slurper.parseText(rslt.getResponseBodyContent()): null

2022-06-27 16:05:56 - [TEST_STEP][PASSED] - value = token: null

2022-06-27 16:05:56 - [TEST_STEP][PASSED] - token = value: null

2022-06-27 16:05:56 - [TEST_STEP][PASSED] - println(token): null

2022-06-27 16:05:56 - [MESSAGE][PASSED] - Call Test Case 'Test Cases/Admin/Dummy Admin/LoginGetToken' successfully

2022-06-27 16:05:56 - [TEST_STEP][PASSED] - rslt = sendRequest(findTestObject("Postman/Admin/Facility/Get One")): Send request successfully

2022-06-27 16:05:57 - [MESSAGE][INFO] - HAR: C:\Users\user\git\sewakantor-testing-apiTest\Reports\20220627_160440\AdminFlow\20220627_160440\requests\main\42.har

2022-06-27 16:05:57 - [MESSAGE][PASSED] - Send request successfully

2022-06-27 16:05:57 - [TEST_STEP][PASSED] - verifyResponseStatusCode(rslt, 200): Verify response status code successfully

2022-06-27 16:05:57 - [MESSAGE][PASSED] - Verify response status code successfully

2022-06-27 16:05:57 - [TEST_STEP][PASSED] - verifyElementPropertyValue(rslt, "message", "list facility"): Verify element property value successfully

2022-06-27 16:05:57 - [MESSAGE][PASSED] - Verify element property value successfully

2022-06-27 16:05:57 - [TEST_STEP][PASSED] - if (i == 0): null

2022-06-27 16:05:57 - [TEST_STEP][PASSED] - else if (i == 1): null

2022-06-27 16:05:57 - [TEST_STEP][PASSED] - else if (i == 2): Verify element property value successfully

2022-06-27 16:05:57 - [TEST_STEP][PASSED] - admin_FacilityID = notFound: null

2022-06-27 16:05:57 - [TEST_STEP][PASSED] - rslt = sendRequest(findTestObject("Postman/Admin/Facility/Get One")): Send request successfully

2022-06-27 16:05:58 - [MESSAGE][INFO] - HAR: C:\Users\user\git\sewakantor-testing-apiTest\Reports\20220627_160440\AdminFlow\20220627_160440\requests\main\43.har

2022-06-27 16:05:58 - [MESSAGE][PASSED] - Send request successfully

2022-06-27 16:05:58 - [TEST_STEP][PASSED] - verifyResponseStatusCode(rslt, 404): Verify response status code successfully

2022-06-27 16:05:58 - [MESSAGE][PASSED] - Verify response status code successfully

2022-06-27 16:05:58 - [TEST_STEP][PASSED] - verifyElementPropertyValue(rslt, "message", "facility not found"): Verify element property value successfully

2022-06-27 16:05:58 - [MESSAGE][PASSED] - Verify element property value successfully

2022-06-27 16:05:58 - [TEST_STEP][PASSED] - if (i == 0): null

2022-06-27 16:05:58 - [TEST_STEP][PASSED] - else if (i == 1): null

2022-06-27 16:05:58 - [TEST_STEP][PASSED] - else if (i == 2): null

2022-06-27 16:05:58 - [TEST_STEP][PASSED] - else: Verify element property value successfully

2022-06-27 16:05:58 - [TEST_STEP][PASSED] - admin_FacilityID = string: null

2022-06-27 16:05:58 - [TEST_STEP][PASSED] - rslt = sendRequest(findTestObject("Postman/Admin/Facility/Get One")): Send request successfully

2022-06-27 16:05:59 - [MESSAGE][INFO] - HAR: C:\Users\user\git\sewakantor-testing-apiTest\Reports\20220627_160440\AdminFlow\20220627_160440\requests\main\44.har

2022-06-27 16:05:59 - [MESSAGE][PASSED] - Send request successfully

2022-06-27 16:05:59 - [TEST_STEP][PASSED] - verifyResponseStatusCode(rslt, 400): Verify response status code successfully

2022-06-27 16:05:59 - [MESSAGE][PASSED] - Verify response status code successfully

2022-06-27 16:05:59 - [TEST_STEP][PASSED] - verifyElementPropertyValue(rslt, "message", "Malformed request"): Verify element property value successfully

2022-06-27 16:05:59 - [MESSAGE][PASSED] - Verify element property value successfully]]></system-out>
         <system-err><![CDATA[]]></system-err>
      </testcase>
      <system-out><![CDATA[2022-06-27 16:04:45 - [TEST_SUITE][PASSED] - AdminFlow: Test Cases/Admin/TS5_Facility/TC_Get One Facility]]></system-out>
      <system-err><![CDATA[]]></system-err>
   </testsuite>
</testsuites>
