<?xml version="1.0" encoding="UTF-8"?>
<testsuites name="AdminFlow" time="107.373" tests="17" failures="1" errors="1">
   <testsuite name="AdminFlow" tests="17" failures="1" errors="1" time="107.373" skipped="0" timestamp="2022-07-01 19:02:33" hostname="user - izzazainf" id="Test Suites/AdminFlow">
      <properties>
         <property name="deviceName" value=""/>
         <property name="devicePlatform" value=""/>
         <property name="logFolder" value="C:\\Users\\user\\git\\sewakantor-testing-apiTest\\Reports\\20220701_190227\\AdminFlow\\20220701_190227"/>
         <property name="logFiles" value="C:\\Users\\user\\git\\sewakantor-testing-apiTest\\Reports\\20220701_190227\\AdminFlow\\20220701_190227\\execution0.log"/>
         <property name="attachments" value=""/>
         <property name="hostName" value="user - izzazainf"/>
         <property name="hostAddress" value="192.168.43.13"/>
         <property name="os" value="Windows 10 64bit"/>
         <property name="katalonVersion" value="8.3.5.208"/>
      </properties>
      <testcase name="Test Cases/Admin/TS1_Authori/TC_Login" time="10.976" classname="Test Cases/Admin/TS1_Authori/TC_Login" status="PASSED">
         <system-out><![CDATA[2022-07-01 19:02:34 - [TEST_CASE][PASSED] - Test Cases/Admin/TS1_Authori/TC_Login: Test Cases/Admin/TS1_Authori/TC_Login

2022-07-01 19:02:35 - [TEST_STEP][PASSED] - for ([i = 0, i < 4, (i++)]): Verify element property value successfully

2022-07-01 19:02:35 - [TEST_STEP][PASSED] - admin_uname = username[i]: null

2022-07-01 19:02:37 - [TEST_STEP][PASSED] - admin_password = password[i]: null

2022-07-01 19:02:37 - [TEST_STEP][PASSED] - rslt = sendRequest(findTestObject("Postman/Admin/Auth/Login")): Send request successfully

2022-07-01 19:02:41 - [MESSAGE][INFO] - HAR: C:\Users\user\git\sewakantor-testing-apiTest\Reports\20220701_190227\AdminFlow\20220701_190227\requests\main\0.har

2022-07-01 19:02:42 - [MESSAGE][PASSED] - Send request successfully

2022-07-01 19:02:42 - [TEST_STEP][PASSED] - if (i == 0): Verify element property value successfully

2022-07-01 19:02:42 - [TEST_STEP][PASSED] - verifyResponseStatusCode(rslt, 400): Verify response status code successfully

2022-07-01 19:02:42 - [MESSAGE][PASSED] - Verify response status code successfully

2022-07-01 19:02:42 - [TEST_STEP][PASSED] - verifyElementPropertyValue(rslt, "message", "password salah"): Verify element property value successfully

2022-07-01 19:02:42 - [MESSAGE][PASSED] - Verify element property value successfully

2022-07-01 19:02:42 - [TEST_STEP][PASSED] - admin_uname = username[i]: null

2022-07-01 19:02:42 - [TEST_STEP][PASSED] - admin_password = password[i]: null

2022-07-01 19:02:42 - [TEST_STEP][PASSED] - rslt = sendRequest(findTestObject("Postman/Admin/Auth/Login")): Send request successfully

2022-07-01 19:02:43 - [MESSAGE][INFO] - HAR: C:\Users\user\git\sewakantor-testing-apiTest\Reports\20220701_190227\AdminFlow\20220701_190227\requests\main\1.har

2022-07-01 19:02:43 - [MESSAGE][PASSED] - Send request successfully

2022-07-01 19:02:43 - [TEST_STEP][PASSED] - if (i == 0): null

2022-07-01 19:02:43 - [TEST_STEP][PASSED] - else if (i == 1): Verify element property value successfully

2022-07-01 19:02:43 - [TEST_STEP][PASSED] - verifyResponseStatusCode(rslt, 404): Verify response status code successfully

2022-07-01 19:02:43 - [MESSAGE][PASSED] - Verify response status code successfully

2022-07-01 19:02:43 - [TEST_STEP][PASSED] - verifyElementPropertyValue(rslt, "message", "user tidak terdaftar"): Verify element property value successfully

2022-07-01 19:02:43 - [MESSAGE][PASSED] - Verify element property value successfully

2022-07-01 19:02:43 - [TEST_STEP][PASSED] - admin_uname = username[i]: null

2022-07-01 19:02:43 - [TEST_STEP][PASSED] - admin_password = password[i]: null

2022-07-01 19:02:43 - [TEST_STEP][PASSED] - rslt = sendRequest(findTestObject("Postman/Admin/Auth/Login")): Send request successfully

2022-07-01 19:02:43 - [MESSAGE][INFO] - HAR: C:\Users\user\git\sewakantor-testing-apiTest\Reports\20220701_190227\AdminFlow\20220701_190227\requests\main\2.har

2022-07-01 19:02:43 - [MESSAGE][PASSED] - Send request successfully

2022-07-01 19:02:43 - [TEST_STEP][PASSED] - if (i == 0): null

2022-07-01 19:02:43 - [TEST_STEP][PASSED] - else if (i == 1): null

2022-07-01 19:02:43 - [TEST_STEP][PASSED] - else if (i == 2): Verify element property value successfully

2022-07-01 19:02:43 - [TEST_STEP][PASSED] - verifyResponseStatusCode(rslt, 400): Verify response status code successfully

2022-07-01 19:02:43 - [MESSAGE][PASSED] - Verify response status code successfully

2022-07-01 19:02:43 - [TEST_STEP][PASSED] - verifyElementPropertyValue(rslt, "message", "Malformed request"): Verify element property value successfully

2022-07-01 19:02:43 - [MESSAGE][PASSED] - Verify element property value successfully

2022-07-01 19:02:43 - [TEST_STEP][PASSED] - admin_uname = username[i]: null

2022-07-01 19:02:43 - [TEST_STEP][PASSED] - admin_password = password[i]: null

2022-07-01 19:02:43 - [TEST_STEP][PASSED] - rslt = sendRequest(findTestObject("Postman/Admin/Auth/Login")): Send request successfully

2022-07-01 19:02:45 - [MESSAGE][INFO] - HAR: C:\Users\user\git\sewakantor-testing-apiTest\Reports\20220701_190227\AdminFlow\20220701_190227\requests\main\3.har

2022-07-01 19:02:45 - [MESSAGE][PASSED] - Send request successfully

2022-07-01 19:02:45 - [TEST_STEP][PASSED] - if (i == 0): null

2022-07-01 19:02:45 - [TEST_STEP][PASSED] - else if (i == 1): null

2022-07-01 19:02:45 - [TEST_STEP][PASSED] - else if (i == 2): null

2022-07-01 19:02:45 - [TEST_STEP][PASSED] - else: Verify element property value successfully

2022-07-01 19:02:45 - [TEST_STEP][PASSED] - verifyResponseStatusCode(rslt, 200): Verify response status code successfully

2022-07-01 19:02:45 - [MESSAGE][PASSED] - Verify response status code successfully

2022-07-01 19:02:45 - [TEST_STEP][PASSED] - verifyElementPropertyValue(rslt, "data.username", username[i]): Verify element property value successfully

2022-07-01 19:02:45 - [MESSAGE][PASSED] - Verify element property value successfully

2022-07-01 19:02:45 - [TEST_STEP][PASSED] - slurper = new groovy.json.JsonSlurper(): null

2022-07-01 19:02:45 - [TEST_STEP][PASSED] - result = slurper.parseText(rslt.getResponseBodyContent()): null

2022-07-01 19:02:45 - [TEST_STEP][PASSED] - value = token: null

2022-07-01 19:02:45 - [TEST_STEP][PASSED] - token = value: null

2022-07-01 19:02:45 - [TEST_STEP][PASSED] - println(token): null]]></system-out>
         <system-err><![CDATA[]]></system-err>
      </testcase>
      <testcase name="Test Cases/Admin/TS3_City/TC_Get All City" time="4.145" classname="Test Cases/Admin/TS3_City/TC_Get All City" status="PASSED">
         <system-out><![CDATA[2022-07-01 19:02:45 - [TEST_CASE][PASSED] - Test Cases/Admin/TS3_City/TC_Get All City: Test Cases/Admin/TS3_City/TC_Get All City

2022-07-01 19:02:46 - [TEST_STEP][PASSED] - for ([i = 0, i < 2, (i++)]): Verify element property value successfully

2022-07-01 19:02:46 - [TEST_STEP][PASSED] - if (i == 0): Verify response status code successfully

2022-07-01 19:02:46 - [TEST_STEP][PASSED] - token = "": null

2022-07-01 19:02:46 - [TEST_STEP][PASSED] - rslt = sendRequest(findTestObject("Postman/Admin/City/Get All")): Send request successfully

2022-07-01 19:02:46 - [MESSAGE][INFO] - HAR: C:\Users\user\git\sewakantor-testing-apiTest\Reports\20220701_190227\AdminFlow\20220701_190227\requests\main\4.har

2022-07-01 19:02:46 - [MESSAGE][PASSED] - Send request successfully

2022-07-01 19:02:46 - [TEST_STEP][PASSED] - verifyResponseStatusCode(rslt, 401): Verify response status code successfully

2022-07-01 19:02:46 - [MESSAGE][PASSED] - Verify response status code successfully

2022-07-01 19:02:46 - [TEST_STEP][PASSED] - if (i == 0): null

2022-07-01 19:02:46 - [TEST_STEP][PASSED] - else if (i == 1): Verify element property value successfully

2022-07-01 19:02:46 - [TEST_STEP][PASSED] - callTestCase(findTestCase("Admin/Dummy Admin/LoginGetToken"), [:], STOP_ON_FAILURE): Call Test Case 'Test Cases/Admin/Dummy Admin/LoginGetToken' successfully

2022-07-01 19:02:47 - [TEST_CASE][PASSED] - Test Cases/Admin/Dummy Admin/LoginGetToken: Test Cases/Admin/Dummy Admin/LoginGetToken

2022-07-01 19:02:47 - [TEST_STEP][PASSED] - admin_uname = "superadmin": null

2022-07-01 19:02:47 - [TEST_STEP][PASSED] - admin_password = "12345": null

2022-07-01 19:02:47 - [TEST_STEP][PASSED] - rslt = sendRequest(findTestObject("Postman/Admin/Auth/Login")): Send request successfully

2022-07-01 19:02:48 - [MESSAGE][INFO] - HAR: C:\Users\user\git\sewakantor-testing-apiTest\Reports\20220701_190227\AdminFlow\20220701_190227\requests\main\5.har

2022-07-01 19:02:48 - [MESSAGE][PASSED] - Send request successfully

2022-07-01 19:02:48 - [TEST_STEP][PASSED] - slurper = new groovy.json.JsonSlurper(): null

2022-07-01 19:02:48 - [TEST_STEP][PASSED] - result = slurper.parseText(rslt.getResponseBodyContent()): null

2022-07-01 19:02:48 - [TEST_STEP][PASSED] - value = token: null

2022-07-01 19:02:48 - [TEST_STEP][PASSED] - token = value: null

2022-07-01 19:02:48 - [TEST_STEP][PASSED] - println(token): null

2022-07-01 19:02:48 - [MESSAGE][PASSED] - Call Test Case 'Test Cases/Admin/Dummy Admin/LoginGetToken' successfully

2022-07-01 19:02:48 - [TEST_STEP][PASSED] - rslt = sendRequest(findTestObject("Postman/Admin/City/Get All")): Send request successfully

2022-07-01 19:02:49 - [MESSAGE][INFO] - HAR: C:\Users\user\git\sewakantor-testing-apiTest\Reports\20220701_190227\AdminFlow\20220701_190227\requests\main\6.har

2022-07-01 19:02:49 - [MESSAGE][PASSED] - Send request successfully

2022-07-01 19:02:49 - [TEST_STEP][PASSED] - verifyResponseStatusCode(rslt, 200): Verify response status code successfully

2022-07-01 19:02:49 - [MESSAGE][PASSED] - Verify response status code successfully

2022-07-01 19:02:49 - [TEST_STEP][PASSED] - verifyElementPropertyValue(rslt, "message", "list city"): Verify element property value successfully

2022-07-01 19:02:49 - [MESSAGE][PASSED] - Verify element property value successfully]]></system-out>
         <system-err><![CDATA[]]></system-err>
      </testcase>
      <testcase name="Test Cases/Admin/TS3_City/TC_Get One City" time="4.74" classname="Test Cases/Admin/TS3_City/TC_Get One City" status="PASSED">
         <system-out><![CDATA[2022-07-01 19:02:49 - [TEST_CASE][PASSED] - Test Cases/Admin/TS3_City/TC_Get One City: Test Cases/Admin/TS3_City/TC_Get One City

2022-07-01 19:02:50 - [TEST_STEP][PASSED] - for ([i = 0, i < 4, (i++)]): Verify element property value successfully

2022-07-01 19:02:50 - [TEST_STEP][PASSED] - if (i == 0): Verify response status code successfully

2022-07-01 19:02:50 - [TEST_STEP][PASSED] - token = "": null

2022-07-01 19:02:50 - [TEST_STEP][PASSED] - rslt = sendRequest(findTestObject("Postman/Admin/City/Get One")): Send request successfully

2022-07-01 19:02:51 - [MESSAGE][INFO] - HAR: C:\Users\user\git\sewakantor-testing-apiTest\Reports\20220701_190227\AdminFlow\20220701_190227\requests\main\7.har

2022-07-01 19:02:51 - [MESSAGE][PASSED] - Send request successfully

2022-07-01 19:02:51 - [TEST_STEP][PASSED] - verifyResponseStatusCode(rslt, 401): Verify response status code successfully

2022-07-01 19:02:51 - [MESSAGE][PASSED] - Verify response status code successfully

2022-07-01 19:02:51 - [TEST_STEP][PASSED] - if (i == 0): null

2022-07-01 19:02:51 - [TEST_STEP][PASSED] - else if (i == 1): Verify element property value successfully

2022-07-01 19:02:51 - [TEST_STEP][PASSED] - admin_CityID = 1: null

2022-07-01 19:02:51 - [TEST_STEP][PASSED] - callTestCase(findTestCase("Admin/Dummy Admin/LoginGetToken"), [:], STOP_ON_FAILURE): Call Test Case 'Test Cases/Admin/Dummy Admin/LoginGetToken' successfully

2022-07-01 19:02:51 - [TEST_CASE][PASSED] - Test Cases/Admin/Dummy Admin/LoginGetToken: Test Cases/Admin/Dummy Admin/LoginGetToken

2022-07-01 19:02:51 - [TEST_STEP][PASSED] - admin_uname = "superadmin": null

2022-07-01 19:02:51 - [TEST_STEP][PASSED] - admin_password = "12345": null

2022-07-01 19:02:51 - [TEST_STEP][PASSED] - rslt = sendRequest(findTestObject("Postman/Admin/Auth/Login")): Send request successfully

2022-07-01 19:02:52 - [MESSAGE][INFO] - HAR: C:\Users\user\git\sewakantor-testing-apiTest\Reports\20220701_190227\AdminFlow\20220701_190227\requests\main\8.har

2022-07-01 19:02:52 - [MESSAGE][PASSED] - Send request successfully

2022-07-01 19:02:52 - [TEST_STEP][PASSED] - slurper = new groovy.json.JsonSlurper(): null

2022-07-01 19:02:52 - [TEST_STEP][PASSED] - result = slurper.parseText(rslt.getResponseBodyContent()): null

2022-07-01 19:02:52 - [TEST_STEP][PASSED] - value = token: null

2022-07-01 19:02:52 - [TEST_STEP][PASSED] - token = value: null

2022-07-01 19:02:52 - [TEST_STEP][PASSED] - println(token): null

2022-07-01 19:02:52 - [MESSAGE][PASSED] - Call Test Case 'Test Cases/Admin/Dummy Admin/LoginGetToken' successfully

2022-07-01 19:02:52 - [TEST_STEP][PASSED] - rslt = sendRequest(findTestObject("Postman/Admin/City/Get One")): Send request successfully

2022-07-01 19:02:52 - [MESSAGE][INFO] - HAR: C:\Users\user\git\sewakantor-testing-apiTest\Reports\20220701_190227\AdminFlow\20220701_190227\requests\main\9.har

2022-07-01 19:02:52 - [MESSAGE][PASSED] - Send request successfully

2022-07-01 19:02:52 - [TEST_STEP][PASSED] - verifyResponseStatusCode(rslt, 200): Verify response status code successfully

2022-07-01 19:02:52 - [MESSAGE][PASSED] - Verify response status code successfully

2022-07-01 19:02:52 - [TEST_STEP][PASSED] - verifyElementPropertyValue(rslt, "message", "list city"): Verify element property value successfully

2022-07-01 19:02:52 - [MESSAGE][PASSED] - Verify element property value successfully

2022-07-01 19:02:52 - [TEST_STEP][PASSED] - if (i == 0): null

2022-07-01 19:02:52 - [TEST_STEP][PASSED] - else if (i == 1): null

2022-07-01 19:02:52 - [TEST_STEP][PASSED] - else if (i == 2): Verify element property value successfully

2022-07-01 19:02:52 - [TEST_STEP][PASSED] - admin_CityID = notFound: null

2022-07-01 19:02:52 - [TEST_STEP][PASSED] - rslt = sendRequest(findTestObject("Postman/Admin/City/Get One")): Send request successfully

2022-07-01 19:02:53 - [MESSAGE][INFO] - HAR: C:\Users\user\git\sewakantor-testing-apiTest\Reports\20220701_190227\AdminFlow\20220701_190227\requests\main\10.har

2022-07-01 19:02:53 - [MESSAGE][PASSED] - Send request successfully

2022-07-01 19:02:53 - [TEST_STEP][PASSED] - verifyResponseStatusCode(rslt, 404): Verify response status code successfully

2022-07-01 19:02:53 - [MESSAGE][PASSED] - Verify response status code successfully

2022-07-01 19:02:53 - [TEST_STEP][PASSED] - verifyElementPropertyValue(rslt, "message", "city not found"): Verify element property value successfully

2022-07-01 19:02:53 - [MESSAGE][PASSED] - Verify element property value successfully

2022-07-01 19:02:53 - [TEST_STEP][PASSED] - if (i == 0): null

2022-07-01 19:02:53 - [TEST_STEP][PASSED] - else if (i == 1): null

2022-07-01 19:02:53 - [TEST_STEP][PASSED] - else if (i == 2): null

2022-07-01 19:02:53 - [TEST_STEP][PASSED] - else: Verify element property value successfully

2022-07-01 19:02:53 - [TEST_STEP][PASSED] - admin_CityID = string: null

2022-07-01 19:02:53 - [TEST_STEP][PASSED] - rslt = sendRequest(findTestObject("Postman/Admin/City/Get One")): Send request successfully

2022-07-01 19:02:54 - [MESSAGE][INFO] - HAR: C:\Users\user\git\sewakantor-testing-apiTest\Reports\20220701_190227\AdminFlow\20220701_190227\requests\main\11.har

2022-07-01 19:02:54 - [MESSAGE][PASSED] - Send request successfully

2022-07-01 19:02:54 - [TEST_STEP][PASSED] - verifyResponseStatusCode(rslt, 400): Verify response status code successfully

2022-07-01 19:02:54 - [MESSAGE][PASSED] - Verify response status code successfully

2022-07-01 19:02:54 - [TEST_STEP][PASSED] - verifyElementPropertyValue(rslt, "message", "Malformed request"): Verify element property value successfully

2022-07-01 19:02:54 - [MESSAGE][PASSED] - Verify element property value successfully]]></system-out>
         <system-err><![CDATA[]]></system-err>
      </testcase>
      <testcase name="Test Cases/Admin/TS3_City/TC_Create One" time="10.274" classname="Test Cases/Admin/TS3_City/TC_Create One" status="PASSED">
         <system-out><![CDATA[2022-07-01 19:02:54 - [TEST_CASE][PASSED] - Test Cases/Admin/TS3_City/TC_Create One: Test Cases/Admin/TS3_City/TC_Create One

2022-07-01 19:02:55 - [TEST_STEP][PASSED] - for ([i = 0, i < 8, (i++)]): Verify element property value successfully

2022-07-01 19:02:55 - [TEST_STEP][PASSED] - if (i == 0): Verify response status code successfully

2022-07-01 19:02:55 - [TEST_STEP][PASSED] - token = "": null

2022-07-01 19:02:55 - [TEST_STEP][PASSED] - rslt = sendRequest(findTestObject("Postman/Admin/City/Create One")): Send request successfully

2022-07-01 19:02:56 - [MESSAGE][INFO] - HAR: C:\Users\user\git\sewakantor-testing-apiTest\Reports\20220701_190227\AdminFlow\20220701_190227\requests\main\12.har

2022-07-01 19:02:56 - [MESSAGE][PASSED] - Send request successfully

2022-07-01 19:02:56 - [TEST_STEP][PASSED] - verifyResponseStatusCode(rslt, 401): Verify response status code successfully

2022-07-01 19:02:56 - [MESSAGE][PASSED] - Verify response status code successfully

2022-07-01 19:02:56 - [TEST_STEP][PASSED] - if (i == 0): null

2022-07-01 19:02:56 - [TEST_STEP][PASSED] - else if (i == 1): Verify element property value successfully

2022-07-01 19:02:56 - [TEST_STEP][PASSED] - callTestCase(findTestCase("Admin/Dummy Admin/LoginGetToken"), [:], STOP_ON_FAILURE): Call Test Case 'Test Cases/Admin/Dummy Admin/LoginGetToken' successfully

2022-07-01 19:02:56 - [TEST_CASE][PASSED] - Test Cases/Admin/Dummy Admin/LoginGetToken: Test Cases/Admin/Dummy Admin/LoginGetToken

2022-07-01 19:02:56 - [TEST_STEP][PASSED] - admin_uname = "superadmin": null

2022-07-01 19:02:56 - [TEST_STEP][PASSED] - admin_password = "12345": null

2022-07-01 19:02:56 - [TEST_STEP][PASSED] - rslt = sendRequest(findTestObject("Postman/Admin/Auth/Login")): Send request successfully

2022-07-01 19:02:57 - [MESSAGE][INFO] - HAR: C:\Users\user\git\sewakantor-testing-apiTest\Reports\20220701_190227\AdminFlow\20220701_190227\requests\main\13.har

2022-07-01 19:02:57 - [MESSAGE][PASSED] - Send request successfully

2022-07-01 19:02:57 - [TEST_STEP][PASSED] - slurper = new groovy.json.JsonSlurper(): null

2022-07-01 19:02:57 - [TEST_STEP][PASSED] - result = slurper.parseText(rslt.getResponseBodyContent()): null

2022-07-01 19:02:57 - [TEST_STEP][PASSED] - value = token: null

2022-07-01 19:02:57 - [TEST_STEP][PASSED] - token = value: null

2022-07-01 19:02:57 - [TEST_STEP][PASSED] - println(token): null

2022-07-01 19:02:57 - [MESSAGE][PASSED] - Call Test Case 'Test Cases/Admin/Dummy Admin/LoginGetToken' successfully

2022-07-01 19:02:57 - [TEST_STEP][PASSED] - admin_CityName = name255: null

2022-07-01 19:02:57 - [TEST_STEP][PASSED] - println(admin_CityName): null

2022-07-01 19:02:57 - [TEST_STEP][PASSED] - rslt = sendRequest(findTestObject("Postman/Admin/City/Create One")): Send request successfully

2022-07-01 19:02:58 - [MESSAGE][INFO] - HAR: C:\Users\user\git\sewakantor-testing-apiTest\Reports\20220701_190227\AdminFlow\20220701_190227\requests\main\14.har

2022-07-01 19:02:58 - [MESSAGE][PASSED] - Send request successfully

2022-07-01 19:02:58 - [TEST_STEP][PASSED] - verifyResponseStatusCode(rslt, 200): Verify response status code successfully

2022-07-01 19:02:58 - [MESSAGE][PASSED] - Verify response status code successfully

2022-07-01 19:02:58 - [TEST_STEP][PASSED] - verifyElementPropertyValue(rslt, "message", "city saved successfully"): Verify element property value successfully

2022-07-01 19:02:58 - [MESSAGE][PASSED] - Verify element property value successfully

2022-07-01 19:02:58 - [TEST_STEP][PASSED] - if (i == 0): null

2022-07-01 19:02:58 - [TEST_STEP][PASSED] - else if (i == 1): null

2022-07-01 19:02:58 - [TEST_STEP][PASSED] - else if (i == 2): Verify element property value successfully

2022-07-01 19:02:58 - [TEST_STEP][PASSED] - admin_CityName = name256: null

2022-07-01 19:02:58 - [TEST_STEP][PASSED] - rslt = sendRequest(findTestObject("Postman/Admin/City/Create One")): Send request successfully

2022-07-01 19:02:58 - [MESSAGE][INFO] - HAR: C:\Users\user\git\sewakantor-testing-apiTest\Reports\20220701_190227\AdminFlow\20220701_190227\requests\main\15.har

2022-07-01 19:02:58 - [MESSAGE][PASSED] - Send request successfully

2022-07-01 19:02:58 - [TEST_STEP][PASSED] - verifyResponseStatusCode(rslt, 500): Verify response status code successfully

2022-07-01 19:02:58 - [MESSAGE][PASSED] - Verify response status code successfully

2022-07-01 19:02:58 - [TEST_STEP][PASSED] - verifyElementPropertyValue(rslt, "error", "Internal Server Error"): Verify element property value successfully

2022-07-01 19:02:59 - [MESSAGE][PASSED] - Verify element property value successfully

2022-07-01 19:02:59 - [TEST_STEP][PASSED] - if (i == 0): null

2022-07-01 19:02:59 - [TEST_STEP][PASSED] - else if (i == 1): null

2022-07-01 19:02:59 - [TEST_STEP][PASSED] - else if (i == 2): null

2022-07-01 19:02:59 - [TEST_STEP][PASSED] - else if (i == 3): Verify element property value successfully

2022-07-01 19:02:59 - [TEST_STEP][PASSED] - admin_CityName = "": null

2022-07-01 19:02:59 - [TEST_STEP][PASSED] - rslt = sendRequest(findTestObject("Postman/Admin/City/Create One")): Send request successfully

2022-07-01 19:02:59 - [MESSAGE][INFO] - HAR: C:\Users\user\git\sewakantor-testing-apiTest\Reports\20220701_190227\AdminFlow\20220701_190227\requests\main\16.har

2022-07-01 19:02:59 - [MESSAGE][PASSED] - Send request successfully

2022-07-01 19:02:59 - [TEST_STEP][PASSED] - verifyResponseStatusCode(rslt, 400): Verify response status code successfully

2022-07-01 19:02:59 - [MESSAGE][PASSED] - Verify response status code successfully

2022-07-01 19:02:59 - [TEST_STEP][PASSED] - verifyElementPropertyValue(rslt, "errors[0].error", "name must not be empty"): Verify element property value successfully

2022-07-01 19:03:00 - [MESSAGE][PASSED] - Verify element property value successfully

2022-07-01 19:03:00 - [TEST_STEP][PASSED] - if (i == 0): null

2022-07-01 19:03:00 - [TEST_STEP][PASSED] - else if (i == 1): null

2022-07-01 19:03:00 - [TEST_STEP][PASSED] - else if (i == 2): null

2022-07-01 19:03:00 - [TEST_STEP][PASSED] - else if (i == 3): null

2022-07-01 19:03:00 - [TEST_STEP][PASSED] - else if (i == 4): Verify element property value successfully

2022-07-01 19:03:00 - [TEST_STEP][PASSED] - admin_CityName = "Jakarta": null

2022-07-01 19:03:00 - [TEST_STEP][PASSED] - rslt = sendRequest(findTestObject("Postman/Admin/City/Create One")): Send request successfully

2022-07-01 19:03:00 - [MESSAGE][INFO] - HAR: C:\Users\user\git\sewakantor-testing-apiTest\Reports\20220701_190227\AdminFlow\20220701_190227\requests\main\17.har

2022-07-01 19:03:00 - [MESSAGE][PASSED] - Send request successfully

2022-07-01 19:03:00 - [TEST_STEP][PASSED] - verifyResponseStatusCode(rslt, 500): Verify response status code successfully

2022-07-01 19:03:00 - [MESSAGE][PASSED] - Verify response status code successfully

2022-07-01 19:03:00 - [TEST_STEP][PASSED] - verifyElementPropertyValue(rslt, "error", "Internal Server Error"): Verify element property value successfully

2022-07-01 19:03:00 - [MESSAGE][PASSED] - Verify element property value successfully

2022-07-01 19:03:00 - [TEST_STEP][PASSED] - if (i == 0): null

2022-07-01 19:03:00 - [TEST_STEP][PASSED] - else if (i == 1): null

2022-07-01 19:03:00 - [TEST_STEP][PASSED] - else if (i == 2): null

2022-07-01 19:03:00 - [TEST_STEP][PASSED] - else if (i == 3): null

2022-07-01 19:03:00 - [TEST_STEP][PASSED] - else if (i == 4): null

2022-07-01 19:03:00 - [TEST_STEP][PASSED] - else if (i == 5): Verify element property value successfully

2022-07-01 19:03:00 - [TEST_STEP][PASSED] - admin_CityName = "JAKARTA": null

2022-07-01 19:03:00 - [TEST_STEP][PASSED] - rslt = sendRequest(findTestObject("Postman/Admin/City/Create One")): Send request successfully

2022-07-01 19:03:01 - [MESSAGE][INFO] - HAR: C:\Users\user\git\sewakantor-testing-apiTest\Reports\20220701_190227\AdminFlow\20220701_190227\requests\main\18.har

2022-07-01 19:03:01 - [MESSAGE][PASSED] - Send request successfully

2022-07-01 19:03:01 - [TEST_STEP][PASSED] - verifyResponseStatusCode(rslt, 200): Verify response status code successfully

2022-07-01 19:03:01 - [MESSAGE][PASSED] - Verify response status code successfully

2022-07-01 19:03:01 - [TEST_STEP][PASSED] - verifyElementPropertyValue(rslt, "message", "city saved successfully"): Verify element property value successfully

2022-07-01 19:03:02 - [MESSAGE][PASSED] - Verify element property value successfully

2022-07-01 19:03:02 - [TEST_STEP][PASSED] - if (i == 0): null

2022-07-01 19:03:02 - [TEST_STEP][PASSED] - else if (i == 1): null

2022-07-01 19:03:02 - [TEST_STEP][PASSED] - else if (i == 2): null

2022-07-01 19:03:02 - [TEST_STEP][PASSED] - else if (i == 3): null

2022-07-01 19:03:02 - [TEST_STEP][PASSED] - else if (i == 4): null

2022-07-01 19:03:02 - [TEST_STEP][PASSED] - else if (i == 5): null

2022-07-01 19:03:02 - [TEST_STEP][PASSED] - else if (i == 6): Verify element property value successfully

2022-07-01 19:03:02 - [TEST_STEP][PASSED] - admin_CityName = "123": null

2022-07-01 19:03:02 - [TEST_STEP][PASSED] - rslt = sendRequest(findTestObject("Postman/Admin/City/Create One")): Send request successfully

2022-07-01 19:03:02 - [MESSAGE][INFO] - HAR: C:\Users\user\git\sewakantor-testing-apiTest\Reports\20220701_190227\AdminFlow\20220701_190227\requests\main\19.har

2022-07-01 19:03:02 - [MESSAGE][PASSED] - Send request successfully

2022-07-01 19:03:02 - [TEST_STEP][PASSED] - verifyResponseStatusCode(rslt, 200): Verify response status code successfully

2022-07-01 19:03:02 - [MESSAGE][PASSED] - Verify response status code successfully

2022-07-01 19:03:02 - [TEST_STEP][PASSED] - verifyElementPropertyValue(rslt, "message", "city saved successfully"): Verify element property value successfully

2022-07-01 19:03:02 - [MESSAGE][PASSED] - Verify element property value successfully

2022-07-01 19:03:02 - [TEST_STEP][PASSED] - if (i == 0): null

2022-07-01 19:03:02 - [TEST_STEP][PASSED] - else if (i == 1): null

2022-07-01 19:03:02 - [TEST_STEP][PASSED] - else if (i == 2): null

2022-07-01 19:03:02 - [TEST_STEP][PASSED] - else if (i == 3): null

2022-07-01 19:03:02 - [TEST_STEP][PASSED] - else if (i == 4): null

2022-07-01 19:03:02 - [TEST_STEP][PASSED] - else if (i == 5): null

2022-07-01 19:03:02 - [TEST_STEP][PASSED] - else if (i == 6): null

2022-07-01 19:03:02 - [TEST_STEP][PASSED] - else if (i == 7): Verify element property value successfully

2022-07-01 19:03:02 - [TEST_STEP][PASSED] - admin_CityName = "Bawli": null

2022-07-01 19:03:02 - [TEST_STEP][PASSED] - callTestCase(findTestCase("Admin/Dummy Admin/LoginGetToken"), [:], STOP_ON_FAILURE): Call Test Case 'Test Cases/Admin/Dummy Admin/LoginGetToken' successfully

2022-07-01 19:03:02 - [TEST_CASE][PASSED] - Test Cases/Admin/Dummy Admin/LoginGetToken: Test Cases/Admin/Dummy Admin/LoginGetToken

2022-07-01 19:03:02 - [TEST_STEP][PASSED] - admin_uname = "superadmin": null

2022-07-01 19:03:02 - [TEST_STEP][PASSED] - admin_password = "12345": null

2022-07-01 19:03:02 - [TEST_STEP][PASSED] - rslt = sendRequest(findTestObject("Postman/Admin/Auth/Login")): Send request successfully

2022-07-01 19:03:03 - [MESSAGE][INFO] - HAR: C:\Users\user\git\sewakantor-testing-apiTest\Reports\20220701_190227\AdminFlow\20220701_190227\requests\main\20.har

2022-07-01 19:03:03 - [MESSAGE][PASSED] - Send request successfully

2022-07-01 19:03:03 - [TEST_STEP][PASSED] - slurper = new groovy.json.JsonSlurper(): null

2022-07-01 19:03:03 - [TEST_STEP][PASSED] - result = slurper.parseText(rslt.getResponseBodyContent()): null

2022-07-01 19:03:03 - [TEST_STEP][PASSED] - value = token: null

2022-07-01 19:03:03 - [TEST_STEP][PASSED] - token = value: null

2022-07-01 19:03:03 - [TEST_STEP][PASSED] - println(token): null

2022-07-01 19:03:03 - [MESSAGE][PASSED] - Call Test Case 'Test Cases/Admin/Dummy Admin/LoginGetToken' successfully

2022-07-01 19:03:03 - [TEST_STEP][PASSED] - rslt = sendRequest(findTestObject("Postman/Admin/City/Create One")): Send request successfully

2022-07-01 19:03:04 - [MESSAGE][INFO] - HAR: C:\Users\user\git\sewakantor-testing-apiTest\Reports\20220701_190227\AdminFlow\20220701_190227\requests\main\21.har

2022-07-01 19:03:04 - [MESSAGE][PASSED] - Send request successfully

2022-07-01 19:03:04 - [TEST_STEP][PASSED] - verifyResponseStatusCode(rslt, 200): Verify response status code successfully

2022-07-01 19:03:04 - [MESSAGE][PASSED] - Verify response status code successfully

2022-07-01 19:03:04 - [TEST_STEP][PASSED] - verifyElementPropertyValue(rslt, "message", "city saved successfully"): Verify element property value successfully

2022-07-01 19:03:04 - [MESSAGE][PASSED] - Verify element property value successfully

2022-07-01 19:03:04 - [TEST_STEP][PASSED] - slurper = new groovy.json.JsonSlurper(): null

2022-07-01 19:03:04 - [TEST_STEP][PASSED] - result = slurper.parseText(rslt.getResponseBodyContent()): null

2022-07-01 19:03:04 - [TEST_STEP][PASSED] - value = id: null

2022-07-01 19:03:04 - [TEST_STEP][PASSED] - admin_CreateID = value: null

2022-07-01 19:03:04 - [TEST_STEP][PASSED] - println(admin_CreateID): null]]></system-out>
         <system-err><![CDATA[]]></system-err>
      </testcase>
      <testcase name="Test Cases/Admin/TS3_City/TC_Update City" time="10.374" classname="Test Cases/Admin/TS3_City/TC_Update City" status="PASSED">
         <system-out><![CDATA[2022-07-01 19:03:04 - [TEST_CASE][PASSED] - Test Cases/Admin/TS3_City/TC_Update City: Test Cases/Admin/TS3_City/TC_Update City

2022-07-01 19:03:05 - [TEST_STEP][PASSED] - dump = admin_CreateID: null

2022-07-01 19:03:05 - [TEST_STEP][PASSED] - for ([i = 0, i < 9, (i++)]): Verify element property value successfully

2022-07-01 19:03:05 - [TEST_STEP][PASSED] - if (i == 0): Verify response status code successfully

2022-07-01 19:03:05 - [TEST_STEP][PASSED] - token = "": null

2022-07-01 19:03:05 - [TEST_STEP][PASSED] - rslt = sendRequest(findTestObject("Postman/Admin/City/Update")): Send request successfully

2022-07-01 19:03:06 - [MESSAGE][INFO] - HAR: C:\Users\user\git\sewakantor-testing-apiTest\Reports\20220701_190227\AdminFlow\20220701_190227\requests\main\22.har

2022-07-01 19:03:06 - [MESSAGE][PASSED] - Send request successfully

2022-07-01 19:03:06 - [TEST_STEP][PASSED] - verifyResponseStatusCode(rslt, 401): Verify response status code successfully

2022-07-01 19:03:06 - [MESSAGE][PASSED] - Verify response status code successfully

2022-07-01 19:03:06 - [TEST_STEP][PASSED] - if (i == 0): null

2022-07-01 19:03:06 - [TEST_STEP][PASSED] - else if (i == 1): Verify element property value successfully

2022-07-01 19:03:06 - [TEST_STEP][PASSED] - callTestCase(findTestCase("Admin/Dummy Admin/LoginGetToken"), [:], STOP_ON_FAILURE): Call Test Case 'Test Cases/Admin/Dummy Admin/LoginGetToken' successfully

2022-07-01 19:03:06 - [TEST_CASE][PASSED] - Test Cases/Admin/Dummy Admin/LoginGetToken: Test Cases/Admin/Dummy Admin/LoginGetToken

2022-07-01 19:03:06 - [TEST_STEP][PASSED] - admin_uname = "superadmin": null

2022-07-01 19:03:06 - [TEST_STEP][PASSED] - admin_password = "12345": null

2022-07-01 19:03:06 - [TEST_STEP][PASSED] - rslt = sendRequest(findTestObject("Postman/Admin/Auth/Login")): Send request successfully

2022-07-01 19:03:07 - [MESSAGE][INFO] - HAR: C:\Users\user\git\sewakantor-testing-apiTest\Reports\20220701_190227\AdminFlow\20220701_190227\requests\main\23.har

2022-07-01 19:03:07 - [MESSAGE][PASSED] - Send request successfully

2022-07-01 19:03:07 - [TEST_STEP][PASSED] - slurper = new groovy.json.JsonSlurper(): null

2022-07-01 19:03:07 - [TEST_STEP][PASSED] - result = slurper.parseText(rslt.getResponseBodyContent()): null

2022-07-01 19:03:07 - [TEST_STEP][PASSED] - value = token: null

2022-07-01 19:03:07 - [TEST_STEP][PASSED] - token = value: null

2022-07-01 19:03:07 - [TEST_STEP][PASSED] - println(token): null

2022-07-01 19:03:07 - [MESSAGE][PASSED] - Call Test Case 'Test Cases/Admin/Dummy Admin/LoginGetToken' successfully

2022-07-01 19:03:07 - [TEST_STEP][PASSED] - admin_CityName = fill255: null

2022-07-01 19:03:07 - [TEST_STEP][PASSED] - println(admin_CityName): null

2022-07-01 19:03:07 - [TEST_STEP][PASSED] - rslt = sendRequest(findTestObject("Postman/Admin/City/Update")): Send request successfully

2022-07-01 19:03:08 - [MESSAGE][INFO] - HAR: C:\Users\user\git\sewakantor-testing-apiTest\Reports\20220701_190227\AdminFlow\20220701_190227\requests\main\24.har

2022-07-01 19:03:08 - [MESSAGE][PASSED] - Send request successfully

2022-07-01 19:03:08 - [TEST_STEP][PASSED] - verifyResponseStatusCode(rslt, 200): Verify response status code successfully

2022-07-01 19:03:08 - [MESSAGE][PASSED] - Verify response status code successfully

2022-07-01 19:03:08 - [TEST_STEP][PASSED] - verifyElementPropertyValue(rslt, "message", "city updated successfully"): Verify element property value successfully

2022-07-01 19:03:08 - [MESSAGE][PASSED] - Verify element property value successfully

2022-07-01 19:03:08 - [TEST_STEP][PASSED] - if (i == 0): null

2022-07-01 19:03:08 - [TEST_STEP][PASSED] - else if (i == 1): null

2022-07-01 19:03:08 - [TEST_STEP][PASSED] - else if (i == 2): Verify element property value successfully

2022-07-01 19:03:08 - [TEST_STEP][PASSED] - admin_CityName = name256: null

2022-07-01 19:03:08 - [TEST_STEP][PASSED] - rslt = sendRequest(findTestObject("Postman/Admin/City/Update")): Send request successfully

2022-07-01 19:03:08 - [MESSAGE][INFO] - HAR: C:\Users\user\git\sewakantor-testing-apiTest\Reports\20220701_190227\AdminFlow\20220701_190227\requests\main\25.har

2022-07-01 19:03:08 - [MESSAGE][PASSED] - Send request successfully

2022-07-01 19:03:08 - [TEST_STEP][PASSED] - verifyResponseStatusCode(rslt, 500): Verify response status code successfully

2022-07-01 19:03:08 - [MESSAGE][PASSED] - Verify response status code successfully

2022-07-01 19:03:08 - [TEST_STEP][PASSED] - verifyElementPropertyValue(rslt, "error", "Internal Server Error"): Verify element property value successfully

2022-07-01 19:03:08 - [MESSAGE][PASSED] - Verify element property value successfully

2022-07-01 19:03:08 - [TEST_STEP][PASSED] - if (i == 0): null

2022-07-01 19:03:08 - [TEST_STEP][PASSED] - else if (i == 1): null

2022-07-01 19:03:08 - [TEST_STEP][PASSED] - else if (i == 2): null

2022-07-01 19:03:08 - [TEST_STEP][PASSED] - else if (i == 3): Verify element property value successfully

2022-07-01 19:03:08 - [TEST_STEP][PASSED] - admin_CityName = "": null

2022-07-01 19:03:08 - [TEST_STEP][PASSED] - rslt = sendRequest(findTestObject("Postman/Admin/City/Update")): Send request successfully

2022-07-01 19:03:09 - [MESSAGE][INFO] - HAR: C:\Users\user\git\sewakantor-testing-apiTest\Reports\20220701_190227\AdminFlow\20220701_190227\requests\main\26.har

2022-07-01 19:03:09 - [MESSAGE][PASSED] - Send request successfully

2022-07-01 19:03:09 - [TEST_STEP][PASSED] - verifyResponseStatusCode(rslt, 400): Verify response status code successfully

2022-07-01 19:03:09 - [MESSAGE][PASSED] - Verify response status code successfully

2022-07-01 19:03:09 - [TEST_STEP][PASSED] - verifyElementPropertyValue(rslt, "message", "Malformed request"): Verify element property value successfully

2022-07-01 19:03:09 - [MESSAGE][PASSED] - Verify element property value successfully

2022-07-01 19:03:09 - [TEST_STEP][PASSED] - if (i == 0): null

2022-07-01 19:03:09 - [TEST_STEP][PASSED] - else if (i == 1): null

2022-07-01 19:03:09 - [TEST_STEP][PASSED] - else if (i == 2): null

2022-07-01 19:03:09 - [TEST_STEP][PASSED] - else if (i == 3): null

2022-07-01 19:03:09 - [TEST_STEP][PASSED] - else if (i == 4): Verify element property value successfully

2022-07-01 19:03:09 - [TEST_STEP][PASSED] - admin_CityName = "Jakarta": null

2022-07-01 19:03:09 - [TEST_STEP][PASSED] - rslt = sendRequest(findTestObject("Postman/Admin/City/Update")): Send request successfully

2022-07-01 19:03:10 - [MESSAGE][INFO] - HAR: C:\Users\user\git\sewakantor-testing-apiTest\Reports\20220701_190227\AdminFlow\20220701_190227\requests\main\27.har

2022-07-01 19:03:10 - [MESSAGE][PASSED] - Send request successfully

2022-07-01 19:03:10 - [TEST_STEP][PASSED] - verifyResponseStatusCode(rslt, 500): Verify response status code successfully

2022-07-01 19:03:10 - [MESSAGE][PASSED] - Verify response status code successfully

2022-07-01 19:03:10 - [TEST_STEP][PASSED] - verifyElementPropertyValue(rslt, "error", "Internal Server Error"): Verify element property value successfully

2022-07-01 19:03:10 - [MESSAGE][PASSED] - Verify element property value successfully

2022-07-01 19:03:10 - [TEST_STEP][PASSED] - if (i == 0): null

2022-07-01 19:03:10 - [TEST_STEP][PASSED] - else if (i == 1): null

2022-07-01 19:03:10 - [TEST_STEP][PASSED] - else if (i == 2): null

2022-07-01 19:03:10 - [TEST_STEP][PASSED] - else if (i == 3): null

2022-07-01 19:03:10 - [TEST_STEP][PASSED] - else if (i == 4): null

2022-07-01 19:03:10 - [TEST_STEP][PASSED] - else if (i == 5): Verify element property value successfully

2022-07-01 19:03:10 - [TEST_STEP][PASSED] - admin_CityName = "BAWLI": null

2022-07-01 19:03:10 - [TEST_STEP][PASSED] - rslt = sendRequest(findTestObject("Postman/Admin/City/Update")): Send request successfully

2022-07-01 19:03:11 - [MESSAGE][INFO] - HAR: C:\Users\user\git\sewakantor-testing-apiTest\Reports\20220701_190227\AdminFlow\20220701_190227\requests\main\28.har

2022-07-01 19:03:11 - [MESSAGE][PASSED] - Send request successfully

2022-07-01 19:03:11 - [TEST_STEP][PASSED] - verifyResponseStatusCode(rslt, 200): Verify response status code successfully

2022-07-01 19:03:11 - [MESSAGE][PASSED] - Verify response status code successfully

2022-07-01 19:03:11 - [TEST_STEP][PASSED] - verifyElementPropertyValue(rslt, "message", "city updated successfully"): Verify element property value successfully

2022-07-01 19:03:11 - [MESSAGE][PASSED] - Verify element property value successfully

2022-07-01 19:03:11 - [TEST_STEP][PASSED] - if (i == 0): null

2022-07-01 19:03:11 - [TEST_STEP][PASSED] - else if (i == 1): null

2022-07-01 19:03:11 - [TEST_STEP][PASSED] - else if (i == 2): null

2022-07-01 19:03:11 - [TEST_STEP][PASSED] - else if (i == 3): null

2022-07-01 19:03:11 - [TEST_STEP][PASSED] - else if (i == 4): null

2022-07-01 19:03:11 - [TEST_STEP][PASSED] - else if (i == 5): null

2022-07-01 19:03:11 - [TEST_STEP][PASSED] - else if (i == 6): Verify element property value successfully

2022-07-01 19:03:11 - [TEST_STEP][PASSED] - admin_CityName = "BAWLI1234": null

2022-07-01 19:03:11 - [TEST_STEP][PASSED] - rslt = sendRequest(findTestObject("Postman/Admin/City/Update")): Send request successfully

2022-07-01 19:03:12 - [MESSAGE][INFO] - HAR: C:\Users\user\git\sewakantor-testing-apiTest\Reports\20220701_190227\AdminFlow\20220701_190227\requests\main\29.har

2022-07-01 19:03:12 - [MESSAGE][PASSED] - Send request successfully

2022-07-01 19:03:12 - [TEST_STEP][PASSED] - verifyResponseStatusCode(rslt, 200): Verify response status code successfully

2022-07-01 19:03:12 - [MESSAGE][PASSED] - Verify response status code successfully

2022-07-01 19:03:12 - [TEST_STEP][PASSED] - verifyElementPropertyValue(rslt, "message", "city updated successfully"): Verify element property value successfully

2022-07-01 19:03:12 - [MESSAGE][PASSED] - Verify element property value successfully

2022-07-01 19:03:12 - [TEST_STEP][PASSED] - if (i == 0): null

2022-07-01 19:03:12 - [TEST_STEP][PASSED] - else if (i == 1): null

2022-07-01 19:03:12 - [TEST_STEP][PASSED] - else if (i == 2): null

2022-07-01 19:03:12 - [TEST_STEP][PASSED] - else if (i == 3): null

2022-07-01 19:03:12 - [TEST_STEP][PASSED] - else if (i == 4): null

2022-07-01 19:03:12 - [TEST_STEP][PASSED] - else if (i == 5): null

2022-07-01 19:03:12 - [TEST_STEP][PASSED] - else if (i == 6): null

2022-07-01 19:03:12 - [TEST_STEP][PASSED] - else if (i == 7): Verify element property value successfully

2022-07-01 19:03:12 - [TEST_STEP][PASSED] - admin_CityName = "Kab Bandung": null

2022-07-01 19:03:12 - [TEST_STEP][PASSED] - callTestCase(findTestCase("Admin/Dummy Admin/LoginGetToken"), [:], STOP_ON_FAILURE): Call Test Case 'Test Cases/Admin/Dummy Admin/LoginGetToken' successfully

2022-07-01 19:03:12 - [TEST_CASE][PASSED] - Test Cases/Admin/Dummy Admin/LoginGetToken: Test Cases/Admin/Dummy Admin/LoginGetToken

2022-07-01 19:03:12 - [TEST_STEP][PASSED] - admin_uname = "superadmin": null

2022-07-01 19:03:12 - [TEST_STEP][PASSED] - admin_password = "12345": null

2022-07-01 19:03:12 - [TEST_STEP][PASSED] - rslt = sendRequest(findTestObject("Postman/Admin/Auth/Login")): Send request successfully

2022-07-01 19:03:13 - [MESSAGE][INFO] - HAR: C:\Users\user\git\sewakantor-testing-apiTest\Reports\20220701_190227\AdminFlow\20220701_190227\requests\main\30.har

2022-07-01 19:03:13 - [MESSAGE][PASSED] - Send request successfully

2022-07-01 19:03:13 - [TEST_STEP][PASSED] - slurper = new groovy.json.JsonSlurper(): null

2022-07-01 19:03:13 - [TEST_STEP][PASSED] - result = slurper.parseText(rslt.getResponseBodyContent()): null

2022-07-01 19:03:13 - [TEST_STEP][PASSED] - value = token: null

2022-07-01 19:03:13 - [TEST_STEP][PASSED] - token = value: null

2022-07-01 19:03:13 - [TEST_STEP][PASSED] - println(token): null

2022-07-01 19:03:13 - [MESSAGE][PASSED] - Call Test Case 'Test Cases/Admin/Dummy Admin/LoginGetToken' successfully

2022-07-01 19:03:13 - [TEST_STEP][PASSED] - rslt = sendRequest(findTestObject("Postman/Admin/City/Update")): Send request successfully

2022-07-01 19:03:14 - [MESSAGE][INFO] - HAR: C:\Users\user\git\sewakantor-testing-apiTest\Reports\20220701_190227\AdminFlow\20220701_190227\requests\main\31.har

2022-07-01 19:03:14 - [MESSAGE][PASSED] - Send request successfully

2022-07-01 19:03:14 - [TEST_STEP][PASSED] - verifyResponseStatusCode(rslt, 200): Verify response status code successfully

2022-07-01 19:03:14 - [MESSAGE][PASSED] - Verify response status code successfully

2022-07-01 19:03:14 - [TEST_STEP][PASSED] - verifyElementPropertyValue(rslt, "message", "city updated successfully"): Verify element property value successfully

2022-07-01 19:03:14 - [MESSAGE][PASSED] - Verify element property value successfully

2022-07-01 19:03:14 - [TEST_STEP][PASSED] - if (i == 0): null

2022-07-01 19:03:14 - [TEST_STEP][PASSED] - else if (i == 1): null

2022-07-01 19:03:14 - [TEST_STEP][PASSED] - else if (i == 2): null

2022-07-01 19:03:14 - [TEST_STEP][PASSED] - else if (i == 3): null

2022-07-01 19:03:14 - [TEST_STEP][PASSED] - else if (i == 4): null

2022-07-01 19:03:14 - [TEST_STEP][PASSED] - else if (i == 5): null

2022-07-01 19:03:14 - [TEST_STEP][PASSED] - else if (i == 6): null

2022-07-01 19:03:14 - [TEST_STEP][PASSED] - else if (i == 7): null

2022-07-01 19:03:14 - [TEST_STEP][PASSED] - else if (i == 8): Verify element property value successfully

2022-07-01 19:03:14 - [TEST_STEP][PASSED] - admin_CreateID = 0: null

2022-07-01 19:03:14 - [TEST_STEP][PASSED] - rslt = sendRequest(findTestObject("Postman/Admin/City/Update")): Send request successfully

2022-07-01 19:03:15 - [MESSAGE][INFO] - HAR: C:\Users\user\git\sewakantor-testing-apiTest\Reports\20220701_190227\AdminFlow\20220701_190227\requests\main\32.har

2022-07-01 19:03:15 - [MESSAGE][PASSED] - Send request successfully

2022-07-01 19:03:15 - [TEST_STEP][PASSED] - verifyResponseStatusCode(rslt, 404): Verify response status code successfully

2022-07-01 19:03:15 - [MESSAGE][PASSED] - Verify response status code successfully

2022-07-01 19:03:15 - [TEST_STEP][PASSED] - verifyElementPropertyValue(rslt, "message", "city not found"): Verify element property value successfully

2022-07-01 19:03:15 - [MESSAGE][PASSED] - Verify element property value successfully

2022-07-01 19:03:15 - [TEST_STEP][PASSED] - admin_CreateID = dump: null

2022-07-01 19:03:15 - [TEST_STEP][PASSED] - println(admin_CreateID): null]]></system-out>
         <system-err><![CDATA[]]></system-err>
      </testcase>
      <testcase name="Test Cases/Admin/TS3_City/TC_Delete" time="3.802" classname="Test Cases/Admin/TS3_City/TC_Delete" status="PASSED">
         <system-out><![CDATA[2022-07-01 19:03:15 - [TEST_CASE][PASSED] - Test Cases/Admin/TS3_City/TC_Delete: Test Cases/Admin/TS3_City/TC_Delete

2022-07-01 19:03:15 - [TEST_STEP][PASSED] - dump = admin_CreateID: null

2022-07-01 19:03:15 - [TEST_STEP][PASSED] - for ([i = 0, i < 3, (i++)]): Verify element property value successfully

2022-07-01 19:03:15 - [TEST_STEP][PASSED] - if (i == 0): Verify response status code successfully

2022-07-01 19:03:15 - [TEST_STEP][PASSED] - token = "": null

2022-07-01 19:03:15 - [TEST_STEP][PASSED] - rslt = sendRequest(findTestObject("Postman/Admin/City/Delete")): Send request successfully

2022-07-01 19:03:16 - [MESSAGE][INFO] - HAR: C:\Users\user\git\sewakantor-testing-apiTest\Reports\20220701_190227\AdminFlow\20220701_190227\requests\main\33.har

2022-07-01 19:03:16 - [MESSAGE][PASSED] - Send request successfully

2022-07-01 19:03:16 - [TEST_STEP][PASSED] - verifyResponseStatusCode(rslt, 401): Verify response status code successfully

2022-07-01 19:03:16 - [MESSAGE][PASSED] - Verify response status code successfully

2022-07-01 19:03:16 - [TEST_STEP][PASSED] - if (i == 1): null

2022-07-01 19:03:16 - [TEST_STEP][PASSED] - if (i == 2): null

2022-07-01 19:03:16 - [TEST_STEP][PASSED] - if (i == 0): null

2022-07-01 19:03:16 - [TEST_STEP][PASSED] - if (i == 1): Verify element property value successfully

2022-07-01 19:03:16 - [TEST_STEP][PASSED] - admin_CreateID = -1: null

2022-07-01 19:03:16 - [TEST_STEP][PASSED] - callTestCase(findTestCase("Admin/Dummy Admin/LoginGetToken"), [:], STOP_ON_FAILURE): Call Test Case 'Test Cases/Admin/Dummy Admin/LoginGetToken' successfully

2022-07-01 19:03:16 - [TEST_CASE][PASSED] - Test Cases/Admin/Dummy Admin/LoginGetToken: Test Cases/Admin/Dummy Admin/LoginGetToken

2022-07-01 19:03:16 - [TEST_STEP][PASSED] - admin_uname = "superadmin": null

2022-07-01 19:03:16 - [TEST_STEP][PASSED] - admin_password = "12345": null

2022-07-01 19:03:16 - [TEST_STEP][PASSED] - rslt = sendRequest(findTestObject("Postman/Admin/Auth/Login")): Send request successfully

2022-07-01 19:03:17 - [MESSAGE][INFO] - HAR: C:\Users\user\git\sewakantor-testing-apiTest\Reports\20220701_190227\AdminFlow\20220701_190227\requests\main\34.har

2022-07-01 19:03:17 - [MESSAGE][PASSED] - Send request successfully

2022-07-01 19:03:17 - [TEST_STEP][PASSED] - slurper = new groovy.json.JsonSlurper(): null

2022-07-01 19:03:17 - [TEST_STEP][PASSED] - result = slurper.parseText(rslt.getResponseBodyContent()): null

2022-07-01 19:03:17 - [TEST_STEP][PASSED] - value = token: null

2022-07-01 19:03:17 - [TEST_STEP][PASSED] - token = value: null

2022-07-01 19:03:17 - [TEST_STEP][PASSED] - println(token): null

2022-07-01 19:03:17 - [MESSAGE][PASSED] - Call Test Case 'Test Cases/Admin/Dummy Admin/LoginGetToken' successfully

2022-07-01 19:03:17 - [TEST_STEP][PASSED] - rslt = sendRequest(findTestObject("Postman/Admin/City/Delete")): Send request successfully

2022-07-01 19:03:18 - [MESSAGE][INFO] - HAR: C:\Users\user\git\sewakantor-testing-apiTest\Reports\20220701_190227\AdminFlow\20220701_190227\requests\main\35.har

2022-07-01 19:03:18 - [MESSAGE][PASSED] - Send request successfully

2022-07-01 19:03:18 - [TEST_STEP][PASSED] - verifyResponseStatusCode(rslt, 404): Verify response status code successfully

2022-07-01 19:03:18 - [MESSAGE][PASSED] - Verify response status code successfully

2022-07-01 19:03:18 - [TEST_STEP][PASSED] - verifyElementPropertyValue(rslt, "message", "city not found"): Verify element property value successfully

2022-07-01 19:03:18 - [MESSAGE][PASSED] - Verify element property value successfully

2022-07-01 19:03:18 - [TEST_STEP][PASSED] - if (i == 2): null

2022-07-01 19:03:18 - [TEST_STEP][PASSED] - if (i == 0): null

2022-07-01 19:03:18 - [TEST_STEP][PASSED] - if (i == 1): null

2022-07-01 19:03:18 - [TEST_STEP][PASSED] - if (i == 2): Verify element property value successfully

2022-07-01 19:03:18 - [TEST_STEP][PASSED] - admin_CreateID = dump: null

2022-07-01 19:03:18 - [TEST_STEP][PASSED] - rslt = sendRequest(findTestObject("Postman/Admin/City/Delete")): Send request successfully

2022-07-01 19:03:18 - [MESSAGE][INFO] - HAR: C:\Users\user\git\sewakantor-testing-apiTest\Reports\20220701_190227\AdminFlow\20220701_190227\requests\main\36.har

2022-07-01 19:03:18 - [MESSAGE][PASSED] - Send request successfully

2022-07-01 19:03:18 - [TEST_STEP][PASSED] - verifyResponseStatusCode(rslt, 200): Verify response status code successfully

2022-07-01 19:03:18 - [MESSAGE][PASSED] - Verify response status code successfully

2022-07-01 19:03:18 - [TEST_STEP][PASSED] - verifyElementPropertyValue(rslt, "message", "city deleted successfully"): Verify element property value successfully

2022-07-01 19:03:18 - [MESSAGE][PASSED] - Verify element property value successfully]]></system-out>
         <system-err><![CDATA[]]></system-err>
      </testcase>
      <testcase name="Test Cases/Admin/TS4_Complex/TC_Get All Complex" time="3.084" classname="Test Cases/Admin/TS4_Complex/TC_Get All Complex" status="PASSED">
         <system-out><![CDATA[2022-07-01 19:03:19 - [TEST_CASE][PASSED] - Test Cases/Admin/TS4_Complex/TC_Get All Complex: Test Cases/Admin/TS4_Complex/TC_Get All Complex

2022-07-01 19:03:19 - [TEST_STEP][PASSED] - for ([i = 0, i < 2, (i++)]): Verify element property value successfully

2022-07-01 19:03:19 - [TEST_STEP][PASSED] - if (i == 0): Verify response status code successfully

2022-07-01 19:03:19 - [TEST_STEP][PASSED] - token = "": null

2022-07-01 19:03:19 - [TEST_STEP][PASSED] - rslt = sendRequest(findTestObject("Postman/Admin/Complex/Get All")): Send request successfully

2022-07-01 19:03:20 - [MESSAGE][INFO] - HAR: C:\Users\user\git\sewakantor-testing-apiTest\Reports\20220701_190227\AdminFlow\20220701_190227\requests\main\37.har

2022-07-01 19:03:20 - [MESSAGE][PASSED] - Send request successfully

2022-07-01 19:03:20 - [TEST_STEP][PASSED] - verifyResponseStatusCode(rslt, 401): Verify response status code successfully

2022-07-01 19:03:20 - [MESSAGE][PASSED] - Verify response status code successfully

2022-07-01 19:03:20 - [TEST_STEP][PASSED] - if (i == 0): null

2022-07-01 19:03:20 - [TEST_STEP][PASSED] - else if (i == 1): Verify element property value successfully

2022-07-01 19:03:20 - [TEST_STEP][PASSED] - callTestCase(findTestCase("Admin/Dummy Admin/LoginGetToken"), [:], STOP_ON_FAILURE): Call Test Case 'Test Cases/Admin/Dummy Admin/LoginGetToken' successfully

2022-07-01 19:03:20 - [TEST_CASE][PASSED] - Test Cases/Admin/Dummy Admin/LoginGetToken: Test Cases/Admin/Dummy Admin/LoginGetToken

2022-07-01 19:03:20 - [TEST_STEP][PASSED] - admin_uname = "superadmin": null

2022-07-01 19:03:20 - [TEST_STEP][PASSED] - admin_password = "12345": null

2022-07-01 19:03:20 - [TEST_STEP][PASSED] - rslt = sendRequest(findTestObject("Postman/Admin/Auth/Login")): Send request successfully

2022-07-01 19:03:21 - [MESSAGE][INFO] - HAR: C:\Users\user\git\sewakantor-testing-apiTest\Reports\20220701_190227\AdminFlow\20220701_190227\requests\main\38.har

2022-07-01 19:03:21 - [MESSAGE][PASSED] - Send request successfully

2022-07-01 19:03:21 - [TEST_STEP][PASSED] - slurper = new groovy.json.JsonSlurper(): null

2022-07-01 19:03:21 - [TEST_STEP][PASSED] - result = slurper.parseText(rslt.getResponseBodyContent()): null

2022-07-01 19:03:21 - [TEST_STEP][PASSED] - value = token: null

2022-07-01 19:03:21 - [TEST_STEP][PASSED] - token = value: null

2022-07-01 19:03:21 - [TEST_STEP][PASSED] - println(token): null

2022-07-01 19:03:21 - [MESSAGE][PASSED] - Call Test Case 'Test Cases/Admin/Dummy Admin/LoginGetToken' successfully

2022-07-01 19:03:21 - [TEST_STEP][PASSED] - rslt = sendRequest(findTestObject("Postman/Admin/Complex/Get All")): Send request successfully

2022-07-01 19:03:22 - [MESSAGE][INFO] - HAR: C:\Users\user\git\sewakantor-testing-apiTest\Reports\20220701_190227\AdminFlow\20220701_190227\requests\main\39.har

2022-07-01 19:03:22 - [MESSAGE][PASSED] - Send request successfully

2022-07-01 19:03:22 - [TEST_STEP][PASSED] - verifyResponseStatusCode(rslt, 200): Verify response status code successfully

2022-07-01 19:03:22 - [MESSAGE][PASSED] - Verify response status code successfully

2022-07-01 19:03:22 - [TEST_STEP][PASSED] - verifyElementPropertyValue(rslt, "message", "list complex"): Verify element property value successfully

2022-07-01 19:03:22 - [MESSAGE][PASSED] - Verify element property value successfully]]></system-out>
         <system-err><![CDATA[]]></system-err>
      </testcase>
      <testcase name="Test Cases/Admin/TS4_Complex/TC_Get One Complex" time="4.459" classname="Test Cases/Admin/TS4_Complex/TC_Get One Complex" status="PASSED">
         <system-out><![CDATA[2022-07-01 19:03:22 - [TEST_CASE][PASSED] - Test Cases/Admin/TS4_Complex/TC_Get One Complex: Test Cases/Admin/TS4_Complex/TC_Get One Complex

2022-07-01 19:03:22 - [TEST_STEP][PASSED] - for ([i = 0, i < 4, (i++)]): Verify element property value successfully

2022-07-01 19:03:22 - [TEST_STEP][PASSED] - if (i == 0): Verify response status code successfully

2022-07-01 19:03:22 - [TEST_STEP][PASSED] - token = "": null

2022-07-01 19:03:22 - [TEST_STEP][PASSED] - rslt = sendRequest(findTestObject("Postman/Admin/Complex/Get One")): Send request successfully

2022-07-01 19:03:23 - [MESSAGE][INFO] - HAR: C:\Users\user\git\sewakantor-testing-apiTest\Reports\20220701_190227\AdminFlow\20220701_190227\requests\main\40.har

2022-07-01 19:03:23 - [MESSAGE][PASSED] - Send request successfully

2022-07-01 19:03:23 - [TEST_STEP][PASSED] - verifyResponseStatusCode(rslt, 401): Verify response status code successfully

2022-07-01 19:03:23 - [MESSAGE][PASSED] - Verify response status code successfully

2022-07-01 19:03:23 - [TEST_STEP][PASSED] - if (i == 0): null

2022-07-01 19:03:23 - [TEST_STEP][PASSED] - else if (i == 1): Verify element property value successfully

2022-07-01 19:03:23 - [TEST_STEP][PASSED] - admin_ComplexID = 1: null

2022-07-01 19:03:23 - [TEST_STEP][PASSED] - callTestCase(findTestCase("Admin/Dummy Admin/LoginGetToken"), [:], STOP_ON_FAILURE): Call Test Case 'Test Cases/Admin/Dummy Admin/LoginGetToken' successfully

2022-07-01 19:03:23 - [TEST_CASE][PASSED] - Test Cases/Admin/Dummy Admin/LoginGetToken: Test Cases/Admin/Dummy Admin/LoginGetToken

2022-07-01 19:03:23 - [TEST_STEP][PASSED] - admin_uname = "superadmin": null

2022-07-01 19:03:23 - [TEST_STEP][PASSED] - admin_password = "12345": null

2022-07-01 19:03:23 - [TEST_STEP][PASSED] - rslt = sendRequest(findTestObject("Postman/Admin/Auth/Login")): Send request successfully

2022-07-01 19:03:24 - [MESSAGE][INFO] - HAR: C:\Users\user\git\sewakantor-testing-apiTest\Reports\20220701_190227\AdminFlow\20220701_190227\requests\main\41.har

2022-07-01 19:03:24 - [MESSAGE][PASSED] - Send request successfully

2022-07-01 19:03:24 - [TEST_STEP][PASSED] - slurper = new groovy.json.JsonSlurper(): null

2022-07-01 19:03:24 - [TEST_STEP][PASSED] - result = slurper.parseText(rslt.getResponseBodyContent()): null

2022-07-01 19:03:24 - [TEST_STEP][PASSED] - value = token: null

2022-07-01 19:03:24 - [TEST_STEP][PASSED] - token = value: null

2022-07-01 19:03:24 - [TEST_STEP][PASSED] - println(token): null

2022-07-01 19:03:24 - [MESSAGE][PASSED] - Call Test Case 'Test Cases/Admin/Dummy Admin/LoginGetToken' successfully

2022-07-01 19:03:24 - [TEST_STEP][PASSED] - rslt = sendRequest(findTestObject("Postman/Admin/Complex/Get One")): Send request successfully

2022-07-01 19:03:25 - [MESSAGE][INFO] - HAR: C:\Users\user\git\sewakantor-testing-apiTest\Reports\20220701_190227\AdminFlow\20220701_190227\requests\main\42.har

2022-07-01 19:03:25 - [MESSAGE][PASSED] - Send request successfully

2022-07-01 19:03:25 - [TEST_STEP][PASSED] - verifyResponseStatusCode(rslt, 200): Verify response status code successfully

2022-07-01 19:03:25 - [MESSAGE][PASSED] - Verify response status code successfully

2022-07-01 19:03:25 - [TEST_STEP][PASSED] - verifyElementPropertyValue(rslt, "message", "list complex"): Verify element property value successfully

2022-07-01 19:03:25 - [MESSAGE][PASSED] - Verify element property value successfully

2022-07-01 19:03:25 - [TEST_STEP][PASSED] - if (i == 0): null

2022-07-01 19:03:25 - [TEST_STEP][PASSED] - else if (i == 1): null

2022-07-01 19:03:25 - [TEST_STEP][PASSED] - else if (i == 2): Verify element property value successfully

2022-07-01 19:03:25 - [TEST_STEP][PASSED] - admin_ComplexID = notFound: null

2022-07-01 19:03:25 - [TEST_STEP][PASSED] - rslt = sendRequest(findTestObject("Postman/Admin/Complex/Get One")): Send request successfully

2022-07-01 19:03:25 - [MESSAGE][INFO] - HAR: C:\Users\user\git\sewakantor-testing-apiTest\Reports\20220701_190227\AdminFlow\20220701_190227\requests\main\43.har

2022-07-01 19:03:25 - [MESSAGE][PASSED] - Send request successfully

2022-07-01 19:03:25 - [TEST_STEP][PASSED] - verifyResponseStatusCode(rslt, 404): Verify response status code successfully

2022-07-01 19:03:25 - [MESSAGE][PASSED] - Verify response status code successfully

2022-07-01 19:03:25 - [TEST_STEP][PASSED] - verifyElementPropertyValue(rslt, "message", "complex not found"): Verify element property value successfully

2022-07-01 19:03:25 - [MESSAGE][PASSED] - Verify element property value successfully

2022-07-01 19:03:25 - [TEST_STEP][PASSED] - if (i == 0): null

2022-07-01 19:03:25 - [TEST_STEP][PASSED] - else if (i == 1): null

2022-07-01 19:03:25 - [TEST_STEP][PASSED] - else if (i == 2): null

2022-07-01 19:03:25 - [TEST_STEP][PASSED] - else: Verify element property value successfully

2022-07-01 19:03:25 - [TEST_STEP][PASSED] - admin_ComplexID = string: null

2022-07-01 19:03:25 - [TEST_STEP][PASSED] - rslt = sendRequest(findTestObject("Postman/Admin/Complex/Get One")): Send request successfully

2022-07-01 19:03:26 - [MESSAGE][INFO] - HAR: C:\Users\user\git\sewakantor-testing-apiTest\Reports\20220701_190227\AdminFlow\20220701_190227\requests\main\44.har

2022-07-01 19:03:26 - [MESSAGE][PASSED] - Send request successfully

2022-07-01 19:03:26 - [TEST_STEP][PASSED] - verifyResponseStatusCode(rslt, 400): Verify response status code successfully

2022-07-01 19:03:26 - [MESSAGE][PASSED] - Verify response status code successfully

2022-07-01 19:03:26 - [TEST_STEP][PASSED] - verifyElementPropertyValue(rslt, "message", "Malformed request"): Verify element property value successfully

2022-07-01 19:03:26 - [MESSAGE][PASSED] - Verify element property value successfully]]></system-out>
         <system-err><![CDATA[]]></system-err>
      </testcase>
      <testcase name="Test Cases/Admin/TS4_Complex/TC_Get Dropdown" time="3.449" classname="Test Cases/Admin/TS4_Complex/TC_Get Dropdown" status="PASSED">
         <system-out><![CDATA[2022-07-01 19:03:26 - [TEST_CASE][PASSED] - Test Cases/Admin/TS4_Complex/TC_Get Dropdown: Test Cases/Admin/TS4_Complex/TC_Get Dropdown

2022-07-01 19:03:27 - [TEST_STEP][PASSED] - for ([i = 0, i < 2, (i++)]): Verify element property value successfully

2022-07-01 19:03:27 - [TEST_STEP][PASSED] - if (i == 0): Verify response status code successfully

2022-07-01 19:03:27 - [TEST_STEP][PASSED] - token = "": null

2022-07-01 19:03:27 - [TEST_STEP][PASSED] - rslt = sendRequest(findTestObject("Postman/Admin/Complex/Dropdown")): Send request successfully

2022-07-01 19:03:28 - [MESSAGE][INFO] - HAR: C:\Users\user\git\sewakantor-testing-apiTest\Reports\20220701_190227\AdminFlow\20220701_190227\requests\main\45.har

2022-07-01 19:03:28 - [MESSAGE][PASSED] - Send request successfully

2022-07-01 19:03:28 - [TEST_STEP][PASSED] - verifyResponseStatusCode(rslt, 401): Verify response status code successfully

2022-07-01 19:03:28 - [MESSAGE][PASSED] - Verify response status code successfully

2022-07-01 19:03:28 - [TEST_STEP][PASSED] - if (i == 0): null

2022-07-01 19:03:28 - [TEST_STEP][PASSED] - else if (i == 1): Verify element property value successfully

2022-07-01 19:03:28 - [TEST_STEP][PASSED] - callTestCase(findTestCase("Admin/Dummy Admin/LoginGetToken"), [:], STOP_ON_FAILURE): Call Test Case 'Test Cases/Admin/Dummy Admin/LoginGetToken' successfully

2022-07-01 19:03:28 - [TEST_CASE][PASSED] - Test Cases/Admin/Dummy Admin/LoginGetToken: Test Cases/Admin/Dummy Admin/LoginGetToken

2022-07-01 19:03:28 - [TEST_STEP][PASSED] - admin_uname = "superadmin": null

2022-07-01 19:03:28 - [TEST_STEP][PASSED] - admin_password = "12345": null

2022-07-01 19:03:28 - [TEST_STEP][PASSED] - rslt = sendRequest(findTestObject("Postman/Admin/Auth/Login")): Send request successfully

2022-07-01 19:03:29 - [MESSAGE][INFO] - HAR: C:\Users\user\git\sewakantor-testing-apiTest\Reports\20220701_190227\AdminFlow\20220701_190227\requests\main\46.har

2022-07-01 19:03:29 - [MESSAGE][PASSED] - Send request successfully

2022-07-01 19:03:29 - [TEST_STEP][PASSED] - slurper = new groovy.json.JsonSlurper(): null

2022-07-01 19:03:29 - [TEST_STEP][PASSED] - result = slurper.parseText(rslt.getResponseBodyContent()): null

2022-07-01 19:03:29 - [TEST_STEP][PASSED] - value = token: null

2022-07-01 19:03:29 - [TEST_STEP][PASSED] - token = value: null

2022-07-01 19:03:29 - [TEST_STEP][PASSED] - println(token): null

2022-07-01 19:03:29 - [MESSAGE][PASSED] - Call Test Case 'Test Cases/Admin/Dummy Admin/LoginGetToken' successfully

2022-07-01 19:03:29 - [TEST_STEP][PASSED] - rslt = sendRequest(findTestObject("Postman/Admin/Complex/Dropdown")): Send request successfully

2022-07-01 19:03:30 - [MESSAGE][INFO] - HAR: C:\Users\user\git\sewakantor-testing-apiTest\Reports\20220701_190227\AdminFlow\20220701_190227\requests\main\47.har

2022-07-01 19:03:30 - [MESSAGE][PASSED] - Send request successfully

2022-07-01 19:03:30 - [TEST_STEP][PASSED] - verifyResponseStatusCode(rslt, 200): Verify response status code successfully

2022-07-01 19:03:30 - [MESSAGE][PASSED] - Verify response status code successfully

2022-07-01 19:03:30 - [TEST_STEP][PASSED] - verifyElementPropertyValue(rslt, "message", "dropdown complex"): Verify element property value successfully

2022-07-01 19:03:30 - [MESSAGE][PASSED] - Verify element property value successfully]]></system-out>
         <system-err><![CDATA[]]></system-err>
      </testcase>
      <testcase name="Test Cases/Admin/TS4_Complex/TC_Create new Complex" time="12.322" classname="Test Cases/Admin/TS4_Complex/TC_Create new Complex" status="PASSED">
         <system-out><![CDATA[2022-07-01 19:03:30 - [TEST_CASE][PASSED] - Test Cases/Admin/TS4_Complex/TC_Create new Complex: Test Cases/Admin/TS4_Complex/TC_Create new Complex

2022-07-01 19:03:30 - [TEST_STEP][PASSED] - for ([i = 0, i < 7, (i++)]): Verify element property value successfully

2022-07-01 19:03:30 - [TEST_STEP][PASSED] - if (i == 0): Verify response status code successfully

2022-07-01 19:03:30 - [TEST_STEP][PASSED] - token = "": null

2022-07-01 19:03:30 - [TEST_STEP][PASSED] - rslt = sendRequest(findTestObject("Postman/Admin/Complex/Create One")): Send request successfully

2022-07-01 19:03:31 - [MESSAGE][INFO] - HAR: C:\Users\user\git\sewakantor-testing-apiTest\Reports\20220701_190227\AdminFlow\20220701_190227\requests\main\48.har

2022-07-01 19:03:31 - [MESSAGE][PASSED] - Send request successfully

2022-07-01 19:03:31 - [TEST_STEP][PASSED] - verifyResponseStatusCode(rslt, 401): Verify response status code successfully

2022-07-01 19:03:31 - [MESSAGE][PASSED] - Verify response status code successfully

2022-07-01 19:03:31 - [TEST_STEP][PASSED] - if (i == 0): null

2022-07-01 19:03:31 - [TEST_STEP][PASSED] - else if (i == 1): Verify element property value successfully

2022-07-01 19:03:31 - [TEST_STEP][PASSED] - admin_complexName = "": null

2022-07-01 19:03:31 - [TEST_STEP][PASSED] - callTestCase(findTestCase("Admin/Dummy Admin/LoginGetToken"), [:], CONTINUE_ON_FAILURE): Call Test Case 'Test Cases/Admin/Dummy Admin/LoginGetToken' successfully

2022-07-01 19:03:31 - [TEST_CASE][PASSED] - Test Cases/Admin/Dummy Admin/LoginGetToken: Test Cases/Admin/Dummy Admin/LoginGetToken

2022-07-01 19:03:31 - [TEST_STEP][PASSED] - admin_uname = "superadmin": null

2022-07-01 19:03:31 - [TEST_STEP][PASSED] - admin_password = "12345": null

2022-07-01 19:03:31 - [TEST_STEP][PASSED] - rslt = sendRequest(findTestObject("Postman/Admin/Auth/Login")): Send request successfully

2022-07-01 19:03:32 - [MESSAGE][INFO] - HAR: C:\Users\user\git\sewakantor-testing-apiTest\Reports\20220701_190227\AdminFlow\20220701_190227\requests\main\49.har

2022-07-01 19:03:32 - [MESSAGE][PASSED] - Send request successfully

2022-07-01 19:03:32 - [TEST_STEP][PASSED] - slurper = new groovy.json.JsonSlurper(): null

2022-07-01 19:03:32 - [TEST_STEP][PASSED] - result = slurper.parseText(rslt.getResponseBodyContent()): null

2022-07-01 19:03:32 - [TEST_STEP][PASSED] - value = token: null

2022-07-01 19:03:32 - [TEST_STEP][PASSED] - token = value: null

2022-07-01 19:03:32 - [TEST_STEP][PASSED] - println(token): null

2022-07-01 19:03:32 - [MESSAGE][PASSED] - Call Test Case 'Test Cases/Admin/Dummy Admin/LoginGetToken' successfully

2022-07-01 19:03:32 - [TEST_STEP][PASSED] - rslt = sendRequest(findTestObject("Postman/Admin/Complex/Create One")): Send request successfully

2022-07-01 19:03:33 - [MESSAGE][INFO] - HAR: C:\Users\user\git\sewakantor-testing-apiTest\Reports\20220701_190227\AdminFlow\20220701_190227\requests\main\50.har

2022-07-01 19:03:33 - [MESSAGE][PASSED] - Send request successfully

2022-07-01 19:03:33 - [TEST_STEP][PASSED] - verifyResponseStatusCode(rslt, 400): Verify response status code successfully

2022-07-01 19:03:33 - [MESSAGE][PASSED] - Verify response status code successfully

2022-07-01 19:03:33 - [TEST_STEP][PASSED] - verifyElementPropertyValue(rslt, "message", "Malformed request"): Verify element property value successfully

2022-07-01 19:03:34 - [MESSAGE][PASSED] - Verify element property value successfully

2022-07-01 19:03:34 - [TEST_STEP][PASSED] - if (i == 0): null

2022-07-01 19:03:34 - [TEST_STEP][PASSED] - else if (i == 1): null

2022-07-01 19:03:34 - [TEST_STEP][PASSED] - else if (i == 2): null

2022-07-01 19:03:34 - [TEST_STEP][PASSED] - admin_complexName = "Anggrek Permai": null

2022-07-01 19:03:34 - [TEST_STEP][PASSED] - admin_complexDesc = "ini default untuk test": null

2022-07-01 19:03:34 - [TEST_STEP][PASSED] - admin_CityID = "1": null

2022-07-01 19:03:34 - [TEST_STEP][PASSED] - rslt = sendRequest(findTestObject("Postman/Admin/Complex/Create One")): Send request successfully

2022-07-01 19:03:35 - [MESSAGE][INFO] - HAR: C:\Users\user\git\sewakantor-testing-apiTest\Reports\20220701_190227\AdminFlow\20220701_190227\requests\main\51.har

2022-07-01 19:03:35 - [MESSAGE][PASSED] - Send request successfully

2022-07-01 19:03:35 - [TEST_STEP][PASSED] - verifyResponseStatusCode(rslt, 500): Verify response status code successfully

2022-07-01 19:03:35 - [MESSAGE][PASSED] - Verify response status code successfully

2022-07-01 19:03:35 - [TEST_STEP][PASSED] - admin_complexName = "Artapura": null

2022-07-01 19:03:35 - [TEST_STEP][PASSED] - if (i == 0): null

2022-07-01 19:03:35 - [TEST_STEP][PASSED] - else if (i == 1): null

2022-07-01 19:03:35 - [TEST_STEP][PASSED] - else if (i == 2): null

2022-07-01 19:03:35 - [TEST_STEP][PASSED] - else if (i == 3): null

2022-07-01 19:03:35 - [TEST_STEP][PASSED] - admin_complexDesc = "": null

2022-07-01 19:03:35 - [TEST_STEP][PASSED] - rslt = sendRequest(findTestObject("Postman/Admin/Complex/Create One")): Send request successfully

2022-07-01 19:03:37 - [MESSAGE][INFO] - HAR: C:\Users\user\git\sewakantor-testing-apiTest\Reports\20220701_190227\AdminFlow\20220701_190227\requests\main\52.har

2022-07-01 19:03:37 - [MESSAGE][PASSED] - Send request successfully

2022-07-01 19:03:37 - [TEST_STEP][PASSED] - verifyResponseStatusCode(rslt, 400): Verify response status code successfully

2022-07-01 19:03:37 - [MESSAGE][PASSED] - Verify response status code successfully

2022-07-01 19:03:37 - [TEST_STEP][PASSED] - verifyElementPropertyValue(rslt, "message", "Malformed request"): Verify element property value successfully

2022-07-01 19:03:37 - [MESSAGE][PASSED] - Verify element property value successfully

2022-07-01 19:03:37 - [TEST_STEP][PASSED] - admin_complexDesc = "Lorem ipsum dolor sit amet": null

2022-07-01 19:03:37 - [TEST_STEP][PASSED] - if (i == 0): null

2022-07-01 19:03:37 - [TEST_STEP][PASSED] - else if (i == 1): null

2022-07-01 19:03:37 - [TEST_STEP][PASSED] - else if (i == 2): null

2022-07-01 19:03:37 - [TEST_STEP][PASSED] - else if (i == 3): null

2022-07-01 19:03:37 - [TEST_STEP][PASSED] - else if (i == 4): Verify element property value successfully

2022-07-01 19:03:37 - [TEST_STEP][PASSED] - admin_CityID = "": null

2022-07-01 19:03:37 - [TEST_STEP][PASSED] - rslt = sendRequest(findTestObject("Postman/Admin/Complex/Create One")): Send request successfully

2022-07-01 19:03:38 - [MESSAGE][INFO] - HAR: C:\Users\user\git\sewakantor-testing-apiTest\Reports\20220701_190227\AdminFlow\20220701_190227\requests\main\53.har

2022-07-01 19:03:38 - [MESSAGE][PASSED] - Send request successfully

2022-07-01 19:03:38 - [TEST_STEP][PASSED] - verifyResponseStatusCode(rslt, 400): Verify response status code successfully

2022-07-01 19:03:38 - [MESSAGE][PASSED] - Verify response status code successfully

2022-07-01 19:03:38 - [TEST_STEP][PASSED] - verifyElementPropertyValue(rslt, "message", "Malformed request"): Verify element property value successfully

2022-07-01 19:03:38 - [MESSAGE][PASSED] - Verify element property value successfully

2022-07-01 19:03:38 - [TEST_STEP][PASSED] - if (i == 0): null

2022-07-01 19:03:38 - [TEST_STEP][PASSED] - else if (i == 1): null

2022-07-01 19:03:38 - [TEST_STEP][PASSED] - else if (i == 2): null

2022-07-01 19:03:38 - [TEST_STEP][PASSED] - else if (i == 3): null

2022-07-01 19:03:38 - [TEST_STEP][PASSED] - else if (i == 4): null

2022-07-01 19:03:38 - [TEST_STEP][PASSED] - else if (i == 5): Verify element property value successfully

2022-07-01 19:03:38 - [TEST_STEP][PASSED] - admin_CityID = "0": null

2022-07-01 19:03:38 - [TEST_STEP][PASSED] - rslt = sendRequest(findTestObject("Postman/Admin/Complex/Create One")): Send request successfully

2022-07-01 19:03:40 - [MESSAGE][INFO] - HAR: C:\Users\user\git\sewakantor-testing-apiTest\Reports\20220701_190227\AdminFlow\20220701_190227\requests\main\54.har

2022-07-01 19:03:40 - [MESSAGE][PASSED] - Send request successfully

2022-07-01 19:03:40 - [TEST_STEP][PASSED] - verifyResponseStatusCode(rslt, 404): Verify response status code successfully

2022-07-01 19:03:40 - [MESSAGE][PASSED] - Verify response status code successfully

2022-07-01 19:03:40 - [TEST_STEP][PASSED] - verifyElementPropertyValue(rslt, "message", "city not found"): Verify element property value successfully

2022-07-01 19:03:40 - [MESSAGE][PASSED] - Verify element property value successfully

2022-07-01 19:03:40 - [TEST_STEP][PASSED] - if (i == 0): null

2022-07-01 19:03:40 - [TEST_STEP][PASSED] - else if (i == 1): null

2022-07-01 19:03:40 - [TEST_STEP][PASSED] - else if (i == 2): null

2022-07-01 19:03:40 - [TEST_STEP][PASSED] - else if (i == 3): null

2022-07-01 19:03:40 - [TEST_STEP][PASSED] - else if (i == 4): null

2022-07-01 19:03:40 - [TEST_STEP][PASSED] - else if (i == 5): null

2022-07-01 19:03:40 - [TEST_STEP][PASSED] - else if (i == 6): Verify element property value successfully

2022-07-01 19:03:40 - [TEST_STEP][PASSED] - admin_complexName = "Artapura": null

2022-07-01 19:03:40 - [TEST_STEP][PASSED] - admin_complexDesc = "Lorem ipsum dolor sit amet, consectetur adipiscing elit, sed do eiusmod tempor incididunt ut labore et dolore magna aliqua.Lorem ipsum dolor sit amet, consectetur adipiscing elit, sed do eiusmod tempor incididunt ut labore et dolore magna aliqua.Lorem ipsu": null

2022-07-01 19:03:40 - [TEST_STEP][PASSED] - admin_CityID = "1": null

2022-07-01 19:03:40 - [TEST_STEP][PASSED] - rslt = sendRequest(findTestObject("Postman/Admin/Complex/Create One")): Send request successfully

2022-07-01 19:03:42 - [MESSAGE][INFO] - HAR: C:\Users\user\git\sewakantor-testing-apiTest\Reports\20220701_190227\AdminFlow\20220701_190227\requests\main\55.har

2022-07-01 19:03:42 - [MESSAGE][PASSED] - Send request successfully

2022-07-01 19:03:42 - [TEST_STEP][PASSED] - verifyResponseStatusCode(rslt, 200): Verify response status code successfully

2022-07-01 19:03:42 - [MESSAGE][PASSED] - Verify response status code successfully

2022-07-01 19:03:42 - [TEST_STEP][PASSED] - verifyElementPropertyValue(rslt, "message", "complex saved successfully"): Verify element property value successfully

2022-07-01 19:03:42 - [MESSAGE][PASSED] - Verify element property value successfully

2022-07-01 19:03:42 - [TEST_STEP][PASSED] - slurper = new groovy.json.JsonSlurper(): null

2022-07-01 19:03:42 - [TEST_STEP][PASSED] - result = slurper.parseText(rslt.getResponseBodyContent()): null

2022-07-01 19:03:42 - [TEST_STEP][PASSED] - value = id: null

2022-07-01 19:03:42 - [TEST_STEP][PASSED] - admin_ComplexID = value: null

2022-07-01 19:03:42 - [TEST_STEP][PASSED] - println(admin_ComplexID): null]]></system-out>
         <system-err><![CDATA[]]></system-err>
      </testcase>
      <testcase name="Test Cases/Admin/TS4_Complex/TC_Update Complex" time="1.269" classname="Test Cases/Admin/TS4_Complex/TC_Update Complex" status="ERROR">
         <error type="ERROR" message="Test Cases/Admin/TS4_Complex/TC_Update Complex FAILED.
Reason:
com.kms.katalon.core.exception.KatalonRuntimeException: java.io.FileNotFoundException: C:\Users\user\Downloads\working image.jpg (The system cannot find the file specified)
	at com.kms.katalon.core.testobject.internal.impl.HttpBodyContentReader.fromSource(HttpBodyContentReader.java:71)
	at com.kms.katalon.core.testobject.ObjectRepository.findRequestObject(ObjectRepository.java:460)
	at com.kms.katalon.core.testobject.ObjectRepository.readTestObjectFile(ObjectRepository.java:229)
	at com.kms.katalon.core.testobject.ObjectRepository.findTestObject(ObjectRepository.java:183)
	at com.kms.katalon.core.testobject.ObjectRepository.findTestObject(ObjectRepository.java:136)
	at com.kms.katalon.core.testobject.ObjectRepository$findTestObject.callStatic(Unknown Source)
	at TC_Update Complex.run(TC_Update Complex:34)
	at com.kms.katalon.core.main.ScriptEngine.run(ScriptEngine.java:194)
	at com.kms.katalon.core.main.ScriptEngine.runScriptAsRawText(ScriptEngine.java:119)
	at com.kms.katalon.core.main.TestCaseExecutor.runScript(TestCaseExecutor.java:445)
	at com.kms.katalon.core.main.TestCaseExecutor.doExecute(TestCaseExecutor.java:436)
	at com.kms.katalon.core.main.TestCaseExecutor.processExecutionPhase(TestCaseExecutor.java:415)
	at com.kms.katalon.core.main.TestCaseExecutor.accessMainPhase(TestCaseExecutor.java:407)
	at com.kms.katalon.core.main.TestCaseExecutor.execute(TestCaseExecutor.java:284)
	at com.kms.katalon.core.common.CommonExecutor.accessTestCaseMainPhase(CommonExecutor.java:65)
	at com.kms.katalon.core.main.TestSuiteExecutor.accessTestSuiteMainPhase(TestSuiteExecutor.java:144)
	at com.kms.katalon.core.main.TestSuiteExecutor.execute(TestSuiteExecutor.java:106)
	at com.kms.katalon.core.main.TestCaseMain.startTestSuite(TestCaseMain.java:185)
	at com.kms.katalon.core.main.TestCaseMain$startTestSuite$0.call(Unknown Source)
	at TempTestSuite1656676947680.run(TempTestSuite1656676947680.groovy:36)
Caused by: java.io.FileNotFoundException: C:\Users\user\Downloads\working image.jpg (The system cannot find the file specified)
	at com.kms.katalon.core.testobject.impl.HttpFormDataBodyContent.&lt;init>(HttpFormDataBodyContent.java:44)
	at com.kms.katalon.core.testobject.internal.impl.HttpBodyContentReader.fromSource(HttpBodyContentReader.java:69)
	... 19 more
"/>
         <system-out><![CDATA[2022-07-01 19:03:42 - [TEST_CASE][ERROR] - Test Cases/Admin/TS4_Complex/TC_Update Complex: Test Cases/Admin/TS4_Complex/TC_Update Complex FAILED.
Reason:
com.kms.katalon.core.exception.KatalonRuntimeException: java.io.FileNotFoundException: C:\Users\user\Downloads\working image.jpg (The system cannot find the file specified)
	at com.kms.katalon.core.testobject.internal.impl.HttpBodyContentReader.fromSource(HttpBodyContentReader.java:71)
	at com.kms.katalon.core.testobject.ObjectRepository.findRequestObject(ObjectRepository.java:460)
	at com.kms.katalon.core.testobject.ObjectRepository.readTestObjectFile(ObjectRepository.java:229)
	at com.kms.katalon.core.testobject.ObjectRepository.findTestObject(ObjectRepository.java:183)
	at com.kms.katalon.core.testobject.ObjectRepository.findTestObject(ObjectRepository.java:136)
	at com.kms.katalon.core.testobject.ObjectRepository$findTestObject.callStatic(Unknown Source)
	at TC_Update Complex.run(TC_Update Complex:34)
	at com.kms.katalon.core.main.ScriptEngine.run(ScriptEngine.java:194)
	at com.kms.katalon.core.main.ScriptEngine.runScriptAsRawText(ScriptEngine.java:119)
	at com.kms.katalon.core.main.TestCaseExecutor.runScript(TestCaseExecutor.java:445)
	at com.kms.katalon.core.main.TestCaseExecutor.doExecute(TestCaseExecutor.java:436)
	at com.kms.katalon.core.main.TestCaseExecutor.processExecutionPhase(TestCaseExecutor.java:415)
	at com.kms.katalon.core.main.TestCaseExecutor.accessMainPhase(TestCaseExecutor.java:407)
	at com.kms.katalon.core.main.TestCaseExecutor.execute(TestCaseExecutor.java:284)
	at com.kms.katalon.core.common.CommonExecutor.accessTestCaseMainPhase(CommonExecutor.java:65)
	at com.kms.katalon.core.main.TestSuiteExecutor.accessTestSuiteMainPhase(TestSuiteExecutor.java:144)
	at com.kms.katalon.core.main.TestSuiteExecutor.execute(TestSuiteExecutor.java:106)
	at com.kms.katalon.core.main.TestCaseMain.startTestSuite(TestCaseMain.java:185)
	at com.kms.katalon.core.main.TestCaseMain$startTestSuite$0.call(Unknown Source)
	at TempTestSuite1656676947680.run(TempTestSuite1656676947680.groovy:36)
Caused by: java.io.FileNotFoundException: C:\Users\user\Downloads\working image.jpg (The system cannot find the file specified)
	at com.kms.katalon.core.testobject.impl.HttpFormDataBodyContent.<init>(HttpFormDataBodyContent.java:44)
	at com.kms.katalon.core.testobject.internal.impl.HttpBodyContentReader.fromSource(HttpBodyContentReader.java:69)
	... 19 more


2022-07-01 19:03:43 - [TEST_STEP][PASSED] - dump = admin_ComplexID: null

2022-07-01 19:03:43 - [TEST_STEP][PASSED] - admin_complexName = "Anggrek Permai": null

2022-07-01 19:03:43 - [TEST_STEP][PASSED] - admin_complexDesc = "ini default untuk test": null

2022-07-01 19:03:43 - [TEST_STEP][PASSED] - admin_CityID = "1": null

2022-07-01 19:03:43 - [TEST_STEP][ERROR] - for ([i = 0, i < 7, (i++)]): Test Cases/Admin/TS4_Complex/TC_Update Complex FAILED.
Reason:
com.kms.katalon.core.exception.KatalonRuntimeException: java.io.FileNotFoundException: C:\Users\user\Downloads\working image.jpg (The system cannot find the file specified)
	at com.kms.katalon.core.testobject.internal.impl.HttpBodyContentReader.fromSource(HttpBodyContentReader.java:71)
	at com.kms.katalon.core.testobject.ObjectRepository.findRequestObject(ObjectRepository.java:460)
	at com.kms.katalon.core.testobject.ObjectRepository.readTestObjectFile(ObjectRepository.java:229)
	at com.kms.katalon.core.testobject.ObjectRepository.findTestObject(ObjectRepository.java:183)
	at com.kms.katalon.core.testobject.ObjectRepository.findTestObject(ObjectRepository.java:136)
	at com.kms.katalon.core.testobject.ObjectRepository$findTestObject.callStatic(Unknown Source)
	at TC_Update Complex.run(TC_Update Complex:34)
	at com.kms.katalon.core.main.ScriptEngine.run(ScriptEngine.java:194)
	at com.kms.katalon.core.main.ScriptEngine.runScriptAsRawText(ScriptEngine.java:119)
	at com.kms.katalon.core.main.TestCaseExecutor.runScript(TestCaseExecutor.java:445)
	at com.kms.katalon.core.main.TestCaseExecutor.doExecute(TestCaseExecutor.java:436)
	at com.kms.katalon.core.main.TestCaseExecutor.processExecutionPhase(TestCaseExecutor.java:415)
	at com.kms.katalon.core.main.TestCaseExecutor.accessMainPhase(TestCaseExecutor.java:407)
	at com.kms.katalon.core.main.TestCaseExecutor.execute(TestCaseExecutor.java:284)
	at com.kms.katalon.core.common.CommonExecutor.accessTestCaseMainPhase(CommonExecutor.java:65)
	at com.kms.katalon.core.main.TestSuiteExecutor.accessTestSuiteMainPhase(TestSuiteExecutor.java:144)
	at com.kms.katalon.core.main.TestSuiteExecutor.execute(TestSuiteExecutor.java:106)
	at com.kms.katalon.core.main.TestCaseMain.startTestSuite(TestCaseMain.java:185)
	at com.kms.katalon.core.main.TestCaseMain$startTestSuite$0.call(Unknown Source)
	at TempTestSuite1656676947680.run(TempTestSuite1656676947680.groovy:36)
Caused by: java.io.FileNotFoundException: C:\Users\user\Downloads\working image.jpg (The system cannot find the file specified)
	at com.kms.katalon.core.testobject.impl.HttpFormDataBodyContent.<init>(HttpFormDataBodyContent.java:44)
	at com.kms.katalon.core.testobject.internal.impl.HttpBodyContentReader.fromSource(HttpBodyContentReader.java:69)
	at com.kms.katalon.core.testobject.ObjectRepository.findRequestObject(ObjectRepository.java:460)
	at com.kms.katalon.core.testobject.ObjectRepository.readTestObjectFile(ObjectRepository.java:229)
	at com.kms.katalon.core.testobject.ObjectRepository.findTestObject(ObjectRepository.java:183)
	at com.kms.katalon.core.testobject.ObjectRepository.findTestObject(ObjectRepository.java:136)
	at com.kms.katalon.core.testobject.ObjectRepository$findTestObject.callStatic(Unknown Source)
	at Script1656472714580.run(Script1656472714580.groovy:34)
	... 13 more


2022-07-01 19:03:43 - [TEST_STEP][ERROR] - if (i == 0): Test Cases/Admin/TS4_Complex/TC_Update Complex FAILED.
Reason:
com.kms.katalon.core.exception.KatalonRuntimeException: java.io.FileNotFoundException: C:\Users\user\Downloads\working image.jpg (The system cannot find the file specified)
	at com.kms.katalon.core.testobject.internal.impl.HttpBodyContentReader.fromSource(HttpBodyContentReader.java:71)
	at com.kms.katalon.core.testobject.ObjectRepository.findRequestObject(ObjectRepository.java:460)
	at com.kms.katalon.core.testobject.ObjectRepository.readTestObjectFile(ObjectRepository.java:229)
	at com.kms.katalon.core.testobject.ObjectRepository.findTestObject(ObjectRepository.java:183)
	at com.kms.katalon.core.testobject.ObjectRepository.findTestObject(ObjectRepository.java:136)
	at com.kms.katalon.core.testobject.ObjectRepository$findTestObject.callStatic(Unknown Source)
	at TC_Update Complex.run(TC_Update Complex:34)
	at com.kms.katalon.core.main.ScriptEngine.run(ScriptEngine.java:194)
	at com.kms.katalon.core.main.ScriptEngine.runScriptAsRawText(ScriptEngine.java:119)
	at com.kms.katalon.core.main.TestCaseExecutor.runScript(TestCaseExecutor.java:445)
	at com.kms.katalon.core.main.TestCaseExecutor.doExecute(TestCaseExecutor.java:436)
	at com.kms.katalon.core.main.TestCaseExecutor.processExecutionPhase(TestCaseExecutor.java:415)
	at com.kms.katalon.core.main.TestCaseExecutor.accessMainPhase(TestCaseExecutor.java:407)
	at com.kms.katalon.core.main.TestCaseExecutor.execute(TestCaseExecutor.java:284)
	at com.kms.katalon.core.common.CommonExecutor.accessTestCaseMainPhase(CommonExecutor.java:65)
	at com.kms.katalon.core.main.TestSuiteExecutor.accessTestSuiteMainPhase(TestSuiteExecutor.java:144)
	at com.kms.katalon.core.main.TestSuiteExecutor.execute(TestSuiteExecutor.java:106)
	at com.kms.katalon.core.main.TestCaseMain.startTestSuite(TestCaseMain.java:185)
	at com.kms.katalon.core.main.TestCaseMain$startTestSuite$0.call(Unknown Source)
	at TempTestSuite1656676947680.run(TempTestSuite1656676947680.groovy:36)
Caused by: java.io.FileNotFoundException: C:\Users\user\Downloads\working image.jpg (The system cannot find the file specified)
	at com.kms.katalon.core.testobject.impl.HttpFormDataBodyContent.<init>(HttpFormDataBodyContent.java:44)
	at com.kms.katalon.core.testobject.internal.impl.HttpBodyContentReader.fromSource(HttpBodyContentReader.java:69)
	at com.kms.katalon.core.testobject.ObjectRepository.findRequestObject(ObjectRepository.java:460)
	at com.kms.katalon.core.testobject.ObjectRepository.readTestObjectFile(ObjectRepository.java:229)
	at com.kms.katalon.core.testobject.ObjectRepository.findTestObject(ObjectRepository.java:183)
	at com.kms.katalon.core.testobject.ObjectRepository.findTestObject(ObjectRepository.java:136)
	at com.kms.katalon.core.testobject.ObjectRepository$findTestObject.callStatic(Unknown Source)
	at Script1656472714580.run(Script1656472714580.groovy:34)
	... 13 more


2022-07-01 19:03:43 - [TEST_STEP][PASSED] - token = "": null

2022-07-01 19:03:43 - [TEST_STEP][ERROR] - rslt = sendRequest(findTestObject("Postman/Admin/Complex/Update")): Test Cases/Admin/TS4_Complex/TC_Update Complex FAILED.
Reason:
com.kms.katalon.core.exception.KatalonRuntimeException: java.io.FileNotFoundException: C:\Users\user\Downloads\working image.jpg (The system cannot find the file specified)
	at com.kms.katalon.core.testobject.internal.impl.HttpBodyContentReader.fromSource(HttpBodyContentReader.java:71)
	at com.kms.katalon.core.testobject.ObjectRepository.findRequestObject(ObjectRepository.java:460)
	at com.kms.katalon.core.testobject.ObjectRepository.readTestObjectFile(ObjectRepository.java:229)
	at com.kms.katalon.core.testobject.ObjectRepository.findTestObject(ObjectRepository.java:183)
	at com.kms.katalon.core.testobject.ObjectRepository.findTestObject(ObjectRepository.java:136)
	at com.kms.katalon.core.testobject.ObjectRepository$findTestObject.callStatic(Unknown Source)
	at TC_Update Complex.run(TC_Update Complex:34)
	at com.kms.katalon.core.main.ScriptEngine.run(ScriptEngine.java:194)
	at com.kms.katalon.core.main.ScriptEngine.runScriptAsRawText(ScriptEngine.java:119)
	at com.kms.katalon.core.main.TestCaseExecutor.runScript(TestCaseExecutor.java:445)
	at com.kms.katalon.core.main.TestCaseExecutor.doExecute(TestCaseExecutor.java:436)
	at com.kms.katalon.core.main.TestCaseExecutor.processExecutionPhase(TestCaseExecutor.java:415)
	at com.kms.katalon.core.main.TestCaseExecutor.accessMainPhase(TestCaseExecutor.java:407)
	at com.kms.katalon.core.main.TestCaseExecutor.execute(TestCaseExecutor.java:284)
	at com.kms.katalon.core.common.CommonExecutor.accessTestCaseMainPhase(CommonExecutor.java:65)
	at com.kms.katalon.core.main.TestSuiteExecutor.accessTestSuiteMainPhase(TestSuiteExecutor.java:144)
	at com.kms.katalon.core.main.TestSuiteExecutor.execute(TestSuiteExecutor.java:106)
	at com.kms.katalon.core.main.TestCaseMain.startTestSuite(TestCaseMain.java:185)
	at com.kms.katalon.core.main.TestCaseMain$startTestSuite$0.call(Unknown Source)
	at TempTestSuite1656676947680.run(TempTestSuite1656676947680.groovy:36)
Caused by: java.io.FileNotFoundException: C:\Users\user\Downloads\working image.jpg (The system cannot find the file specified)
	at com.kms.katalon.core.testobject.impl.HttpFormDataBodyContent.<init>(HttpFormDataBodyContent.java:44)
	at com.kms.katalon.core.testobject.internal.impl.HttpBodyContentReader.fromSource(HttpBodyContentReader.java:69)
	at com.kms.katalon.core.testobject.ObjectRepository.findRequestObject(ObjectRepository.java:460)
	at com.kms.katalon.core.testobject.ObjectRepository.readTestObjectFile(ObjectRepository.java:229)
	at com.kms.katalon.core.testobject.ObjectRepository.findTestObject(ObjectRepository.java:183)
	at com.kms.katalon.core.testobject.ObjectRepository.findTestObject(ObjectRepository.java:136)
	at com.kms.katalon.core.testobject.ObjectRepository$findTestObject.callStatic(Unknown Source)
	at Script1656472714580.run(Script1656472714580.groovy:34)
	... 13 more


2022-07-01 19:03:43 - [MESSAGE][ERROR] - Test Cases/Admin/TS4_Complex/TC_Update Complex FAILED.
Reason:
com.kms.katalon.core.exception.KatalonRuntimeException: java.io.FileNotFoundException: C:\Users\user\Downloads\working image.jpg (The system cannot find the file specified)
	at com.kms.katalon.core.testobject.internal.impl.HttpBodyContentReader.fromSource(HttpBodyContentReader.java:71)
	at com.kms.katalon.core.testobject.ObjectRepository.findRequestObject(ObjectRepository.java:460)
	at com.kms.katalon.core.testobject.ObjectRepository.readTestObjectFile(ObjectRepository.java:229)
	at com.kms.katalon.core.testobject.ObjectRepository.findTestObject(ObjectRepository.java:183)
	at com.kms.katalon.core.testobject.ObjectRepository.findTestObject(ObjectRepository.java:136)
	at com.kms.katalon.core.testobject.ObjectRepository$findTestObject.callStatic(Unknown Source)
	at TC_Update Complex.run(TC_Update Complex:34)
	at com.kms.katalon.core.main.ScriptEngine.run(ScriptEngine.java:194)
	at com.kms.katalon.core.main.ScriptEngine.runScriptAsRawText(ScriptEngine.java:119)
	at com.kms.katalon.core.main.TestCaseExecutor.runScript(TestCaseExecutor.java:445)
	at com.kms.katalon.core.main.TestCaseExecutor.doExecute(TestCaseExecutor.java:436)
	at com.kms.katalon.core.main.TestCaseExecutor.processExecutionPhase(TestCaseExecutor.java:415)
	at com.kms.katalon.core.main.TestCaseExecutor.accessMainPhase(TestCaseExecutor.java:407)
	at com.kms.katalon.core.main.TestCaseExecutor.execute(TestCaseExecutor.java:284)
	at com.kms.katalon.core.common.CommonExecutor.accessTestCaseMainPhase(CommonExecutor.java:65)
	at com.kms.katalon.core.main.TestSuiteExecutor.accessTestSuiteMainPhase(TestSuiteExecutor.java:144)
	at com.kms.katalon.core.main.TestSuiteExecutor.execute(TestSuiteExecutor.java:106)
	at com.kms.katalon.core.main.TestCaseMain.startTestSuite(TestCaseMain.java:185)
	at com.kms.katalon.core.main.TestCaseMain$startTestSuite$0.call(Unknown Source)
	at TempTestSuite1656676947680.run(TempTestSuite1656676947680.groovy:36)
Caused by: java.io.FileNotFoundException: C:\Users\user\Downloads\working image.jpg (The system cannot find the file specified)
	at com.kms.katalon.core.testobject.impl.HttpFormDataBodyContent.<init>(HttpFormDataBodyContent.java:44)
	at com.kms.katalon.core.testobject.internal.impl.HttpBodyContentReader.fromSource(HttpBodyContentReader.java:69)
	at com.kms.katalon.core.testobject.ObjectRepository.findRequestObject(ObjectRepository.java:460)
	at com.kms.katalon.core.testobject.ObjectRepository.readTestObjectFile(ObjectRepository.java:229)
	at com.kms.katalon.core.testobject.ObjectRepository.findTestObject(ObjectRepository.java:183)
	at com.kms.katalon.core.testobject.ObjectRepository.findTestObject(ObjectRepository.java:136)
	at com.kms.katalon.core.testobject.ObjectRepository$findTestObject.callStatic(Unknown Source)
	at Script1656472714580.run(Script1656472714580.groovy:34)
	... 13 more]]></system-out>
         <system-err><![CDATA[2022-07-01 19:03:42 - [TEST_CASE][ERROR] - Test Cases/Admin/TS4_Complex/TC_Update Complex: Test Cases/Admin/TS4_Complex/TC_Update Complex FAILED.
Reason:
com.kms.katalon.core.exception.KatalonRuntimeException: java.io.FileNotFoundException: C:\Users\user\Downloads\working image.jpg (The system cannot find the file specified)
	at com.kms.katalon.core.testobject.internal.impl.HttpBodyContentReader.fromSource(HttpBodyContentReader.java:71)
	at com.kms.katalon.core.testobject.ObjectRepository.findRequestObject(ObjectRepository.java:460)
	at com.kms.katalon.core.testobject.ObjectRepository.readTestObjectFile(ObjectRepository.java:229)
	at com.kms.katalon.core.testobject.ObjectRepository.findTestObject(ObjectRepository.java:183)
	at com.kms.katalon.core.testobject.ObjectRepository.findTestObject(ObjectRepository.java:136)
	at com.kms.katalon.core.testobject.ObjectRepository$findTestObject.callStatic(Unknown Source)
	at TC_Update Complex.run(TC_Update Complex:34)
	at com.kms.katalon.core.main.ScriptEngine.run(ScriptEngine.java:194)
	at com.kms.katalon.core.main.ScriptEngine.runScriptAsRawText(ScriptEngine.java:119)
	at com.kms.katalon.core.main.TestCaseExecutor.runScript(TestCaseExecutor.java:445)
	at com.kms.katalon.core.main.TestCaseExecutor.doExecute(TestCaseExecutor.java:436)
	at com.kms.katalon.core.main.TestCaseExecutor.processExecutionPhase(TestCaseExecutor.java:415)
	at com.kms.katalon.core.main.TestCaseExecutor.accessMainPhase(TestCaseExecutor.java:407)
	at com.kms.katalon.core.main.TestCaseExecutor.execute(TestCaseExecutor.java:284)
	at com.kms.katalon.core.common.CommonExecutor.accessTestCaseMainPhase(CommonExecutor.java:65)
	at com.kms.katalon.core.main.TestSuiteExecutor.accessTestSuiteMainPhase(TestSuiteExecutor.java:144)
	at com.kms.katalon.core.main.TestSuiteExecutor.execute(TestSuiteExecutor.java:106)
	at com.kms.katalon.core.main.TestCaseMain.startTestSuite(TestCaseMain.java:185)
	at com.kms.katalon.core.main.TestCaseMain$startTestSuite$0.call(Unknown Source)
	at TempTestSuite1656676947680.run(TempTestSuite1656676947680.groovy:36)
Caused by: java.io.FileNotFoundException: C:\Users\user\Downloads\working image.jpg (The system cannot find the file specified)
	at com.kms.katalon.core.testobject.impl.HttpFormDataBodyContent.<init>(HttpFormDataBodyContent.java:44)
	at com.kms.katalon.core.testobject.internal.impl.HttpBodyContentReader.fromSource(HttpBodyContentReader.java:69)
	... 19 more]]></system-err>
      </testcase>
      <testcase name="Test Cases/Admin/TS4_Complex/TC_Delete Complex" time="3.837" classname="Test Cases/Admin/TS4_Complex/TC_Delete Complex" status="PASSED">
         <system-out><![CDATA[2022-07-01 19:03:43 - [TEST_CASE][PASSED] - Test Cases/Admin/TS4_Complex/TC_Delete Complex: Test Cases/Admin/TS4_Complex/TC_Delete Complex

2022-07-01 19:03:44 - [TEST_STEP][PASSED] - dump = admin_ComplexID: null

2022-07-01 19:03:44 - [TEST_STEP][PASSED] - for ([i = 0, i < 3, (i++)]): Verify element property value successfully

2022-07-01 19:03:44 - [TEST_STEP][PASSED] - if (i == 0): Verify response status code successfully

2022-07-01 19:03:44 - [TEST_STEP][PASSED] - token = "": null

2022-07-01 19:03:44 - [TEST_STEP][PASSED] - rslt = sendRequest(findTestObject("Postman/Admin/Complex/Delete")): Send request successfully

2022-07-01 19:03:45 - [MESSAGE][INFO] - HAR: C:\Users\user\git\sewakantor-testing-apiTest\Reports\20220701_190227\AdminFlow\20220701_190227\requests\main\56.har

2022-07-01 19:03:45 - [MESSAGE][PASSED] - Send request successfully

2022-07-01 19:03:45 - [TEST_STEP][PASSED] - verifyResponseStatusCode(rslt, 401): Verify response status code successfully

2022-07-01 19:03:45 - [MESSAGE][PASSED] - Verify response status code successfully

2022-07-01 19:03:45 - [TEST_STEP][PASSED] - if (i == 0): null

2022-07-01 19:03:45 - [TEST_STEP][PASSED] - else if (i == 1): null

2022-07-01 19:03:45 - [TEST_STEP][PASSED] - callTestCase(findTestCase("Admin/Dummy Admin/LoginGetToken"), [:], CONTINUE_ON_FAILURE): Call Test Case 'Test Cases/Admin/Dummy Admin/LoginGetToken' successfully

2022-07-01 19:03:45 - [TEST_CASE][PASSED] - Test Cases/Admin/Dummy Admin/LoginGetToken: Test Cases/Admin/Dummy Admin/LoginGetToken

2022-07-01 19:03:45 - [TEST_STEP][PASSED] - admin_uname = "superadmin": null

2022-07-01 19:03:45 - [TEST_STEP][PASSED] - admin_password = "12345": null

2022-07-01 19:03:45 - [TEST_STEP][PASSED] - rslt = sendRequest(findTestObject("Postman/Admin/Auth/Login")): Send request successfully

2022-07-01 19:03:46 - [MESSAGE][INFO] - HAR: C:\Users\user\git\sewakantor-testing-apiTest\Reports\20220701_190227\AdminFlow\20220701_190227\requests\main\57.har

2022-07-01 19:03:46 - [MESSAGE][PASSED] - Send request successfully

2022-07-01 19:03:46 - [TEST_STEP][PASSED] - slurper = new groovy.json.JsonSlurper(): null

2022-07-01 19:03:46 - [TEST_STEP][PASSED] - result = slurper.parseText(rslt.getResponseBodyContent()): null

2022-07-01 19:03:46 - [TEST_STEP][PASSED] - value = token: null

2022-07-01 19:03:46 - [TEST_STEP][PASSED] - token = value: null

2022-07-01 19:03:46 - [TEST_STEP][PASSED] - println(token): null

2022-07-01 19:03:46 - [MESSAGE][PASSED] - Call Test Case 'Test Cases/Admin/Dummy Admin/LoginGetToken' successfully

2022-07-01 19:03:46 - [TEST_STEP][PASSED] - admin_ComplexID = "0": null

2022-07-01 19:03:46 - [TEST_STEP][PASSED] - rslt = sendRequest(findTestObject("Postman/Admin/Complex/Delete")): Send request successfully

2022-07-01 19:03:46 - [MESSAGE][INFO] - HAR: C:\Users\user\git\sewakantor-testing-apiTest\Reports\20220701_190227\AdminFlow\20220701_190227\requests\main\58.har

2022-07-01 19:03:46 - [MESSAGE][PASSED] - Send request successfully

2022-07-01 19:03:46 - [TEST_STEP][PASSED] - verifyResponseStatusCode(rslt, 404): Verify response status code successfully

2022-07-01 19:03:46 - [MESSAGE][PASSED] - Verify response status code successfully

2022-07-01 19:03:46 - [TEST_STEP][PASSED] - verifyElementPropertyValue(rslt, "message", "complex not found"): Verify element property value successfully

2022-07-01 19:03:46 - [MESSAGE][PASSED] - Verify element property value successfully

2022-07-01 19:03:46 - [TEST_STEP][PASSED] - admin_ComplexID = dump: null

2022-07-01 19:03:46 - [TEST_STEP][PASSED] - if (i == 0): null

2022-07-01 19:03:46 - [TEST_STEP][PASSED] - else if (i == 1): null

2022-07-01 19:03:46 - [TEST_STEP][PASSED] - else: Verify element property value successfully

2022-07-01 19:03:46 - [TEST_STEP][PASSED] - rslt = sendRequest(findTestObject("Postman/Admin/Complex/Delete")): Send request successfully

2022-07-01 19:03:47 - [MESSAGE][INFO] - HAR: C:\Users\user\git\sewakantor-testing-apiTest\Reports\20220701_190227\AdminFlow\20220701_190227\requests\main\59.har

2022-07-01 19:03:47 - [MESSAGE][PASSED] - Send request successfully

2022-07-01 19:03:47 - [TEST_STEP][PASSED] - verifyResponseStatusCode(rslt, 200): Verify response status code successfully

2022-07-01 19:03:47 - [MESSAGE][PASSED] - Verify response status code successfully

2022-07-01 19:03:47 - [TEST_STEP][PASSED] - verifyElementPropertyValue(rslt, "message", "complex deleted successfully"): Verify element property value successfully

2022-07-01 19:03:47 - [MESSAGE][PASSED] - Verify element property value successfully]]></system-out>
         <system-err><![CDATA[]]></system-err>
      </testcase>
      <testcase name="Test Cases/Admin/TS2_Building Management/TC_GetAlllBuilding" time="3.386" classname="Test Cases/Admin/TS2_Building Management/TC_GetAlllBuilding" status="PASSED">
         <system-out><![CDATA[2022-07-01 19:03:47 - [TEST_CASE][PASSED] - Test Cases/Admin/TS2_Building Management/TC_GetAlllBuilding: Test Cases/Admin/TS2_Building Management/TC_GetAlllBuilding

2022-07-01 19:03:48 - [TEST_STEP][PASSED] - for ([i = 0, i < 2, (i++)]): Verify element property value successfully

2022-07-01 19:03:48 - [TEST_STEP][PASSED] - if (i == 0): Verify response status code successfully

2022-07-01 19:03:48 - [TEST_STEP][PASSED] - token = "": null

2022-07-01 19:03:48 - [TEST_STEP][PASSED] - rslt = sendRequest(findTestObject("Postman/Admin/Building/Get All")): Send request successfully

2022-07-01 19:03:48 - [MESSAGE][INFO] - HAR: C:\Users\user\git\sewakantor-testing-apiTest\Reports\20220701_190227\AdminFlow\20220701_190227\requests\main\60.har

2022-07-01 19:03:48 - [MESSAGE][PASSED] - Send request successfully

2022-07-01 19:03:48 - [TEST_STEP][PASSED] - verifyResponseStatusCode(rslt, 401): Verify response status code successfully

2022-07-01 19:03:48 - [MESSAGE][PASSED] - Verify response status code successfully

2022-07-01 19:03:48 - [TEST_STEP][PASSED] - if (i == 0): null

2022-07-01 19:03:48 - [TEST_STEP][PASSED] - else if (i == 1): Verify element property value successfully

2022-07-01 19:03:48 - [TEST_STEP][PASSED] - callTestCase(findTestCase("Admin/Dummy Admin/LoginGetToken"), [:], STOP_ON_FAILURE): Call Test Case 'Test Cases/Admin/Dummy Admin/LoginGetToken' successfully

2022-07-01 19:03:48 - [TEST_CASE][PASSED] - Test Cases/Admin/Dummy Admin/LoginGetToken: Test Cases/Admin/Dummy Admin/LoginGetToken

2022-07-01 19:03:48 - [TEST_STEP][PASSED] - admin_uname = "superadmin": null

2022-07-01 19:03:48 - [TEST_STEP][PASSED] - admin_password = "12345": null

2022-07-01 19:03:48 - [TEST_STEP][PASSED] - rslt = sendRequest(findTestObject("Postman/Admin/Auth/Login")): Send request successfully

2022-07-01 19:03:50 - [MESSAGE][INFO] - HAR: C:\Users\user\git\sewakantor-testing-apiTest\Reports\20220701_190227\AdminFlow\20220701_190227\requests\main\61.har

2022-07-01 19:03:50 - [MESSAGE][PASSED] - Send request successfully

2022-07-01 19:03:50 - [TEST_STEP][PASSED] - slurper = new groovy.json.JsonSlurper(): null

2022-07-01 19:03:50 - [TEST_STEP][PASSED] - result = slurper.parseText(rslt.getResponseBodyContent()): null

2022-07-01 19:03:50 - [TEST_STEP][PASSED] - value = token: null

2022-07-01 19:03:50 - [TEST_STEP][PASSED] - token = value: null

2022-07-01 19:03:50 - [TEST_STEP][PASSED] - println(token): null

2022-07-01 19:03:50 - [MESSAGE][PASSED] - Call Test Case 'Test Cases/Admin/Dummy Admin/LoginGetToken' successfully

2022-07-01 19:03:50 - [TEST_STEP][PASSED] - rslt = sendRequest(findTestObject("Postman/Admin/Building/Get All")): Send request successfully

2022-07-01 19:03:50 - [MESSAGE][INFO] - HAR: C:\Users\user\git\sewakantor-testing-apiTest\Reports\20220701_190227\AdminFlow\20220701_190227\requests\main\62.har

2022-07-01 19:03:50 - [MESSAGE][PASSED] - Send request successfully

2022-07-01 19:03:50 - [TEST_STEP][PASSED] - verifyResponseStatusCode(rslt, 200): Verify response status code successfully

2022-07-01 19:03:50 - [MESSAGE][PASSED] - Verify response status code successfully

2022-07-01 19:03:50 - [TEST_STEP][PASSED] - verifyElementPropertyValue(rslt, "message", "list building"): Verify element property value successfully

2022-07-01 19:03:50 - [MESSAGE][PASSED] - Verify element property value successfully]]></system-out>
         <system-err><![CDATA[]]></system-err>
      </testcase>
      <testcase name="Test Cases/Admin/TS2_Building Management/TC_GetOneBuilding" time="4.44" classname="Test Cases/Admin/TS2_Building Management/TC_GetOneBuilding" status="PASSED">
         <system-out><![CDATA[2022-07-01 19:03:51 - [TEST_CASE][PASSED] - Test Cases/Admin/TS2_Building Management/TC_GetOneBuilding: Test Cases/Admin/TS2_Building Management/TC_GetOneBuilding

2022-07-01 19:03:51 - [TEST_STEP][PASSED] - for ([i = 0, i < 4, (i++)]): Verify element property value successfully

2022-07-01 19:03:51 - [TEST_STEP][PASSED] - if (i == 0): Verify response status code successfully

2022-07-01 19:03:51 - [TEST_STEP][PASSED] - token = "": null

2022-07-01 19:03:51 - [TEST_STEP][PASSED] - rslt = sendRequest(findTestObject("Postman/Admin/Building/Get One")): Send request successfully

2022-07-01 19:03:52 - [MESSAGE][INFO] - HAR: C:\Users\user\git\sewakantor-testing-apiTest\Reports\20220701_190227\AdminFlow\20220701_190227\requests\main\63.har

2022-07-01 19:03:52 - [MESSAGE][PASSED] - Send request successfully

2022-07-01 19:03:52 - [TEST_STEP][PASSED] - verifyResponseStatusCode(rslt, 401): Verify response status code successfully

2022-07-01 19:03:52 - [MESSAGE][PASSED] - Verify response status code successfully

2022-07-01 19:03:52 - [TEST_STEP][PASSED] - if (i == 0): null

2022-07-01 19:03:52 - [TEST_STEP][PASSED] - else if (i == 1): Verify element property value successfully

2022-07-01 19:03:52 - [TEST_STEP][PASSED] - admin_BuildingID = 1: null

2022-07-01 19:03:52 - [TEST_STEP][PASSED] - callTestCase(findTestCase("Admin/Dummy Admin/LoginGetToken"), [:], STOP_ON_FAILURE): Call Test Case 'Test Cases/Admin/Dummy Admin/LoginGetToken' successfully

2022-07-01 19:03:52 - [TEST_CASE][PASSED] - Test Cases/Admin/Dummy Admin/LoginGetToken: Test Cases/Admin/Dummy Admin/LoginGetToken

2022-07-01 19:03:52 - [TEST_STEP][PASSED] - admin_uname = "superadmin": null

2022-07-01 19:03:52 - [TEST_STEP][PASSED] - admin_password = "12345": null

2022-07-01 19:03:52 - [TEST_STEP][PASSED] - rslt = sendRequest(findTestObject("Postman/Admin/Auth/Login")): Send request successfully

2022-07-01 19:03:53 - [MESSAGE][INFO] - HAR: C:\Users\user\git\sewakantor-testing-apiTest\Reports\20220701_190227\AdminFlow\20220701_190227\requests\main\64.har

2022-07-01 19:03:53 - [MESSAGE][PASSED] - Send request successfully

2022-07-01 19:03:53 - [TEST_STEP][PASSED] - slurper = new groovy.json.JsonSlurper(): null

2022-07-01 19:03:53 - [TEST_STEP][PASSED] - result = slurper.parseText(rslt.getResponseBodyContent()): null

2022-07-01 19:03:53 - [TEST_STEP][PASSED] - value = token: null

2022-07-01 19:03:53 - [TEST_STEP][PASSED] - token = value: null

2022-07-01 19:03:53 - [TEST_STEP][PASSED] - println(token): null

2022-07-01 19:03:53 - [MESSAGE][PASSED] - Call Test Case 'Test Cases/Admin/Dummy Admin/LoginGetToken' successfully

2022-07-01 19:03:53 - [TEST_STEP][PASSED] - rslt = sendRequest(findTestObject("Postman/Admin/Building/Get One")): Send request successfully

2022-07-01 19:03:54 - [MESSAGE][INFO] - HAR: C:\Users\user\git\sewakantor-testing-apiTest\Reports\20220701_190227\AdminFlow\20220701_190227\requests\main\65.har

2022-07-01 19:03:54 - [MESSAGE][PASSED] - Send request successfully

2022-07-01 19:03:54 - [TEST_STEP][PASSED] - verifyResponseStatusCode(rslt, 200): Verify response status code successfully

2022-07-01 19:03:54 - [MESSAGE][PASSED] - Verify response status code successfully

2022-07-01 19:03:54 - [TEST_STEP][PASSED] - verifyElementPropertyValue(rslt, "message", "list building"): Verify element property value successfully

2022-07-01 19:03:54 - [MESSAGE][PASSED] - Verify element property value successfully

2022-07-01 19:03:54 - [TEST_STEP][PASSED] - if (i == 0): null

2022-07-01 19:03:54 - [TEST_STEP][PASSED] - else if (i == 1): null

2022-07-01 19:03:54 - [TEST_STEP][PASSED] - else if (i == 2): Verify element property value successfully

2022-07-01 19:03:54 - [TEST_STEP][PASSED] - admin_BuildingID = notFoundID: null

2022-07-01 19:03:54 - [TEST_STEP][PASSED] - rslt = sendRequest(findTestObject("Postman/Admin/Building/Get One")): Send request successfully

2022-07-01 19:03:54 - [MESSAGE][INFO] - HAR: C:\Users\user\git\sewakantor-testing-apiTest\Reports\20220701_190227\AdminFlow\20220701_190227\requests\main\66.har

2022-07-01 19:03:54 - [MESSAGE][PASSED] - Send request successfully

2022-07-01 19:03:54 - [TEST_STEP][PASSED] - verifyResponseStatusCode(rslt, 404): Verify response status code successfully

2022-07-01 19:03:54 - [MESSAGE][PASSED] - Verify response status code successfully

2022-07-01 19:03:54 - [TEST_STEP][PASSED] - verifyElementPropertyValue(rslt, "message", "building not found"): Verify element property value successfully

2022-07-01 19:03:54 - [MESSAGE][PASSED] - Verify element property value successfully

2022-07-01 19:03:54 - [TEST_STEP][PASSED] - if (i == 0): null

2022-07-01 19:03:54 - [TEST_STEP][PASSED] - else if (i == 1): null

2022-07-01 19:03:54 - [TEST_STEP][PASSED] - else if (i == 2): null

2022-07-01 19:03:54 - [TEST_STEP][PASSED] - else: Verify element property value successfully

2022-07-01 19:03:54 - [TEST_STEP][PASSED] - admin_BuildingID = stringID: null

2022-07-01 19:03:54 - [TEST_STEP][PASSED] - rslt = sendRequest(findTestObject("Postman/Admin/Building/Get One")): Send request successfully

2022-07-01 19:03:55 - [MESSAGE][INFO] - HAR: C:\Users\user\git\sewakantor-testing-apiTest\Reports\20220701_190227\AdminFlow\20220701_190227\requests\main\67.har

2022-07-01 19:03:55 - [MESSAGE][PASSED] - Send request successfully

2022-07-01 19:03:55 - [TEST_STEP][PASSED] - verifyResponseStatusCode(rslt, 400): Verify response status code successfully

2022-07-01 19:03:55 - [MESSAGE][PASSED] - Verify response status code successfully

2022-07-01 19:03:55 - [TEST_STEP][PASSED] - verifyElementPropertyValue(rslt, "message", "Malformed request"): Verify element property value successfully

2022-07-01 19:03:55 - [MESSAGE][PASSED] - Verify element property value successfully]]></system-out>
         <system-err><![CDATA[]]></system-err>
      </testcase>
      <testcase name="Test Cases/Admin/TS2_Building Management/TC_Create Building" time="10.996" classname="Test Cases/Admin/TS2_Building Management/TC_Create Building" status="PASSED">
         <system-out><![CDATA[2022-07-01 19:03:55 - [TEST_CASE][PASSED] - Test Cases/Admin/TS2_Building Management/TC_Create Building: Test Cases/Admin/TS2_Building Management/TC_Create Building

2022-07-01 19:03:56 - [TEST_STEP][PASSED] - admin_buildingComplexID = "1": null

2022-07-01 19:03:56 - [TEST_STEP][PASSED] - admin_buildingName = "nama": null

2022-07-01 19:03:56 - [TEST_STEP][PASSED] - admin_buildingAddress = "jalan": null

2022-07-01 19:03:56 - [TEST_STEP][PASSED] - admin_buildingDesc = "desc": null

2022-07-01 19:03:56 - [TEST_STEP][PASSED] - for ([i = 0, i < 8, (i++)]): null

2022-07-01 19:03:56 - [TEST_STEP][PASSED] - if (i == 0): Verify response status code successfully

2022-07-01 19:03:56 - [TEST_STEP][PASSED] - token = "": null

2022-07-01 19:03:56 - [TEST_STEP][PASSED] - rslt = sendRequest(findTestObject("Postman/Admin/Building/Create One")): Send request successfully

2022-07-01 19:03:57 - [MESSAGE][INFO] - HAR: C:\Users\user\git\sewakantor-testing-apiTest\Reports\20220701_190227\AdminFlow\20220701_190227\requests\main\68.har

2022-07-01 19:03:57 - [MESSAGE][PASSED] - Send request successfully

2022-07-01 19:03:57 - [TEST_STEP][PASSED] - verifyResponseStatusCode(rslt, 401): Verify response status code successfully

2022-07-01 19:03:57 - [MESSAGE][PASSED] - Verify response status code successfully

2022-07-01 19:03:57 - [TEST_STEP][PASSED] - if (i == 0): null

2022-07-01 19:03:57 - [TEST_STEP][PASSED] - else if (i == 1): Verify element property value successfully

2022-07-01 19:03:57 - [TEST_STEP][PASSED] - callTestCase(findTestCase("Admin/Dummy Admin/LoginGetToken"), [:], STOP_ON_FAILURE): Call Test Case 'Test Cases/Admin/Dummy Admin/LoginGetToken' successfully

2022-07-01 19:03:57 - [TEST_CASE][PASSED] - Test Cases/Admin/Dummy Admin/LoginGetToken: Test Cases/Admin/Dummy Admin/LoginGetToken

2022-07-01 19:03:57 - [TEST_STEP][PASSED] - admin_uname = "superadmin": null

2022-07-01 19:03:57 - [TEST_STEP][PASSED] - admin_password = "12345": null

2022-07-01 19:03:57 - [TEST_STEP][PASSED] - rslt = sendRequest(findTestObject("Postman/Admin/Auth/Login")): Send request successfully

2022-07-01 19:03:58 - [MESSAGE][INFO] - HAR: C:\Users\user\git\sewakantor-testing-apiTest\Reports\20220701_190227\AdminFlow\20220701_190227\requests\main\69.har

2022-07-01 19:03:58 - [MESSAGE][PASSED] - Send request successfully

2022-07-01 19:03:58 - [TEST_STEP][PASSED] - slurper = new groovy.json.JsonSlurper(): null

2022-07-01 19:03:58 - [TEST_STEP][PASSED] - result = slurper.parseText(rslt.getResponseBodyContent()): null

2022-07-01 19:03:58 - [TEST_STEP][PASSED] - value = token: null

2022-07-01 19:03:58 - [TEST_STEP][PASSED] - token = value: null

2022-07-01 19:03:58 - [TEST_STEP][PASSED] - println(token): null

2022-07-01 19:03:58 - [MESSAGE][PASSED] - Call Test Case 'Test Cases/Admin/Dummy Admin/LoginGetToken' successfully

2022-07-01 19:03:58 - [TEST_STEP][PASSED] - admin_buildingName = "": null

2022-07-01 19:03:58 - [TEST_STEP][PASSED] - rslt = sendRequest(findTestObject("Postman/Admin/Building/Create One")): Send request successfully

2022-07-01 19:03:59 - [MESSAGE][INFO] - HAR: C:\Users\user\git\sewakantor-testing-apiTest\Reports\20220701_190227\AdminFlow\20220701_190227\requests\main\70.har

2022-07-01 19:03:59 - [MESSAGE][PASSED] - Send request successfully

2022-07-01 19:03:59 - [TEST_STEP][PASSED] - verifyResponseStatusCode(rslt, 400): Verify response status code successfully

2022-07-01 19:03:59 - [MESSAGE][PASSED] - Verify response status code successfully

2022-07-01 19:03:59 - [TEST_STEP][PASSED] - verifyElementPropertyValue(rslt, "message", "Malformed request"): Verify element property value successfully

2022-07-01 19:03:59 - [MESSAGE][PASSED] - Verify element property value successfully

2022-07-01 19:03:59 - [TEST_STEP][PASSED] - if (i == 0): null

2022-07-01 19:03:59 - [TEST_STEP][PASSED] - else if (i == 1): null

2022-07-01 19:03:59 - [TEST_STEP][PASSED] - else if (i == 2): null

2022-07-01 19:03:59 - [TEST_STEP][PASSED] - admin_buildingName = "Anggrek Permai": null

2022-07-01 19:03:59 - [TEST_STEP][PASSED] - rslt = sendRequest(findTestObject("Postman/Admin/Building/Create One")): Send request successfully

2022-07-01 19:04:00 - [MESSAGE][INFO] - HAR: C:\Users\user\git\sewakantor-testing-apiTest\Reports\20220701_190227\AdminFlow\20220701_190227\requests\main\71.har

2022-07-01 19:04:00 - [MESSAGE][PASSED] - Send request successfully

2022-07-01 19:04:00 - [TEST_STEP][PASSED] - verifyResponseStatusCode(rslt, 500): Verify response status code successfully

2022-07-01 19:04:00 - [MESSAGE][PASSED] - Verify response status code successfully

2022-07-01 19:04:00 - [TEST_STEP][PASSED] - verifyElementPropertyValue(rslt, "error", "Internal Server Error"): Verify element property value successfully

2022-07-01 19:04:00 - [MESSAGE][PASSED] - Verify element property value successfully

2022-07-01 19:04:00 - [TEST_STEP][PASSED] - admin_buildingName = "Building Name": null

2022-07-01 19:04:00 - [TEST_STEP][PASSED] - if (i == 0): null

2022-07-01 19:04:00 - [TEST_STEP][PASSED] - else if (i == 1): null

2022-07-01 19:04:00 - [TEST_STEP][PASSED] - else if (i == 2): null

2022-07-01 19:04:00 - [TEST_STEP][PASSED] - else if (i == 3): null

2022-07-01 19:04:00 - [TEST_STEP][PASSED] - admin_buildingDesc = "": null

2022-07-01 19:04:00 - [TEST_STEP][PASSED] - rslt = sendRequest(findTestObject("Postman/Admin/Building/Create One")): Send request successfully

2022-07-01 19:04:02 - [MESSAGE][INFO] - HAR: C:\Users\user\git\sewakantor-testing-apiTest\Reports\20220701_190227\AdminFlow\20220701_190227\requests\main\72.har

2022-07-01 19:04:02 - [MESSAGE][PASSED] - Send request successfully

2022-07-01 19:04:02 - [TEST_STEP][PASSED] - verifyResponseStatusCode(rslt, 400): Verify response status code successfully

2022-07-01 19:04:02 - [MESSAGE][PASSED] - Verify response status code successfully

2022-07-01 19:04:02 - [TEST_STEP][PASSED] - verifyElementPropertyValue(rslt, "message", "Malformed request"): Verify element property value successfully

2022-07-01 19:04:02 - [MESSAGE][PASSED] - Verify element property value successfully

2022-07-01 19:04:02 - [TEST_STEP][PASSED] - admin_buildingDesc = "Building Description": null

2022-07-01 19:04:02 - [TEST_STEP][PASSED] - if (i == 0): null

2022-07-01 19:04:02 - [TEST_STEP][PASSED] - else if (i == 1): null

2022-07-01 19:04:02 - [TEST_STEP][PASSED] - else if (i == 2): null

2022-07-01 19:04:02 - [TEST_STEP][PASSED] - else if (i == 3): null

2022-07-01 19:04:02 - [TEST_STEP][PASSED] - else if (i == 4): null

2022-07-01 19:04:02 - [TEST_STEP][PASSED] - admin_buildingAddress = "": null

2022-07-01 19:04:02 - [TEST_STEP][PASSED] - rslt = sendRequest(findTestObject("Postman/Admin/Building/Create One")): Send request successfully

2022-07-01 19:04:03 - [MESSAGE][INFO] - HAR: C:\Users\user\git\sewakantor-testing-apiTest\Reports\20220701_190227\AdminFlow\20220701_190227\requests\main\73.har

2022-07-01 19:04:03 - [MESSAGE][PASSED] - Send request successfully

2022-07-01 19:04:03 - [TEST_STEP][PASSED] - verifyResponseStatusCode(rslt, 400): Verify response status code successfully

2022-07-01 19:04:03 - [MESSAGE][PASSED] - Verify response status code successfully

2022-07-01 19:04:03 - [TEST_STEP][PASSED] - verifyElementPropertyValue(rslt, "message", "Malformed request"): Verify element property value successfully

2022-07-01 19:04:03 - [MESSAGE][PASSED] - Verify element property value successfully

2022-07-01 19:04:03 - [TEST_STEP][PASSED] - admin_buildingAddress = "Building Address": null

2022-07-01 19:04:03 - [TEST_STEP][PASSED] - if (i == 0): null

2022-07-01 19:04:03 - [TEST_STEP][PASSED] - else if (i == 1): null

2022-07-01 19:04:03 - [TEST_STEP][PASSED] - else if (i == 2): null

2022-07-01 19:04:03 - [TEST_STEP][PASSED] - else if (i == 3): null

2022-07-01 19:04:03 - [TEST_STEP][PASSED] - else if (i == 4): null

2022-07-01 19:04:03 - [TEST_STEP][PASSED] - else if (i == 5): Verify response status code successfully

2022-07-01 19:04:03 - [TEST_STEP][PASSED] - admin_buildingComplexID = "": null

2022-07-01 19:04:03 - [TEST_STEP][PASSED] - rslt = sendRequest(findTestObject("Postman/Admin/Building/Create One")): Send request successfully

2022-07-01 19:04:05 - [MESSAGE][INFO] - HAR: C:\Users\user\git\sewakantor-testing-apiTest\Reports\20220701_190227\AdminFlow\20220701_190227\requests\main\74.har

2022-07-01 19:04:05 - [MESSAGE][PASSED] - Send request successfully

2022-07-01 19:04:05 - [TEST_STEP][PASSED] - verifyResponseStatusCode(rslt, 400): Verify response status code successfully

2022-07-01 19:04:05 - [MESSAGE][PASSED] - Verify response status code successfully

2022-07-01 19:04:05 - [TEST_STEP][PASSED] - if (i == 0): null

2022-07-01 19:04:05 - [TEST_STEP][PASSED] - else if (i == 1): null

2022-07-01 19:04:05 - [TEST_STEP][PASSED] - else if (i == 2): null

2022-07-01 19:04:05 - [TEST_STEP][PASSED] - else if (i == 3): null

2022-07-01 19:04:05 - [TEST_STEP][PASSED] - else if (i == 4): null

2022-07-01 19:04:05 - [TEST_STEP][PASSED] - else if (i == 5): null

2022-07-01 19:04:05 - [TEST_STEP][PASSED] - else if (i == 6): null

2022-07-01 19:04:05 - [TEST_STEP][PASSED] - admin_buildingComplexID = "0": null

2022-07-01 19:04:05 - [TEST_STEP][PASSED] - rslt = sendRequest(findTestObject("Postman/Admin/Building/Create One")): Send request successfully

2022-07-01 19:04:06 - [MESSAGE][INFO] - HAR: C:\Users\user\git\sewakantor-testing-apiTest\Reports\20220701_190227\AdminFlow\20220701_190227\requests\main\75.har

2022-07-01 19:04:06 - [MESSAGE][PASSED] - Send request successfully

2022-07-01 19:04:06 - [TEST_STEP][PASSED] - verifyResponseStatusCode(rslt, 404): Verify response status code successfully

2022-07-01 19:04:06 - [MESSAGE][PASSED] - Verify response status code successfully

2022-07-01 19:04:06 - [TEST_STEP][PASSED] - verifyElementPropertyValue(rslt, "message", "complex not found"): Verify element property value successfully

2022-07-01 19:04:06 - [MESSAGE][PASSED] - Verify element property value successfully

2022-07-01 19:04:06 - [TEST_STEP][PASSED] - admin_buildingComplexID = "1": null

2022-07-01 19:04:06 - [TEST_STEP][PASSED] - if (i == 0): null]]></system-out>
         <system-err><![CDATA[]]></system-err>
      </testcase>
      <testcase name="Test Cases/Admin/TS2_Building Management/TC_UpdateBuilding" time="11.275" classname="Test Cases/Admin/TS2_Building Management/TC_UpdateBuilding" status="FAILED">
         <failure type="FAILED" message="Test Cases/Admin/TS2_Building Management/TC_UpdateBuilding FAILED.
Reason:
com.kms.katalon.core.exception.StepFailedException: Expected status code is '500' but actual status code is '400'
	at com.kms.katalon.core.keyword.internal.KeywordMain.stepFailed(KeywordMain.groovy:39)
	at com.kms.katalon.core.webservice.keyword.builtin.VerifyResponseStatusCodeKeyword.verifyStatusCode(VerifyResponseStatusCodeKeyword.groovy:52)
	at com.kms.katalon.core.webservice.keyword.builtin.VerifyResponseStatusCodeKeyword.access$1(VerifyResponseStatusCodeKeyword.groovy)
	at com.kms.katalon.core.webservice.keyword.builtin.VerifyResponseStatusCodeKeyword$_verifyResponseStatusCode_closure1.doCall(VerifyResponseStatusCodeKeyword.groovy:42)
	at com.kms.katalon.core.webservice.keyword.builtin.VerifyResponseStatusCodeKeyword$_verifyResponseStatusCode_closure1.call(VerifyResponseStatusCodeKeyword.groovy)
	at com.kms.katalon.core.keyword.internal.KeywordMain.runKeyword(KeywordMain.groovy:74)
	at com.kms.katalon.core.webservice.keyword.builtin.VerifyResponseStatusCodeKeyword.verifyResponseStatusCode(VerifyResponseStatusCodeKeyword.groovy:37)
	at com.kms.katalon.core.webservice.keyword.builtin.VerifyResponseStatusCodeKeyword.execute(VerifyResponseStatusCodeKeyword.groovy:32)
	at com.kms.katalon.core.keyword.internal.KeywordExecutor.executeKeywordForPlatform(KeywordExecutor.groovy:74)
	at com.kms.katalon.core.webservice.keyword.WSBuiltInKeywords.verifyResponseStatusCode(WSBuiltInKeywords.groovy:344)
	at com.kms.katalon.core.webservice.keyword.WSBuiltInKeywords$verifyResponseStatusCode$0.call(Unknown Source)
	at TC_UpdateBuilding.run(TC_UpdateBuilding:66)
	at com.kms.katalon.core.main.ScriptEngine.run(ScriptEngine.java:194)
	at com.kms.katalon.core.main.ScriptEngine.runScriptAsRawText(ScriptEngine.java:119)
	at com.kms.katalon.core.main.TestCaseExecutor.runScript(TestCaseExecutor.java:445)
	at com.kms.katalon.core.main.TestCaseExecutor.doExecute(TestCaseExecutor.java:436)
	at com.kms.katalon.core.main.TestCaseExecutor.processExecutionPhase(TestCaseExecutor.java:415)
	at com.kms.katalon.core.main.TestCaseExecutor.accessMainPhase(TestCaseExecutor.java:407)
	at com.kms.katalon.core.main.TestCaseExecutor.execute(TestCaseExecutor.java:284)
	at com.kms.katalon.core.common.CommonExecutor.accessTestCaseMainPhase(CommonExecutor.java:65)
	at com.kms.katalon.core.main.TestSuiteExecutor.accessTestSuiteMainPhase(TestSuiteExecutor.java:144)
	at com.kms.katalon.core.main.TestSuiteExecutor.execute(TestSuiteExecutor.java:106)
	at com.kms.katalon.core.main.TestCaseMain.startTestSuite(TestCaseMain.java:185)
	at com.kms.katalon.core.main.TestCaseMain$startTestSuite$0.call(Unknown Source)
	at TempTestSuite1656676947680.run(TempTestSuite1656676947680.groovy:36)
"/>
         <system-out><![CDATA[2022-07-01 19:04:06 - [TEST_CASE][FAILED] - Test Cases/Admin/TS2_Building Management/TC_UpdateBuilding: Test Cases/Admin/TS2_Building Management/TC_UpdateBuilding FAILED.
Reason:
com.kms.katalon.core.exception.StepFailedException: Expected status code is '500' but actual status code is '400'
	at com.kms.katalon.core.keyword.internal.KeywordMain.stepFailed(KeywordMain.groovy:39)
	at com.kms.katalon.core.webservice.keyword.builtin.VerifyResponseStatusCodeKeyword.verifyStatusCode(VerifyResponseStatusCodeKeyword.groovy:52)
	at com.kms.katalon.core.webservice.keyword.builtin.VerifyResponseStatusCodeKeyword.access$1(VerifyResponseStatusCodeKeyword.groovy)
	at com.kms.katalon.core.webservice.keyword.builtin.VerifyResponseStatusCodeKeyword$_verifyResponseStatusCode_closure1.doCall(VerifyResponseStatusCodeKeyword.groovy:42)
	at com.kms.katalon.core.webservice.keyword.builtin.VerifyResponseStatusCodeKeyword$_verifyResponseStatusCode_closure1.call(VerifyResponseStatusCodeKeyword.groovy)
	at com.kms.katalon.core.keyword.internal.KeywordMain.runKeyword(KeywordMain.groovy:74)
	at com.kms.katalon.core.webservice.keyword.builtin.VerifyResponseStatusCodeKeyword.verifyResponseStatusCode(VerifyResponseStatusCodeKeyword.groovy:37)
	at com.kms.katalon.core.webservice.keyword.builtin.VerifyResponseStatusCodeKeyword.execute(VerifyResponseStatusCodeKeyword.groovy:32)
	at com.kms.katalon.core.keyword.internal.KeywordExecutor.executeKeywordForPlatform(KeywordExecutor.groovy:74)
	at com.kms.katalon.core.webservice.keyword.WSBuiltInKeywords.verifyResponseStatusCode(WSBuiltInKeywords.groovy:344)
	at com.kms.katalon.core.webservice.keyword.WSBuiltInKeywords$verifyResponseStatusCode$0.call(Unknown Source)
	at TC_UpdateBuilding.run(TC_UpdateBuilding:66)
	at com.kms.katalon.core.main.ScriptEngine.run(ScriptEngine.java:194)
	at com.kms.katalon.core.main.ScriptEngine.runScriptAsRawText(ScriptEngine.java:119)
	at com.kms.katalon.core.main.TestCaseExecutor.runScript(TestCaseExecutor.java:445)
	at com.kms.katalon.core.main.TestCaseExecutor.doExecute(TestCaseExecutor.java:436)
	at com.kms.katalon.core.main.TestCaseExecutor.processExecutionPhase(TestCaseExecutor.java:415)
	at com.kms.katalon.core.main.TestCaseExecutor.accessMainPhase(TestCaseExecutor.java:407)
	at com.kms.katalon.core.main.TestCaseExecutor.execute(TestCaseExecutor.java:284)
	at com.kms.katalon.core.common.CommonExecutor.accessTestCaseMainPhase(CommonExecutor.java:65)
	at com.kms.katalon.core.main.TestSuiteExecutor.accessTestSuiteMainPhase(TestSuiteExecutor.java:144)
	at com.kms.katalon.core.main.TestSuiteExecutor.execute(TestSuiteExecutor.java:106)
	at com.kms.katalon.core.main.TestCaseMain.startTestSuite(TestCaseMain.java:185)
	at com.kms.katalon.core.main.TestCaseMain$startTestSuite$0.call(Unknown Source)
	at TempTestSuite1656676947680.run(TempTestSuite1656676947680.groovy:36)


2022-07-01 19:04:07 - [TEST_STEP][PASSED] - admin_buildingComplexID = "1": null

2022-07-01 19:04:07 - [TEST_STEP][PASSED] - admin_buildingName = "Building Name": null

2022-07-01 19:04:07 - [TEST_STEP][PASSED] - admin_buildingAddress = "jalan": null

2022-07-01 19:04:07 - [TEST_STEP][PASSED] - admin_buildingDesc = "desc": null

2022-07-01 19:04:07 - [TEST_STEP][PASSED] - dump = admin_BuildingID: null

2022-07-01 19:04:07 - [TEST_STEP][FAILED] - for ([i = 0, i < 8, (i++)]): null

2022-07-01 19:04:07 - [TEST_STEP][PASSED] - if (i == 0): null

2022-07-01 19:04:07 - [TEST_STEP][PASSED] - callTestCase(findTestCase("Admin/Dummy Admin/LoginGetToken"), [:], STOP_ON_FAILURE): Call Test Case 'Test Cases/Admin/Dummy Admin/LoginGetToken' successfully

2022-07-01 19:04:07 - [TEST_CASE][PASSED] - Test Cases/Admin/Dummy Admin/LoginGetToken: Test Cases/Admin/Dummy Admin/LoginGetToken

2022-07-01 19:04:07 - [TEST_STEP][PASSED] - admin_uname = "superadmin": null

2022-07-01 19:04:07 - [TEST_STEP][PASSED] - admin_password = "12345": null

2022-07-01 19:04:07 - [TEST_STEP][PASSED] - rslt = sendRequest(findTestObject("Postman/Admin/Auth/Login")): Send request successfully

2022-07-01 19:04:08 - [MESSAGE][INFO] - HAR: C:\Users\user\git\sewakantor-testing-apiTest\Reports\20220701_190227\AdminFlow\20220701_190227\requests\main\76.har

2022-07-01 19:04:08 - [MESSAGE][PASSED] - Send request successfully

2022-07-01 19:04:08 - [TEST_STEP][PASSED] - slurper = new groovy.json.JsonSlurper(): null

2022-07-01 19:04:08 - [TEST_STEP][PASSED] - result = slurper.parseText(rslt.getResponseBodyContent()): null

2022-07-01 19:04:08 - [TEST_STEP][PASSED] - value = token: null

2022-07-01 19:04:08 - [TEST_STEP][PASSED] - token = value: null

2022-07-01 19:04:08 - [TEST_STEP][PASSED] - println(token): null

2022-07-01 19:04:08 - [MESSAGE][PASSED] - Call Test Case 'Test Cases/Admin/Dummy Admin/LoginGetToken' successfully

2022-07-01 19:04:08 - [TEST_STEP][PASSED] - admin_BuildingID = "0": null

2022-07-01 19:04:08 - [TEST_STEP][PASSED] - rslt = sendRequest(findTestObject("Postman/Admin/Building/Update")): Send request successfully

2022-07-01 19:04:09 - [MESSAGE][INFO] - HAR: C:\Users\user\git\sewakantor-testing-apiTest\Reports\20220701_190227\AdminFlow\20220701_190227\requests\main\77.har

2022-07-01 19:04:09 - [MESSAGE][PASSED] - Send request successfully

2022-07-01 19:04:09 - [TEST_STEP][PASSED] - verifyResponseStatusCode(rslt, 404): Verify response status code successfully

2022-07-01 19:04:09 - [MESSAGE][PASSED] - Verify response status code successfully

2022-07-01 19:04:09 - [TEST_STEP][PASSED] - verifyElementPropertyValue(rslt, "message", "building not found"): Verify element property value successfully

2022-07-01 19:04:09 - [MESSAGE][PASSED] - Verify element property value successfully

2022-07-01 19:04:09 - [TEST_STEP][PASSED] - admin_BuildingID = dump: null

2022-07-01 19:04:09 - [TEST_STEP][PASSED] - if (i == 1): null

2022-07-01 19:04:09 - [TEST_STEP][PASSED] - if (i == 0): null

2022-07-01 19:04:09 - [TEST_STEP][PASSED] - if (i == 1): Verify response status code successfully

2022-07-01 19:04:09 - [TEST_STEP][PASSED] - token = "": null

2022-07-01 19:04:09 - [TEST_STEP][PASSED] - rslt = sendRequest(findTestObject("Postman/Admin/Building/Update")): Send request successfully

2022-07-01 19:04:10 - [MESSAGE][INFO] - HAR: C:\Users\user\git\sewakantor-testing-apiTest\Reports\20220701_190227\AdminFlow\20220701_190227\requests\main\78.har

2022-07-01 19:04:10 - [MESSAGE][PASSED] - Send request successfully

2022-07-01 19:04:10 - [TEST_STEP][PASSED] - verifyResponseStatusCode(rslt, 401): Verify response status code successfully

2022-07-01 19:04:10 - [MESSAGE][PASSED] - Verify response status code successfully

2022-07-01 19:04:10 - [TEST_STEP][PASSED] - if (i == 0): null

2022-07-01 19:04:10 - [TEST_STEP][PASSED] - if (i == 1): null

2022-07-01 19:04:10 - [TEST_STEP][PASSED] - else if (i == 2): Verify element property value successfully

2022-07-01 19:04:10 - [TEST_STEP][PASSED] - callTestCase(findTestCase("Admin/Dummy Admin/LoginGetToken"), [:], STOP_ON_FAILURE): Call Test Case 'Test Cases/Admin/Dummy Admin/LoginGetToken' successfully

2022-07-01 19:04:10 - [TEST_CASE][PASSED] - Test Cases/Admin/Dummy Admin/LoginGetToken: Test Cases/Admin/Dummy Admin/LoginGetToken

2022-07-01 19:04:10 - [TEST_STEP][PASSED] - admin_uname = "superadmin": null

2022-07-01 19:04:10 - [TEST_STEP][PASSED] - admin_password = "12345": null

2022-07-01 19:04:10 - [TEST_STEP][PASSED] - rslt = sendRequest(findTestObject("Postman/Admin/Auth/Login")): Send request successfully

2022-07-01 19:04:11 - [MESSAGE][INFO] - HAR: C:\Users\user\git\sewakantor-testing-apiTest\Reports\20220701_190227\AdminFlow\20220701_190227\requests\main\79.har

2022-07-01 19:04:11 - [MESSAGE][PASSED] - Send request successfully

2022-07-01 19:04:11 - [TEST_STEP][PASSED] - slurper = new groovy.json.JsonSlurper(): null

2022-07-01 19:04:11 - [TEST_STEP][PASSED] - result = slurper.parseText(rslt.getResponseBodyContent()): null

2022-07-01 19:04:11 - [TEST_STEP][PASSED] - value = token: null

2022-07-01 19:04:11 - [TEST_STEP][PASSED] - token = value: null

2022-07-01 19:04:11 - [TEST_STEP][PASSED] - println(token): null

2022-07-01 19:04:11 - [MESSAGE][PASSED] - Call Test Case 'Test Cases/Admin/Dummy Admin/LoginGetToken' successfully

2022-07-01 19:04:11 - [TEST_STEP][PASSED] - admin_buildingName = "": null

2022-07-01 19:04:11 - [TEST_STEP][PASSED] - rslt = sendRequest(findTestObject("Postman/Admin/Building/Update")): Send request successfully

2022-07-01 19:04:12 - [MESSAGE][INFO] - HAR: C:\Users\user\git\sewakantor-testing-apiTest\Reports\20220701_190227\AdminFlow\20220701_190227\requests\main\80.har

2022-07-01 19:04:12 - [MESSAGE][PASSED] - Send request successfully

2022-07-01 19:04:12 - [TEST_STEP][PASSED] - verifyResponseStatusCode(rslt, 400): Verify response status code successfully

2022-07-01 19:04:12 - [MESSAGE][PASSED] - Verify response status code successfully

2022-07-01 19:04:12 - [TEST_STEP][PASSED] - verifyElementPropertyValue(rslt, "message", "Malformed request"): Verify element property value successfully

2022-07-01 19:04:12 - [MESSAGE][PASSED] - Verify element property value successfully

2022-07-01 19:04:12 - [TEST_STEP][PASSED] - if (i == 0): null

2022-07-01 19:04:12 - [TEST_STEP][PASSED] - if (i == 1): null

2022-07-01 19:04:12 - [TEST_STEP][PASSED] - else if (i == 2): null

2022-07-01 19:04:12 - [TEST_STEP][FAILED] - else if (i == 3): null

2022-07-01 19:04:12 - [TEST_STEP][PASSED] - admin_buildingName = "BCA Tower": null

2022-07-01 19:04:12 - [TEST_STEP][PASSED] - rslt = sendRequest(findTestObject("Postman/Admin/Building/Update")): Send request successfully

2022-07-01 19:04:13 - [MESSAGE][INFO] - HAR: C:\Users\user\git\sewakantor-testing-apiTest\Reports\20220701_190227\AdminFlow\20220701_190227\requests\main\81.har

2022-07-01 19:04:13 - [MESSAGE][PASSED] - Send request successfully

2022-07-01 19:04:13 - [TEST_STEP][FAILED] - verifyResponseStatusCode(rslt, 500): Expected status code is '500' but actual status code is '400'

2022-07-01 19:04:13 - [MESSAGE][FAILED] - Expected status code is '500' but actual status code is '400'

2022-07-01 19:04:13 - [TEST_STEP][FAILED] - verifyElementPropertyValue(rslt, "error", "Internal Server Error"): Expected element property value 'Internal Server Error' is not equal with actual property value 'null'

2022-07-01 19:04:13 - [MESSAGE][FAILED] - Expected element property value 'Internal Server Error' is not equal with actual property value 'null'

2022-07-01 19:04:13 - [TEST_STEP][PASSED] - admin_buildingName = "Building Name": null

2022-07-01 19:04:13 - [TEST_STEP][PASSED] - if (i == 0): null

2022-07-01 19:04:13 - [TEST_STEP][PASSED] - if (i == 1): null

2022-07-01 19:04:13 - [TEST_STEP][PASSED] - else if (i == 2): null

2022-07-01 19:04:13 - [TEST_STEP][PASSED] - else if (i == 3): null

2022-07-01 19:04:13 - [TEST_STEP][PASSED] - else if (i == 4): null

2022-07-01 19:04:13 - [TEST_STEP][PASSED] - admin_buildingDesc = "": null

2022-07-01 19:04:13 - [TEST_STEP][PASSED] - rslt = sendRequest(findTestObject("Postman/Admin/Building/Update")): Send request successfully

2022-07-01 19:04:14 - [MESSAGE][INFO] - HAR: C:\Users\user\git\sewakantor-testing-apiTest\Reports\20220701_190227\AdminFlow\20220701_190227\requests\main\82.har

2022-07-01 19:04:14 - [MESSAGE][PASSED] - Send request successfully

2022-07-01 19:04:14 - [TEST_STEP][PASSED] - verifyResponseStatusCode(rslt, 400): Verify response status code successfully

2022-07-01 19:04:14 - [MESSAGE][PASSED] - Verify response status code successfully

2022-07-01 19:04:14 - [TEST_STEP][PASSED] - verifyElementPropertyValue(rslt, "message", "Malformed request"): Verify element property value successfully

2022-07-01 19:04:14 - [MESSAGE][PASSED] - Verify element property value successfully

2022-07-01 19:04:14 - [TEST_STEP][PASSED] - admin_buildingDesc = "Building Description": null

2022-07-01 19:04:14 - [TEST_STEP][PASSED] - if (i == 0): null

2022-07-01 19:04:14 - [TEST_STEP][PASSED] - if (i == 1): null

2022-07-01 19:04:14 - [TEST_STEP][PASSED] - else if (i == 2): null

2022-07-01 19:04:14 - [TEST_STEP][PASSED] - else if (i == 3): null

2022-07-01 19:04:14 - [TEST_STEP][PASSED] - else if (i == 4): null

2022-07-01 19:04:14 - [TEST_STEP][PASSED] - else if (i == 5): null

2022-07-01 19:04:14 - [TEST_STEP][PASSED] - admin_buildingAddress = "": null

2022-07-01 19:04:14 - [TEST_STEP][PASSED] - rslt = sendRequest(findTestObject("Postman/Admin/Building/Update")): Send request successfully

2022-07-01 19:04:15 - [MESSAGE][INFO] - HAR: C:\Users\user\git\sewakantor-testing-apiTest\Reports\20220701_190227\AdminFlow\20220701_190227\requests\main\83.har

2022-07-01 19:04:15 - [MESSAGE][PASSED] - Send request successfully

2022-07-01 19:04:15 - [TEST_STEP][PASSED] - verifyResponseStatusCode(rslt, 400): Verify response status code successfully

2022-07-01 19:04:15 - [MESSAGE][PASSED] - Verify response status code successfully

2022-07-01 19:04:15 - [TEST_STEP][PASSED] - verifyElementPropertyValue(rslt, "message", "Malformed request"): Verify element property value successfully

2022-07-01 19:04:15 - [MESSAGE][PASSED] - Verify element property value successfully

2022-07-01 19:04:15 - [TEST_STEP][PASSED] - admin_buildingAddress = "Building Address": null

2022-07-01 19:04:15 - [TEST_STEP][PASSED] - if (i == 0): null

2022-07-01 19:04:15 - [TEST_STEP][PASSED] - if (i == 1): null

2022-07-01 19:04:15 - [TEST_STEP][PASSED] - else if (i == 2): null

2022-07-01 19:04:15 - [TEST_STEP][PASSED] - else if (i == 3): null

2022-07-01 19:04:15 - [TEST_STEP][PASSED] - else if (i == 4): null

2022-07-01 19:04:15 - [TEST_STEP][PASSED] - else if (i == 5): null

2022-07-01 19:04:15 - [TEST_STEP][PASSED] - else if (i == 6): Verify response status code successfully

2022-07-01 19:04:15 - [TEST_STEP][PASSED] - admin_buildingComplexID = "": null

2022-07-01 19:04:15 - [TEST_STEP][PASSED] - rslt = sendRequest(findTestObject("Postman/Admin/Building/Update")): Send request successfully

2022-07-01 19:04:16 - [MESSAGE][INFO] - HAR: C:\Users\user\git\sewakantor-testing-apiTest\Reports\20220701_190227\AdminFlow\20220701_190227\requests\main\84.har

2022-07-01 19:04:16 - [MESSAGE][PASSED] - Send request successfully

2022-07-01 19:04:16 - [TEST_STEP][PASSED] - verifyResponseStatusCode(rslt, 400): Verify response status code successfully

2022-07-01 19:04:16 - [MESSAGE][PASSED] - Verify response status code successfully

2022-07-01 19:04:16 - [TEST_STEP][PASSED] - if (i == 0): null

2022-07-01 19:04:16 - [TEST_STEP][PASSED] - if (i == 1): null

2022-07-01 19:04:16 - [TEST_STEP][PASSED] - else if (i == 2): null

2022-07-01 19:04:16 - [TEST_STEP][PASSED] - else if (i == 3): null

2022-07-01 19:04:16 - [TEST_STEP][PASSED] - else if (i == 4): null

2022-07-01 19:04:16 - [TEST_STEP][PASSED] - else if (i == 5): null

2022-07-01 19:04:16 - [TEST_STEP][PASSED] - else if (i == 6): null

2022-07-01 19:04:16 - [TEST_STEP][FAILED] - else if (i == 7): null

2022-07-01 19:04:16 - [TEST_STEP][PASSED] - admin_buildingComplexID = "0": null

2022-07-01 19:04:16 - [TEST_STEP][PASSED] - rslt = sendRequest(findTestObject("Postman/Admin/Building/Update")): Send request successfully

2022-07-01 19:04:17 - [MESSAGE][INFO] - HAR: C:\Users\user\git\sewakantor-testing-apiTest\Reports\20220701_190227\AdminFlow\20220701_190227\requests\main\85.har

2022-07-01 19:04:17 - [MESSAGE][PASSED] - Send request successfully

2022-07-01 19:04:17 - [TEST_STEP][FAILED] - verifyResponseStatusCode(rslt, 404): Expected status code is '404' but actual status code is '400'

2022-07-01 19:04:17 - [MESSAGE][FAILED] - Expected status code is '404' but actual status code is '400'

2022-07-01 19:04:17 - [TEST_STEP][FAILED] - verifyElementPropertyValue(rslt, "message", "complex not found"): Expected element property value 'complex not found' is not equal with actual property value 'Malformed request'

2022-07-01 19:04:17 - [MESSAGE][FAILED] - Expected element property value 'complex not found' is not equal with actual property value 'Malformed request'

2022-07-01 19:04:17 - [TEST_STEP][PASSED] - admin_buildingComplexID = "1": null]]></system-out>
         <system-err><![CDATA[2022-07-01 19:04:06 - [TEST_CASE][FAILED] - Test Cases/Admin/TS2_Building Management/TC_UpdateBuilding: Test Cases/Admin/TS2_Building Management/TC_UpdateBuilding FAILED.
Reason:
com.kms.katalon.core.exception.StepFailedException: Expected status code is '500' but actual status code is '400'
	at com.kms.katalon.core.keyword.internal.KeywordMain.stepFailed(KeywordMain.groovy:39)
	at com.kms.katalon.core.webservice.keyword.builtin.VerifyResponseStatusCodeKeyword.verifyStatusCode(VerifyResponseStatusCodeKeyword.groovy:52)
	at com.kms.katalon.core.webservice.keyword.builtin.VerifyResponseStatusCodeKeyword.access$1(VerifyResponseStatusCodeKeyword.groovy)
	at com.kms.katalon.core.webservice.keyword.builtin.VerifyResponseStatusCodeKeyword$_verifyResponseStatusCode_closure1.doCall(VerifyResponseStatusCodeKeyword.groovy:42)
	at com.kms.katalon.core.webservice.keyword.builtin.VerifyResponseStatusCodeKeyword$_verifyResponseStatusCode_closure1.call(VerifyResponseStatusCodeKeyword.groovy)
	at com.kms.katalon.core.keyword.internal.KeywordMain.runKeyword(KeywordMain.groovy:74)
	at com.kms.katalon.core.webservice.keyword.builtin.VerifyResponseStatusCodeKeyword.verifyResponseStatusCode(VerifyResponseStatusCodeKeyword.groovy:37)
	at com.kms.katalon.core.webservice.keyword.builtin.VerifyResponseStatusCodeKeyword.execute(VerifyResponseStatusCodeKeyword.groovy:32)
	at com.kms.katalon.core.keyword.internal.KeywordExecutor.executeKeywordForPlatform(KeywordExecutor.groovy:74)
	at com.kms.katalon.core.webservice.keyword.WSBuiltInKeywords.verifyResponseStatusCode(WSBuiltInKeywords.groovy:344)
	at com.kms.katalon.core.webservice.keyword.WSBuiltInKeywords$verifyResponseStatusCode$0.call(Unknown Source)
	at TC_UpdateBuilding.run(TC_UpdateBuilding:66)
	at com.kms.katalon.core.main.ScriptEngine.run(ScriptEngine.java:194)
	at com.kms.katalon.core.main.ScriptEngine.runScriptAsRawText(ScriptEngine.java:119)
	at com.kms.katalon.core.main.TestCaseExecutor.runScript(TestCaseExecutor.java:445)
	at com.kms.katalon.core.main.TestCaseExecutor.doExecute(TestCaseExecutor.java:436)
	at com.kms.katalon.core.main.TestCaseExecutor.processExecutionPhase(TestCaseExecutor.java:415)
	at com.kms.katalon.core.main.TestCaseExecutor.accessMainPhase(TestCaseExecutor.java:407)
	at com.kms.katalon.core.main.TestCaseExecutor.execute(TestCaseExecutor.java:284)
	at com.kms.katalon.core.common.CommonExecutor.accessTestCaseMainPhase(CommonExecutor.java:65)
	at com.kms.katalon.core.main.TestSuiteExecutor.accessTestSuiteMainPhase(TestSuiteExecutor.java:144)
	at com.kms.katalon.core.main.TestSuiteExecutor.execute(TestSuiteExecutor.java:106)
	at com.kms.katalon.core.main.TestCaseMain.startTestSuite(TestCaseMain.java:185)
	at com.kms.katalon.core.main.TestCaseMain$startTestSuite$0.call(Unknown Source)
	at TempTestSuite1656676947680.run(TempTestSuite1656676947680.groovy:36)]]></system-err>
      </testcase>
      <testcase name="Test Cases/Admin/TS2_Building Management/TC_Delete Building" time="3.42" classname="Test Cases/Admin/TS2_Building Management/TC_Delete Building" status="PASSED">
         <system-out><![CDATA[2022-07-01 19:04:17 - [TEST_CASE][PASSED] - Test Cases/Admin/TS2_Building Management/TC_Delete Building: Test Cases/Admin/TS2_Building Management/TC_Delete Building

2022-07-01 19:04:18 - [TEST_STEP][PASSED] - dump = admin_BuildingID: null

2022-07-01 19:04:18 - [TEST_STEP][PASSED] - for ([i = 0, i < 3, (i++)]): null

2022-07-01 19:04:18 - [TEST_STEP][PASSED] - if (i == 0): Verify response status code successfully

2022-07-01 19:04:18 - [TEST_STEP][PASSED] - token = "": null

2022-07-01 19:04:18 - [TEST_STEP][PASSED] - rslt = sendRequest(findTestObject("Postman/Admin/Building/Delete")): Send request successfully

2022-07-01 19:04:19 - [MESSAGE][INFO] - HAR: C:\Users\user\git\sewakantor-testing-apiTest\Reports\20220701_190227\AdminFlow\20220701_190227\requests\main\86.har

2022-07-01 19:04:19 - [MESSAGE][PASSED] - Send request successfully

2022-07-01 19:04:19 - [TEST_STEP][PASSED] - verifyResponseStatusCode(rslt, 401): Verify response status code successfully

2022-07-01 19:04:19 - [MESSAGE][PASSED] - Verify response status code successfully

2022-07-01 19:04:19 - [TEST_STEP][PASSED] - if (i == 0): null

2022-07-01 19:04:19 - [TEST_STEP][PASSED] - else if (i == 1): null

2022-07-01 19:04:19 - [TEST_STEP][PASSED] - callTestCase(findTestCase("Admin/Dummy Admin/LoginGetToken"), [:], CONTINUE_ON_FAILURE): Call Test Case 'Test Cases/Admin/Dummy Admin/LoginGetToken' successfully

2022-07-01 19:04:19 - [TEST_CASE][PASSED] - Test Cases/Admin/Dummy Admin/LoginGetToken: Test Cases/Admin/Dummy Admin/LoginGetToken

2022-07-01 19:04:19 - [TEST_STEP][PASSED] - admin_uname = "superadmin": null

2022-07-01 19:04:19 - [TEST_STEP][PASSED] - admin_password = "12345": null

2022-07-01 19:04:19 - [TEST_STEP][PASSED] - rslt = sendRequest(findTestObject("Postman/Admin/Auth/Login")): Send request successfully

2022-07-01 19:04:20 - [MESSAGE][INFO] - HAR: C:\Users\user\git\sewakantor-testing-apiTest\Reports\20220701_190227\AdminFlow\20220701_190227\requests\main\87.har

2022-07-01 19:04:20 - [MESSAGE][PASSED] - Send request successfully

2022-07-01 19:04:20 - [TEST_STEP][PASSED] - slurper = new groovy.json.JsonSlurper(): null

2022-07-01 19:04:20 - [TEST_STEP][PASSED] - result = slurper.parseText(rslt.getResponseBodyContent()): null

2022-07-01 19:04:20 - [TEST_STEP][PASSED] - value = token: null

2022-07-01 19:04:20 - [TEST_STEP][PASSED] - token = value: null

2022-07-01 19:04:20 - [TEST_STEP][PASSED] - println(token): null

2022-07-01 19:04:20 - [MESSAGE][PASSED] - Call Test Case 'Test Cases/Admin/Dummy Admin/LoginGetToken' successfully

2022-07-01 19:04:20 - [TEST_STEP][PASSED] - admin_BuildingID = "0": null

2022-07-01 19:04:20 - [TEST_STEP][PASSED] - rslt = sendRequest(findTestObject("Postman/Admin/Building/Delete")): Send request successfully

2022-07-01 19:04:21 - [MESSAGE][INFO] - HAR: C:\Users\user\git\sewakantor-testing-apiTest\Reports\20220701_190227\AdminFlow\20220701_190227\requests\main\88.har

2022-07-01 19:04:21 - [MESSAGE][PASSED] - Send request successfully

2022-07-01 19:04:21 - [TEST_STEP][PASSED] - verifyResponseStatusCode(rslt, 404): Verify response status code successfully

2022-07-01 19:04:21 - [MESSAGE][PASSED] - Verify response status code successfully

2022-07-01 19:04:21 - [TEST_STEP][PASSED] - verifyElementPropertyValue(rslt, "message", "building not found"): Verify element property value successfully

2022-07-01 19:04:21 - [MESSAGE][PASSED] - Verify element property value successfully

2022-07-01 19:04:21 - [TEST_STEP][PASSED] - admin_BuildingID = dump: null

2022-07-01 19:04:21 - [TEST_STEP][PASSED] - if (i == 0): null]]></system-out>
         <system-err><![CDATA[]]></system-err>
      </testcase>
      <system-out><![CDATA[2022-07-01 19:02:33 - [TEST_SUITE][ERROR] - AdminFlow: Test Cases/Admin/TS4_Complex/TC_Update Complex FAILED.
Reason:
com.kms.katalon.core.exception.KatalonRuntimeException: java.io.FileNotFoundException: C:\Users\user\Downloads\working image.jpg (The system cannot find the file specified)
	at com.kms.katalon.core.testobject.internal.impl.HttpBodyContentReader.fromSource(HttpBodyContentReader.java:71)
	at com.kms.katalon.core.testobject.ObjectRepository.findRequestObject(ObjectRepository.java:460)
	at com.kms.katalon.core.testobject.ObjectRepository.readTestObjectFile(ObjectRepository.java:229)
	at com.kms.katalon.core.testobject.ObjectRepository.findTestObject(ObjectRepository.java:183)
	at com.kms.katalon.core.testobject.ObjectRepository.findTestObject(ObjectRepository.java:136)
	at com.kms.katalon.core.testobject.ObjectRepository$findTestObject.callStatic(Unknown Source)
	at TC_Update Complex.run(TC_Update Complex:34)
	at com.kms.katalon.core.main.ScriptEngine.run(ScriptEngine.java:194)
	at com.kms.katalon.core.main.ScriptEngine.runScriptAsRawText(ScriptEngine.java:119)
	at com.kms.katalon.core.main.TestCaseExecutor.runScript(TestCaseExecutor.java:445)
	at com.kms.katalon.core.main.TestCaseExecutor.doExecute(TestCaseExecutor.java:436)
	at com.kms.katalon.core.main.TestCaseExecutor.processExecutionPhase(TestCaseExecutor.java:415)
	at com.kms.katalon.core.main.TestCaseExecutor.accessMainPhase(TestCaseExecutor.java:407)
	at com.kms.katalon.core.main.TestCaseExecutor.execute(TestCaseExecutor.java:284)
	at com.kms.katalon.core.common.CommonExecutor.accessTestCaseMainPhase(CommonExecutor.java:65)
	at com.kms.katalon.core.main.TestSuiteExecutor.accessTestSuiteMainPhase(TestSuiteExecutor.java:144)
	at com.kms.katalon.core.main.TestSuiteExecutor.execute(TestSuiteExecutor.java:106)
	at com.kms.katalon.core.main.TestCaseMain.startTestSuite(TestCaseMain.java:185)
	at com.kms.katalon.core.main.TestCaseMain$startTestSuite$0.call(Unknown Source)
	at TempTestSuite1656676947680.run(TempTestSuite1656676947680.groovy:36)
Caused by: java.io.FileNotFoundException: C:\Users\user\Downloads\working image.jpg (The system cannot find the file specified)
	at com.kms.katalon.core.testobject.impl.HttpFormDataBodyContent.<init>(HttpFormDataBodyContent.java:44)
	at com.kms.katalon.core.testobject.internal.impl.HttpBodyContentReader.fromSource(HttpBodyContentReader.java:69)
	... 19 more]]></system-out>
      <system-err><![CDATA[2022-07-01 19:02:33 - [TEST_SUITE][ERROR] - AdminFlow: Test Cases/Admin/TS4_Complex/TC_Update Complex FAILED.
Reason:
com.kms.katalon.core.exception.KatalonRuntimeException: java.io.FileNotFoundException: C:\Users\user\Downloads\working image.jpg (The system cannot find the file specified)
	at com.kms.katalon.core.testobject.internal.impl.HttpBodyContentReader.fromSource(HttpBodyContentReader.java:71)
	at com.kms.katalon.core.testobject.ObjectRepository.findRequestObject(ObjectRepository.java:460)
	at com.kms.katalon.core.testobject.ObjectRepository.readTestObjectFile(ObjectRepository.java:229)
	at com.kms.katalon.core.testobject.ObjectRepository.findTestObject(ObjectRepository.java:183)
	at com.kms.katalon.core.testobject.ObjectRepository.findTestObject(ObjectRepository.java:136)
	at com.kms.katalon.core.testobject.ObjectRepository$findTestObject.callStatic(Unknown Source)
	at TC_Update Complex.run(TC_Update Complex:34)
	at com.kms.katalon.core.main.ScriptEngine.run(ScriptEngine.java:194)
	at com.kms.katalon.core.main.ScriptEngine.runScriptAsRawText(ScriptEngine.java:119)
	at com.kms.katalon.core.main.TestCaseExecutor.runScript(TestCaseExecutor.java:445)
	at com.kms.katalon.core.main.TestCaseExecutor.doExecute(TestCaseExecutor.java:436)
	at com.kms.katalon.core.main.TestCaseExecutor.processExecutionPhase(TestCaseExecutor.java:415)
	at com.kms.katalon.core.main.TestCaseExecutor.accessMainPhase(TestCaseExecutor.java:407)
	at com.kms.katalon.core.main.TestCaseExecutor.execute(TestCaseExecutor.java:284)
	at com.kms.katalon.core.common.CommonExecutor.accessTestCaseMainPhase(CommonExecutor.java:65)
	at com.kms.katalon.core.main.TestSuiteExecutor.accessTestSuiteMainPhase(TestSuiteExecutor.java:144)
	at com.kms.katalon.core.main.TestSuiteExecutor.execute(TestSuiteExecutor.java:106)
	at com.kms.katalon.core.main.TestCaseMain.startTestSuite(TestCaseMain.java:185)
	at com.kms.katalon.core.main.TestCaseMain$startTestSuite$0.call(Unknown Source)
	at TempTestSuite1656676947680.run(TempTestSuite1656676947680.groovy:36)
Caused by: java.io.FileNotFoundException: C:\Users\user\Downloads\working image.jpg (The system cannot find the file specified)
	at com.kms.katalon.core.testobject.impl.HttpFormDataBodyContent.<init>(HttpFormDataBodyContent.java:44)
	at com.kms.katalon.core.testobject.internal.impl.HttpBodyContentReader.fromSource(HttpBodyContentReader.java:69)
	... 19 more]]></system-err>
   </testsuite>
</testsuites>
